{"numFailedTestSuites":2,"numFailedTests":0,"numPassedTestSuites":1,"numPassedTests":2,"numPendingTestSuites":0,"numPendingTests":0,"numRuntimeErrorTestSuites":2,"numTodoTests":0,"numTotalTestSuites":3,"numTotalTests":2,"openHandles":[],"snapshot":{"added":0,"didUpdate":false,"failure":false,"filesAdded":0,"filesRemoved":0,"filesRemovedList":[],"filesUnmatched":0,"filesUpdated":0,"matched":0,"total":0,"unchecked":0,"uncheckedKeysByFile":[],"unmatched":0,"updated":0},"startTime":1773846366530,"success":false,"testResults":[{"assertionResults":[{"ancestorTitles":["TranscriptionService"],"failureMessages":[],"fullName":"TranscriptionService should successfully fallback to audioPipeline and call transcribeRecording without throwing 'is not a function'","location":null,"status":"passed","title":"should successfully fallback to audioPipeline and call transcribeRecording without throwing 'is not a function'"},{"ancestorTitles":["TranscriptionService"],"failureMessages":[],"fullName":"TranscriptionService should handle missing transcribeRecording gracefully by logging and recovering if possible","location":null,"status":"passed","title":"should handle missing transcribeRecording gracefully by logging and recovering if possible"}],"endTime":1773846367148,"message":"","name":"C:\\Users\\user\\new\\audioRecorder\\server\\tests\\transcription.test.js","startTime":1773846366644,"status":"passed","summary":""},{"assertionResults":[],"coverage":{},"endTime":1773846367468,"message":"  \u001b[1m● \u001b[22mTest suite failed to run\n\n    Cannot find module 'sqlite'\n    Require stack:\n    - C:\\Users\\user\\new\\audioRecorder\\node_modules\\jest-runtime\\build\\index.js\n    - C:\\Users\\user\\new\\audioRecorder\\node_modules\\@jest\\core\\build\\cli\\index.js\n    - C:\\Users\\user\\new\\audioRecorder\\node_modules\\@jest\\core\\build\\jest.js\n    - C:\\Users\\user\\new\\audioRecorder\\node_modules\\jest-cli\\build\\cli\\index.js\n    - C:\\Users\\user\\new\\audioRecorder\\node_modules\\jest-cli\\build\\index.js\n    - C:\\Users\\user\\new\\audioRecorder\\node_modules\\jest-cli\\bin\\jest.js\n    - C:\\Users\\user\\new\\audioRecorder\\node_modules\\jest\\bin\\jest.js\n\n    Require stack:\n      node_modules/jest-runtime/build/index.js\n      node_modules/@jest/core/build/cli/index.js\n      node_modules/@jest/core/build/jest.js\n      node_modules/jest-cli/build/cli/index.js\n      node_modules/jest-cli/build/index.js\n      node_modules/jest-cli/bin/jest.js\n      node_modules/jest/bin/jest.js\n\n      \u001b[2mat Runtime._requireCoreModule (\u001b[22mnode_modules/jest-runtime/build/index.js\u001b[2m:1772:12)\u001b[22m\n      \u001b[2mat eval (eval at Object.<anonymous> (\u001b[22mserver/database.js\u001b[2m:4:26), <anonymous>:1:1)\u001b[22m\n      \u001b[2mat Object.<anonymous> (\u001b[22mserver/database.js\u001b[2m:4:26)\u001b[22m\n      \u001b[2mat Object.<anonymous> (\u001b[22mserver/index.js\u001b[2m:12:25)\u001b[22m\n      \u001b[2mat Object.<anonymous> (\u001b[22m\u001b[0m\u001b[36mserver/tests/security.test.js\u001b[39m\u001b[0m\u001b[2m:1:37)\u001b[22m\n","name":"C:\\Users\\user\\new\\audioRecorder\\server\\tests\\security.test.js","startTime":1773846367468,"status":"failed","summary":""},{"assertionResults":[],"coverage":{},"endTime":1773846367468,"message":"  \u001b[1m● \u001b[22mTest suite failed to run\n\n    Cannot find module 'sqlite'\n    Require stack:\n    - C:\\Users\\user\\new\\audioRecorder\\node_modules\\jest-runtime\\build\\index.js\n    - C:\\Users\\user\\new\\audioRecorder\\node_modules\\@jest\\core\\build\\cli\\index.js\n    - C:\\Users\\user\\new\\audioRecorder\\node_modules\\@jest\\core\\build\\jest.js\n    - C:\\Users\\user\\new\\audioRecorder\\node_modules\\jest-cli\\build\\cli\\index.js\n    - C:\\Users\\user\\new\\audioRecorder\\node_modules\\jest-cli\\build\\index.js\n    - C:\\Users\\user\\new\\audioRecorder\\node_modules\\jest-cli\\bin\\jest.js\n    - C:\\Users\\user\\new\\audioRecorder\\node_modules\\jest\\bin\\jest.js\n\n    Require stack:\n      node_modules/jest-runtime/build/index.js\n      node_modules/@jest/core/build/cli/index.js\n      node_modules/@jest/core/build/jest.js\n      node_modules/jest-cli/build/cli/index.js\n      node_modules/jest-cli/build/index.js\n      node_modules/jest-cli/bin/jest.js\n      node_modules/jest/bin/jest.js\n\n      \u001b[2mat Runtime._requireCoreModule (\u001b[22mnode_modules/jest-runtime/build/index.js\u001b[2m:1772:12)\u001b[22m\n      \u001b[2mat eval (eval at Object.<anonymous> (\u001b[22mserver/database.js\u001b[2m:4:26), <anonymous>:1:1)\u001b[22m\n      \u001b[2mat Object.<anonymous> (\u001b[22mserver/database.js\u001b[2m:4:26)\u001b[22m\n      \u001b[2mat Object.<anonymous> (\u001b[22m\u001b[0m\u001b[36mserver/tests/auth.test.js\u001b[39m\u001b[0m\u001b[2m:1:26)\u001b[22m\n      \u001b[2mat TestScheduler.scheduleTests (\u001b[22mnode_modules/@jest/core/build/TestScheduler.js\u001b[2m:333:13)\u001b[22m\n      \u001b[2mat runJest (\u001b[22mnode_modules/@jest/core/build/runJest.js\u001b[2m:404:19)\u001b[22m\n      \u001b[2mat _run10000 (\u001b[22mnode_modules/@jest/core/build/cli/index.js\u001b[2m:320:7)\u001b[22m\n      \u001b[2mat runCLI (\u001b[22mnode_modules/@jest/core/build/cli/index.js\u001b[2m:173:3)\u001b[22m\n","name":"C:\\Users\\user\\new\\audioRecorder\\server\\tests\\auth.test.js","startTime":1773846367468,"status":"failed","summary":""}],"wasInterrupted":false}