{"numFailedTestSuites":3,"numFailedTests":8,"numPassedTestSuites":20,"numPassedTests":83,"numPendingTestSuites":0,"numPendingTests":0,"numRuntimeErrorTestSuites":0,"numTodoTests":0,"numTotalTestSuites":23,"numTotalTests":91,"openHandles":[],"snapshot":{"added":0,"didUpdate":false,"failure":false,"filesAdded":0,"filesRemoved":0,"filesRemovedList":[],"filesUnmatched":0,"filesUpdated":0,"matched":0,"total":0,"unchecked":0,"uncheckedKeysByFile":[],"unmatched":0,"updated":0},"startTime":1773916130567,"success":false,"testResults":[{"assertionResults":[{"ancestorTitles":["extended tasks functions"],"failureMessages":[],"fullName":"extended tasks functions normalization functions","location":null,"status":"passed","title":"normalization functions"},{"ancestorTitles":["extended tasks functions"],"failureMessages":[],"fullName":"extended tasks functions creation functions","location":null,"status":"passed","title":"creation functions"},{"ancestorTitles":["extended tasks functions"],"failureMessages":[],"fullName":"extended tasks functions dependency details","location":null,"status":"passed","title":"dependency details"},{"ancestorTitles":["extended tasks functions"],"failureMessages":[],"fullName":"extended tasks functions validation functions","location":null,"status":"passed","title":"validation functions"},{"ancestorTitles":["extended tasks functions"],"failureMessages":[],"fullName":"extended tasks functions sla and notifications","location":null,"status":"passed","title":"sla and notifications"},{"ancestorTitles":["extended tasks functions"],"failureMessages":[],"fullName":"extended tasks functions order functions","location":null,"status":"passed","title":"order functions"},{"ancestorTitles":["extended tasks functions"],"failureMessages":[],"fullName":"extended tasks functions change history build","location":null,"status":"passed","title":"change history build"},{"ancestorTitles":["extended tasks functions"],"failureMessages":[],"fullName":"extended tasks functions assignee summary","location":null,"status":"passed","title":"assignee summary"},{"ancestorTitles":["extended tasks functions"],"failureMessages":["Error: \u001b[2mexpect(\u001b[22m\u001b[31mreceived\u001b[39m\u001b[2m).\u001b[22mtoEqual\u001b[2m(\u001b[22m\u001b[32mexpected\u001b[39m\u001b[2m) // deep equality\u001b[22m\n\n\u001b[32m- Expected  - 0\u001b[39m\n\u001b[31m+ Received  + 4\u001b[39m\n\n\u001b[33m@@ -3,28 +3,32 @@\u001b[39m\n\u001b[2m      \"color\": \"#5a92ff\",\u001b[22m\n\u001b[2m      \"id\": \"todo\",\u001b[22m\n\u001b[2m      \"isDone\": false,\u001b[22m\n\u001b[2m      \"label\": \"Do zrobienia\",\u001b[22m\n\u001b[2m      \"system\": true,\u001b[22m\n\u001b[31m+     \"wipLimit\": null,\u001b[39m\n\u001b[2m    },\u001b[22m\n\u001b[2m    Object {\u001b[22m\n\u001b[2m      \"color\": \"#8a6bff\",\u001b[22m\n\u001b[2m      \"id\": \"in_progress\",\u001b[22m\n\u001b[2m      \"isDone\": false,\u001b[22m\n\u001b[2m      \"label\": \"W toku\",\u001b[22m\n\u001b[2m      \"system\": true,\u001b[22m\n\u001b[31m+     \"wipLimit\": null,\u001b[39m\n\u001b[2m    },\u001b[22m\n\u001b[2m    Object {\u001b[22m\n\u001b[2m      \"color\": \"#f3ca72\",\u001b[22m\n\u001b[2m      \"id\": \"waiting\",\u001b[22m\n\u001b[2m      \"isDone\": false,\u001b[22m\n\u001b[2m      \"label\": \"Oczekuje\",\u001b[22m\n\u001b[2m      \"system\": true,\u001b[22m\n\u001b[31m+     \"wipLimit\": null,\u001b[39m\n\u001b[2m    },\u001b[22m\n\u001b[2m    Object {\u001b[22m\n\u001b[2m      \"color\": \"#67d59f\",\u001b[22m\n\u001b[2m      \"id\": \"done\",\u001b[22m\n\u001b[2m      \"isDone\": true,\u001b[22m\n\u001b[2m      \"label\": \"Zakonczone\",\u001b[22m\n\u001b[2m      \"system\": true,\u001b[22m\n\u001b[31m+     \"wipLimit\": null,\u001b[39m\n\u001b[2m    },\u001b[22m\n\u001b[2m  ]\u001b[22m\n    at Object.<anonymous> (C:\\Users\\user\\new\\audioRecorder\\src\\lib\\tasks2.test.js:88:49)\n    at Promise.then.completed (C:\\Users\\user\\new\\audioRecorder\\node_modules\\jest-circus\\build\\utils.js:391:28)\n    at new Promise (<anonymous>)\n    at callAsyncCircusFn (C:\\Users\\user\\new\\audioRecorder\\node_modules\\jest-circus\\build\\utils.js:316:10)\n    at _callCircusTest (C:\\Users\\user\\new\\audioRecorder\\node_modules\\jest-circus\\build\\run.js:218:40)\n    at processTicksAndRejections (node:internal/process/task_queues:104:5)\n    at _runTest (C:\\Users\\user\\new\\audioRecorder\\node_modules\\jest-circus\\build\\run.js:155:3)\n    at _runTestsForDescribeBlock (C:\\Users\\user\\new\\audioRecorder\\node_modules\\jest-circus\\build\\run.js:66:9)\n    at _runTestsForDescribeBlock (C:\\Users\\user\\new\\audioRecorder\\node_modules\\jest-circus\\build\\run.js:60:9)\n    at run (C:\\Users\\user\\new\\audioRecorder\\node_modules\\jest-circus\\build\\run.js:25:3)\n    at runAndTransformResultsToJestFormat (C:\\Users\\user\\new\\audioRecorder\\node_modules\\jest-circus\\build\\legacy-code-todo-rewrite\\jestAdapterInit.js:170:21)\n    at jestAdapter (C:\\Users\\user\\new\\audioRecorder\\node_modules\\jest-circus\\build\\legacy-code-todo-rewrite\\jestAdapter.js:82:19)\n    at runTestInternal (C:\\Users\\user\\new\\audioRecorder\\node_modules\\jest-runner\\build\\runTest.js:389:16)\n    at runTest (C:\\Users\\user\\new\\audioRecorder\\node_modules\\jest-runner\\build\\runTest.js:475:34)\n    at Object.worker (C:\\Users\\user\\new\\audioRecorder\\node_modules\\jest-runner\\build\\testWorker.js:133:12)"],"fullName":"extended tasks functions columns","location":null,"status":"failed","title":"columns"}],"endTime":1773916135300,"message":"\u001b[1m\u001b[31m  \u001b[1m● \u001b[22m\u001b[1mextended tasks functions › columns\u001b[39m\u001b[22m\n\n    \u001b[2mexpect(\u001b[22m\u001b[31mreceived\u001b[39m\u001b[2m).\u001b[22mtoEqual\u001b[2m(\u001b[22m\u001b[32mexpected\u001b[39m\u001b[2m) // deep equality\u001b[22m\n\n    \u001b[32m- Expected  - 0\u001b[39m\n    \u001b[31m+ Received  + 4\u001b[39m\n\n    \u001b[33m@@ -3,28 +3,32 @@\u001b[39m\n    \u001b[2m      \"color\": \"#5a92ff\",\u001b[22m\n    \u001b[2m      \"id\": \"todo\",\u001b[22m\n    \u001b[2m      \"isDone\": false,\u001b[22m\n    \u001b[2m      \"label\": \"Do zrobienia\",\u001b[22m\n    \u001b[2m      \"system\": true,\u001b[22m\n    \u001b[31m+     \"wipLimit\": null,\u001b[39m\n    \u001b[2m    },\u001b[22m\n    \u001b[2m    Object {\u001b[22m\n    \u001b[2m      \"color\": \"#8a6bff\",\u001b[22m\n    \u001b[2m      \"id\": \"in_progress\",\u001b[22m\n    \u001b[2m      \"isDone\": false,\u001b[22m\n    \u001b[2m      \"label\": \"W toku\",\u001b[22m\n    \u001b[2m      \"system\": true,\u001b[22m\n    \u001b[31m+     \"wipLimit\": null,\u001b[39m\n    \u001b[2m    },\u001b[22m\n    \u001b[2m    Object {\u001b[22m\n    \u001b[2m      \"color\": \"#f3ca72\",\u001b[22m\n    \u001b[2m      \"id\": \"waiting\",\u001b[22m\n    \u001b[2m      \"isDone\": false,\u001b[22m\n    \u001b[2m      \"label\": \"Oczekuje\",\u001b[22m\n    \u001b[2m      \"system\": true,\u001b[22m\n    \u001b[31m+     \"wipLimit\": null,\u001b[39m\n    \u001b[2m    },\u001b[22m\n    \u001b[2m    Object {\u001b[22m\n    \u001b[2m      \"color\": \"#67d59f\",\u001b[22m\n    \u001b[2m      \"id\": \"done\",\u001b[22m\n    \u001b[2m      \"isDone\": true,\u001b[22m\n    \u001b[2m      \"label\": \"Zakonczone\",\u001b[22m\n    \u001b[2m      \"system\": true,\u001b[22m\n    \u001b[31m+     \"wipLimit\": null,\u001b[39m\n    \u001b[2m    },\u001b[22m\n    \u001b[2m  ]\u001b[22m\n\u001b[2m\u001b[22m\n\u001b[2m    \u001b[0m \u001b[90m 86 |\u001b[39m\u001b[22m\n\u001b[2m     \u001b[90m 87 |\u001b[39m   test(\u001b[32m\"columns\"\u001b[39m\u001b[33m,\u001b[39m () \u001b[33m=>\u001b[39m {\u001b[22m\n\u001b[2m    \u001b[31m\u001b[1m>\u001b[22m\u001b[2m\u001b[39m\u001b[90m 88 |\u001b[39m     expect(buildTaskColumns({}\u001b[33m,\u001b[39m \u001b[32m\"workspace_1\"\u001b[39m))\u001b[33m.\u001b[39mtoEqual(\u001b[33mDEFAULT_TASK_COLUMNS\u001b[39m)\u001b[33m;\u001b[39m\u001b[22m\n\u001b[2m     \u001b[90m    |\u001b[39m                                                 \u001b[31m\u001b[1m^\u001b[22m\u001b[2m\u001b[39m\u001b[22m\n\u001b[2m     \u001b[90m 89 |\u001b[39m     \u001b[36mconst\u001b[39m newBoard \u001b[33m=\u001b[39m createTaskColumn({}\u001b[33m,\u001b[39m \u001b[32m\"workspace_1\"\u001b[39m\u001b[33m,\u001b[39m { label\u001b[33m:\u001b[39m \u001b[32m\"Nowa kolumna\"\u001b[39m })\u001b[33m;\u001b[39m\u001b[22m\n\u001b[2m     \u001b[90m 90 |\u001b[39m     expect(newBoard[\u001b[32m\"workspace_1\"\u001b[39m]\u001b[33m.\u001b[39mcolumns\u001b[33m.\u001b[39mlength)\u001b[33m.\u001b[39mtoBeGreaterThan(\u001b[33mDEFAULT_TASK_COLUMNS\u001b[39m\u001b[33m.\u001b[39mlength)\u001b[33m;\u001b[39m\u001b[22m\n\u001b[2m     \u001b[90m 91 |\u001b[39m   })\u001b[33m;\u001b[39m\u001b[0m\u001b[22m\n\u001b[2m\u001b[22m\n\u001b[2m      \u001b[2mat Object.<anonymous> (\u001b[22m\u001b[2m\u001b[0m\u001b[36msrc/lib/tasks2.test.js\u001b[39m\u001b[0m\u001b[2m:88:49)\u001b[22m\u001b[2m\u001b[22m\n","name":"C:\\Users\\user\\new\\audioRecorder\\src\\lib\\tasks2.test.js","startTime":1773916133069,"status":"failed","summary":""},{"assertionResults":[{"ancestorTitles":["auth flows"],"failureMessages":[],"fullName":"auth flows registers a user and creates a workspace","location":null,"status":"passed","title":"registers a user and creates a workspace"},{"ancestorTitles":["auth flows"],"failureMessages":[],"fullName":"auth flows joins an existing workspace and can log in to it","location":null,"status":"passed","title":"joins an existing workspace and can log in to it"},{"ancestorTitles":["auth flows"],"failureMessages":[],"fullName":"auth flows resets password with a recovery code","location":null,"status":"passed","title":"resets password with a recovery code"}],"endTime":1773916135757,"message":"","name":"C:\\Users\\user\\new\\audioRecorder\\src\\lib\\auth.test.js","startTime":1773916133365,"status":"passed","summary":""},{"assertionResults":[{"ancestorTitles":["analysis"],"failureMessages":[],"fullName":"analysis runs analyzePersonProfile with local fallback","location":null,"status":"passed","title":"runs analyzePersonProfile with local fallback"},{"ancestorTitles":["analysis"],"failureMessages":[],"fullName":"analysis runs analyzeMeeting with local fallback","location":null,"status":"passed","title":"runs analyzeMeeting with local fallback"},{"ancestorTitles":["analysis"],"failureMessages":[],"fullName":"analysis runs analyzeMeeting with no segments","location":null,"status":"passed","title":"runs analyzeMeeting with no segments"}],"endTime":1773916135881,"message":"","name":"C:\\Users\\user\\new\\audioRecorder\\src\\lib\\analysis.test.js","startTime":1773916135362,"status":"passed","summary":""},{"assertionResults":[{"ancestorTitles":["diarization"],"failureMessages":[],"fullName":"diarization summarizeSpectrum calculates fields correctly","location":null,"status":"passed","title":"summarizeSpectrum calculates fields correctly"},{"ancestorTitles":["diarization"],"failureMessages":[],"fullName":"diarization summarizeSpectrum handles empty data","location":null,"status":"passed","title":"summarizeSpectrum handles empty data"},{"ancestorTitles":["diarization"],"failureMessages":[],"fullName":"diarization signatureAroundTimestamp finds correct signature","location":null,"status":"passed","title":"signatureAroundTimestamp finds correct signature"},{"ancestorTitles":["diarization"],"failureMessages":[],"fullName":"diarization diarizeSegments processes empty list","location":null,"status":"passed","title":"diarizeSegments processes empty list"},{"ancestorTitles":["diarization"],"failureMessages":[],"fullName":"diarization diarizeSegments processes valid segments","location":null,"status":"passed","title":"diarizeSegments processes valid segments"},{"ancestorTitles":["diarization"],"failureMessages":[],"fullName":"diarization verifyRecognizedSegments assigns scores and statuses","location":null,"status":"passed","title":"verifyRecognizedSegments assigns scores and statuses"}],"endTime":1773916135911,"message":"","name":"C:\\Users\\user\\new\\audioRecorder\\src\\lib\\diarization.test.js","startTime":1773916133429,"status":"passed","summary":""},{"assertionResults":[{"ancestorTitles":["recordingQueue helpers"],"failureMessages":[],"fullName":"recordingQueue helpers normalizes completed to done","location":null,"status":"passed","title":"normalizes completed to done"},{"ancestorTitles":["recordingQueue helpers"],"failureMessages":[],"fullName":"recordingQueue helpers updates queue item state and keeps meeting filters working","location":null,"status":"passed","title":"updates queue item state and keeps meeting filters working"},{"ancestorTitles":["recordingQueue helpers"],"failureMessages":[],"fullName":"recordingQueue helpers resolveMeetingForQueueItem uses fresh meetings over stale snapshot","location":null,"status":"passed","title":"resolveMeetingForQueueItem uses fresh meetings over stale snapshot"},{"ancestorTitles":["recordingQueue helpers"],"failureMessages":[],"fullName":"recordingQueue helpers returns the next processable pending item based on a predicate","location":null,"status":"passed","title":"returns the next processable pending item based on a predicate"}],"endTime":1773916136334,"message":"","name":"C:\\Users\\user\\new\\audioRecorder\\src\\lib\\recordingQueue.test.js","startTime":1773916135850,"status":"passed","summary":""},{"assertionResults":[{"ancestorTitles":["tasks helpers"],"failureMessages":[],"fullName":"tasks helpers creates a manual task with advanced task metadata","location":null,"status":"passed","title":"creates a manual task with advanced task metadata"},{"ancestorTitles":["tasks helpers"],"failureMessages":[],"fullName":"tasks helpers builds reorder payload between neighboring tasks","location":null,"status":"passed","title":"builds reorder payload between neighboring tasks"},{"ancestorTitles":["tasks helpers"],"failureMessages":[],"fullName":"tasks helpers calculates the next recurring due date","location":null,"status":"passed","title":"calculates the next recurring due date"},{"ancestorTitles":["tasks helpers"],"failureMessages":[],"fullName":"tasks helpers upsertGoogleImportedTasks returns merged array and conflictCount=0 when no conflicts","location":null,"status":"passed","title":"upsertGoogleImportedTasks returns merged array and conflictCount=0 when no conflicts"},{"ancestorTitles":["tasks helpers"],"failureMessages":[],"fullName":"tasks helpers upsertGoogleImportedTasks returns conflictCount>0 when local and remote diverge","location":null,"status":"passed","title":"upsertGoogleImportedTasks returns conflictCount>0 when local and remote diverge"}],"endTime":1773916136352,"message":"","name":"C:\\Users\\user\\new\\audioRecorder\\src\\lib\\tasks.test.js","startTime":1773916136011,"status":"passed","summary":""},{"assertionResults":[{"ancestorTitles":["activityFeed helpers"],"failureMessages":[],"fullName":"activityFeed helpers picks the latest task activity entry","location":null,"status":"passed","title":"picks the latest task activity entry"},{"ancestorTitles":["activityFeed helpers"],"failureMessages":[],"fullName":"activityFeed helpers builds a combined workspace feed sorted from newest to oldest","location":null,"status":"passed","title":"builds a combined workspace feed sorted from newest to oldest"}],"endTime":1773916136340,"message":"","name":"C:\\Users\\user\\new\\audioRecorder\\src\\lib\\activityFeed.test.js","startTime":1773916133557,"status":"passed","summary":""},{"assertionResults":[{"ancestorTitles":["export helpers"],"failureMessages":[],"fullName":"export helpers builds meeting notes with key sections","location":null,"status":"passed","title":"builds meeting notes with key sections"},{"ancestorTitles":["export helpers"],"failureMessages":[],"fullName":"export helpers slugifies export titles and falls back safely","location":null,"status":"passed","title":"slugifies export titles and falls back safely"}],"endTime":1773916136474,"message":"","name":"C:\\Users\\user\\new\\audioRecorder\\src\\lib\\export.test.js","startTime":1773916136082,"status":"passed","summary":""},{"assertionResults":[{"ancestorTitles":["workspace helpers"],"failureMessages":[],"fullName":"workspace helpers migrates legacy data to workspace-based storage","location":null,"status":"passed","title":"migrates legacy data to workspace-based storage"},{"ancestorTitles":["workspace helpers"],"failureMessages":[],"fullName":"workspace helpers resolves preferred workspace only when the user belongs to it","location":null,"status":"passed","title":"resolves preferred workspace only when the user belongs to it"},{"ancestorTitles":["workspace helpers"],"failureMessages":[],"fullName":"workspace helpers lists workspace members","location":null,"status":"passed","title":"lists workspace members"},{"ancestorTitles":["workspace helpers"],"failureMessages":[],"fullName":"workspace helpers returns workspace member roles with owner fallback","location":null,"status":"passed","title":"returns workspace member roles with owner fallback"}],"endTime":1773916136716,"message":"","name":"C:\\Users\\user\\new\\audioRecorder\\src\\lib\\workspace.test.js","startTime":1773916136370,"status":"passed","summary":""},{"assertionResults":[{"ancestorTitles":["workspace KPI dashboard"],"failureMessages":[],"fullName":"workspace KPI dashboard builds KPI totals and trend points for meetings and tasks","location":null,"status":"passed","title":"builds KPI totals and trend points for meetings and tasks"}],"endTime":1773916136756,"message":"","name":"C:\\Users\\user\\new\\audioRecorder\\src\\lib\\kpi.test.js","startTime":1773916136384,"status":"passed","summary":""},{"assertionResults":[{"ancestorTitles":["workspace permissions"],"failureMessages":[],"fullName":"workspace permissions normalizes unknown roles to member","location":null,"status":"passed","title":"normalizes unknown roles to member"},{"ancestorTitles":["workspace permissions"],"failureMessages":[],"fullName":"workspace permissions returns read-only permissions for viewer","location":null,"status":"passed","title":"returns read-only permissions for viewer"},{"ancestorTitles":["workspace permissions"],"failureMessages":[],"fullName":"workspace permissions returns management permissions for owner","location":null,"status":"passed","title":"returns management permissions for owner"}],"endTime":1773916136805,"message":"","name":"C:\\Users\\user\\new\\audioRecorder\\src\\lib\\permissions.test.js","startTime":1773916136393,"status":"passed","summary":""},{"assertionResults":[{"ancestorTitles":["googleSync helpers"],"failureMessages":[],"fullName":"googleSync helpers detects a Google Task conflict when local and remote diverged","location":null,"status":"passed","title":"detects a Google Task conflict when local and remote diverged"},{"ancestorTitles":["googleSync helpers"],"failureMessages":[],"fullName":"googleSync helpers treats matching Google Task snapshots as equal","location":null,"status":"passed","title":"treats matching Google Task snapshots as equal"},{"ancestorTitles":["googleSync helpers"],"failureMessages":[],"fullName":"googleSync helpers creates a calendar sync conflict when local and remote event changed after sync","location":null,"status":"passed","title":"creates a calendar sync conflict when local and remote event changed after sync"},{"ancestorTitles":["googleSync helpers"],"failureMessages":[],"fullName":"googleSync helpers task-event snapshot has endsAt = startsAt + 1h when endsAt not provided","location":null,"status":"passed","title":"task-event snapshot has endsAt = startsAt + 1h when endsAt not provided"},{"ancestorTitles":["googleSync helpers"],"failureMessages":[],"fullName":"googleSync helpers task-event snapshot respects explicit endsAt when provided","location":null,"status":"passed","title":"task-event snapshot respects explicit endsAt when provided"}],"endTime":1773916136868,"message":"","name":"C:\\Users\\user\\new\\audioRecorder\\src\\lib\\googleSync.test.js","startTime":1773916136506,"status":"passed","summary":""},{"assertionResults":[{"ancestorTitles":["StudioMeetingView"],"failureMessages":[],"fullName":"StudioMeetingView renders without crashing","location":null,"status":"passed","title":"renders without crashing"},{"ancestorTitles":["StudioMeetingView"],"failureMessages":[],"fullName":"StudioMeetingView renders the player bar when there is a message or recording","location":null,"status":"passed","title":"renders the player bar when there is a message or recording"}],"endTime":1773916137406,"message":"","name":"C:\\Users\\user\\new\\audioRecorder\\src\\studio\\StudioMeetingView.test.js","startTime":1773916133321,"status":"passed","summary":""},{"assertionResults":[{"ancestorTitles":["useWorkspaceData hook"],"failureMessages":[],"fullName":"useWorkspaceData hook should initialize with default states","location":null,"status":"passed","title":"should initialize with default states"},{"ancestorTitles":["useWorkspaceData hook"],"failureMessages":[],"fullName":"useWorkspaceData hook applies remote workspace state correctly and triggers provided setters including setVocabulary","location":null,"status":"passed","title":"applies remote workspace state correctly and triggers provided setters including setVocabulary"}],"endTime":1773916137505,"message":"","name":"C:\\Users\\user\\new\\audioRecorder\\src\\hooks\\useWorkspaceData.test.js","startTime":1773916133421,"status":"passed","summary":""},{"assertionResults":[{"ancestorTitles":["ProfileTab"],"failureMessages":[],"fullName":"ProfileTab renders profile information correctly","location":null,"status":"passed","title":"renders profile information correctly"},{"ancestorTitles":["ProfileTab"],"failureMessages":[],"fullName":"ProfileTab calls onToggleTheme when theme button is clicked","location":null,"status":"passed","title":"calls onToggleTheme when theme button is clicked"},{"ancestorTitles":["ProfileTab"],"failureMessages":[],"fullName":"ProfileTab renames a tag in the tag manager","location":null,"status":"passed","title":"renames a tag in the tag manager"},{"ancestorTitles":["ProfileTab"],"failureMessages":[],"fullName":"ProfileTab adds a term to vocabulary","location":null,"status":"passed","title":"adds a term to vocabulary"},{"ancestorTitles":["ProfileTab"],"failureMessages":[],"fullName":"ProfileTab calls onLogout when logout button is clicked","location":null,"status":"passed","title":"calls onLogout when logout button is clicked"}],"endTime":1773916137865,"message":"","name":"C:\\Users\\user\\new\\audioRecorder\\src\\ProfileTab.test.js","startTime":1773916133249,"status":"passed","summary":""},{"assertionResults":[{"ancestorTitles":[],"failureMessages":[],"fullName":"renders meeting intelligence screen","location":null,"status":"passed","title":"renders meeting intelligence screen"}],"endTime":1773916138088,"message":"","name":"C:\\Users\\user\\new\\audioRecorder\\src\\App.test.js","startTime":1773916133457,"status":"passed","summary":""},{"assertionResults":[{"ancestorTitles":["RecordingsTab"],"failureMessages":[],"fullName":"RecordingsTab renders empty state when no meetings are provided","location":null,"status":"passed","title":"renders empty state when no meetings are provided"},{"ancestorTitles":["RecordingsTab"],"failureMessages":[],"fullName":"RecordingsTab renders list of meetings and recordings","location":null,"status":"passed","title":"renders list of meetings and recordings"},{"ancestorTitles":["RecordingsTab"],"failureMessages":[],"fullName":"RecordingsTab calls selectMeeting and setActiveTab when a meeting is clicked in the table","location":null,"status":"passed","title":"calls selectMeeting and setActiveTab when a meeting is clicked in the table"},{"ancestorTitles":["RecordingsTab"],"failureMessages":[],"fullName":"RecordingsTab opens meeting picker and filters results","location":null,"status":"passed","title":"opens meeting picker and filters results"}],"endTime":1773916138313,"message":"","name":"C:\\Users\\user\\new\\audioRecorder\\src\\RecordingsTab.test.js","startTime":1773916133345,"status":"passed","summary":""},{"assertionResults":[{"ancestorTitles":["PeopleTab"],"failureMessages":[],"fullName":"PeopleTab renders profile sidebar and selected person details","location":null,"status":"passed","title":"renders profile sidebar and selected person details"},{"ancestorTitles":["PeopleTab"],"failureMessages":[],"fullName":"PeopleTab filters people list by search query","location":null,"status":"passed","title":"filters people list by search query"},{"ancestorTitles":["PeopleTab"],"failureMessages":[],"fullName":"PeopleTab switches between people when sidebar item is clicked","location":null,"status":"passed","title":"switches between people when sidebar item is clicked"},{"ancestorTitles":["PeopleTab"],"failureMessages":[],"fullName":"PeopleTab adds a new need for the selected person","location":null,"status":"passed","title":"adds a new need for the selected person"},{"ancestorTitles":["PeopleTab"],"failureMessages":[],"fullName":"PeopleTab calls onOpenMeeting when history item is clicked","location":null,"status":"passed","title":"calls onOpenMeeting when history item is clicked"}],"endTime":1773916139744,"message":"","name":"C:\\Users\\user\\new\\audioRecorder\\src\\PeopleTab.test.js","startTime":1773916133378,"status":"passed","summary":""},{"assertionResults":[{"ancestorTitles":["NotesTab"],"failureMessages":[],"fullName":"NotesTab renders empty state","location":null,"status":"passed","title":"renders empty state"},{"ancestorTitles":["NotesTab"],"failureMessages":["Error: \u001b[2mexpect(\u001b[22m\u001b[31melement\u001b[39m\u001b[2m).not.toBeInTheDocument()\u001b[22m\n\n\u001b[31mexpected document not to contain element, found <h2>Spotkanie zespołu</h2> instead\u001b[39m\n    at Object.<anonymous> (C:\\Users\\user\\new\\audioRecorder\\src\\NotesTab.test.js:65:57)\n    at processTicksAndRejections (node:internal/process/task_queues:104:5)"],"fullName":"NotesTab renders list of notes and allows filtering, grouping and selecting","location":null,"status":"failed","title":"renders list of notes and allows filtering, grouping and selecting"}],"endTime":1773916139983,"message":"\u001b[1m\u001b[31m  \u001b[1m● \u001b[22m\u001b[1mNotesTab › renders list of notes and allows filtering, grouping and selecting\u001b[39m\u001b[22m\n\n    \u001b[2mexpect(\u001b[22m\u001b[31melement\u001b[39m\u001b[2m).not.toBeInTheDocument()\u001b[22m\n\n    \u001b[31mexpected document not to contain element, found <h2>Spotkanie zespołu</h2> instead\u001b[39m\n\u001b[2m\u001b[22m\n\u001b[2m    \u001b[0m \u001b[90m 63 |\u001b[39m     \u001b[90m// Search\u001b[39m\u001b[22m\n\u001b[2m     \u001b[90m 64 |\u001b[39m     \u001b[36mawait\u001b[39m userEvent\u001b[33m.\u001b[39mtype(screen\u001b[33m.\u001b[39mgetByPlaceholderText(\u001b[32m\"Szukaj w notatkach…\"\u001b[39m)\u001b[33m,\u001b[39m \u001b[32m\"klientem\"\u001b[39m)\u001b[33m;\u001b[39m\u001b[22m\n\u001b[2m    \u001b[31m\u001b[1m>\u001b[22m\u001b[2m\u001b[39m\u001b[90m 65 |\u001b[39m     expect(screen\u001b[33m.\u001b[39mqueryByText(\u001b[32m\"Spotkanie zespołu\"\u001b[39m))\u001b[33m.\u001b[39mnot\u001b[33m.\u001b[39mtoBeInTheDocument()\u001b[33m;\u001b[39m\u001b[22m\n\u001b[2m     \u001b[90m    |\u001b[39m                                                         \u001b[31m\u001b[1m^\u001b[22m\u001b[2m\u001b[39m\u001b[22m\n\u001b[2m     \u001b[90m 66 |\u001b[39m     expect(screen\u001b[33m.\u001b[39mgetByText(\u001b[32m\"Spotkanie z klientem\"\u001b[39m))\u001b[33m.\u001b[39mtoBeInTheDocument()\u001b[33m;\u001b[39m\u001b[22m\n\u001b[2m     \u001b[90m 67 |\u001b[39m\u001b[22m\n\u001b[2m     \u001b[90m 68 |\u001b[39m     \u001b[90m// Clear search\u001b[39m\u001b[0m\u001b[22m\n\u001b[2m\u001b[22m\n\u001b[2m      \u001b[2mat Object.<anonymous> (\u001b[22m\u001b[2m\u001b[0m\u001b[36msrc/NotesTab.test.js\u001b[39m\u001b[0m\u001b[2m:65:57)\u001b[22m\u001b[2m\u001b[22m\n","name":"C:\\Users\\user\\new\\audioRecorder\\src\\NotesTab.test.js","startTime":1773916133346,"status":"failed","summary":""},{"assertionResults":[{"ancestorTitles":["TasksTab"],"failureMessages":[],"fullName":"TasksTab moves a task between kanban columns with drag and drop","location":null,"status":"passed","title":"moves a task between kanban columns with drag and drop"},{"ancestorTitles":["TasksTab"],"failureMessages":[],"fullName":"TasksTab creates a task inside the selected custom group","location":null,"status":"passed","title":"creates a task inside the selected custom group"},{"ancestorTitles":["TasksTab"],"failureMessages":[],"fullName":"TasksTab shows richer smart lists similar to task apps","location":null,"status":"passed","title":"shows richer smart lists similar to task apps"}],"endTime":1773916140603,"message":"","name":"C:\\Users\\user\\new\\audioRecorder\\src\\TasksTab.test.js","startTime":1773916133229,"status":"passed","summary":""},{"assertionResults":[{"ancestorTitles":["TranscriptPanel"],"failureMessages":[],"fullName":"TranscriptPanel renders review queue with verification evidence","location":null,"status":"passed","title":"renders review queue with verification evidence"},{"ancestorTitles":["TranscriptPanel"],"failureMessages":[],"fullName":"TranscriptPanel filters transcript list to review items only","location":null,"status":"passed","title":"filters transcript list to review items only"},{"ancestorTitles":["TranscriptPanel"],"failureMessages":[],"fullName":"TranscriptPanel filters transcript by speaker and low confidence","location":null,"status":"passed","title":"filters transcript by speaker and low confidence"},{"ancestorTitles":["TranscriptPanel"],"failureMessages":[],"fullName":"TranscriptPanel applies speaker change to selected segment range","location":null,"status":"passed","title":"applies speaker change to selected segment range"},{"ancestorTitles":["TranscriptPanel"],"failureMessages":[],"fullName":"TranscriptPanel assigns speaker to segments inside selected audio range","location":null,"status":"passed","title":"assigns speaker to segments inside selected audio range"},{"ancestorTitles":["TranscriptPanel"],"failureMessages":[],"fullName":"TranscriptPanel renders clickable timeline segments","location":null,"status":"passed","title":"renders clickable timeline segments"}],"endTime":1773916141096,"message":"","name":"C:\\Users\\user\\new\\audioRecorder\\src\\studio\\TranscriptPanel.test.js","startTime":1773916133389,"status":"passed","summary":""},{"assertionResults":[{"ancestorTitles":["CalendarTab"],"failureMessages":[],"fullName":"CalendarTab reschedules a task when dragged to another month cell","location":null,"status":"passed","title":"reschedules a task when dragged to another month cell"},{"ancestorTitles":["CalendarTab"],"failureMessages":[],"fullName":"CalendarTab supports filters and switching between month week and day views","location":null,"status":"passed","title":"supports filters and switching between month week and day views"},{"ancestorTitles":["CalendarTab"],"failureMessages":[],"fullName":"CalendarTab updates reminder presets for the selected entry","location":null,"status":"passed","title":"updates reminder presets for the selected entry"}],"endTime":1773916142051,"message":"","name":"C:\\Users\\user\\new\\audioRecorder\\src\\CalendarTab.test.js","startTime":1773916133374,"status":"passed","summary":""},{"assertionResults":[{"ancestorTitles":["App integration"],"failureMessages":[],"fullName":"App integration registers a user and enters the workspace","location":null,"status":"passed","title":"registers a user and enters the workspace"},{"ancestorTitles":["App integration"],"failureMessages":[],"fullName":"App integration resets password end to end and logs in with the new password","location":null,"status":"passed","title":"resets password end to end and logs in with the new password"},{"ancestorTitles":["App integration"],"failureMessages":["Error: Unable to find an element with the text: /Spotkanie A/i. This could be because the text is broken up by multiple elements. In this case, you can provide a function for your text matcher to make your matcher more flexible.\n\nIgnored nodes: comments, script, style\n\u001b[36m<body>\u001b[39m\n  \u001b[36m<div>\u001b[39m\n    \u001b[36m<div\u001b[39m\n      \u001b[33mclass\u001b[39m=\u001b[32m\"app-shell\"\u001b[39m\n    \u001b[36m>\u001b[39m\n      \u001b[36m<div\u001b[39m\n        \u001b[33mclass\u001b[39m=\u001b[32m\"backdrop-orb backdrop-orb-left\"\u001b[39m\n      \u001b[36m/>\u001b[39m\n      \u001b[36m<div\u001b[39m\n        \u001b[33mclass\u001b[39m=\u001b[32m\"backdrop-orb backdrop-orb-right\"\u001b[39m\n      \u001b[36m/>\u001b[39m\n      \u001b[36m<header\u001b[39m\n        \u001b[33mclass\u001b[39m=\u001b[32m\"topbar\"\u001b[39m\n      \u001b[36m>\u001b[39m\n        \u001b[36m<div\u001b[39m\n          \u001b[33mclass\u001b[39m=\u001b[32m\"topbar-title\"\u001b[39m\n        \u001b[36m>\u001b[39m\n          \u001b[36m<div>\u001b[39m\n            \u001b[36m<div\u001b[39m\n              \u001b[33mclass\u001b[39m=\u001b[32m\"eyebrow\"\u001b[39m\n            \u001b[36m>\u001b[39m\n              \u001b[0mVoiceLog OS\u001b[0m\n            \u001b[36m</div>\u001b[39m\n            \u001b[36m<h1>\u001b[39m\n              \u001b[0mMeeting intelligence studio\u001b[0m\n            \u001b[36m</h1>\u001b[39m\n          \u001b[36m</div>\u001b[39m\n          \u001b[36m<div\u001b[39m\n            \u001b[33mclass\u001b[39m=\u001b[32m\"tab-switcher\"\u001b[39m\n          \u001b[36m>\u001b[39m\n            \u001b[36m<button\u001b[39m\n              \u001b[33maria-label\u001b[39m=\u001b[32m\"Wróć do poprzedniej zakładki\"\u001b[39m\n              \u001b[33mclass\u001b[39m=\u001b[32m\"tab-back-btn\"\u001b[39m\n              \u001b[33mtitle\u001b[39m=\u001b[32m\"Cofnij\"\u001b[39m\n              \u001b[33mtype\u001b[39m=\u001b[32m\"button\"\u001b[39m\n            \u001b[36m>\u001b[39m\n              \u001b[0m←\u001b[0m\n            \u001b[36m</button>\u001b[39m\n            \u001b[36m<button\u001b[39m\n              \u001b[33mclass\u001b[39m=\u001b[32m\"tab-pill active\"\u001b[39m\n              \u001b[33mtype\u001b[39m=\u001b[32m\"button\"\u001b[39m\n            \u001b[36m>\u001b[39m\n              \u001b[36m<svg\u001b[39m\n                \u001b[33mfill\u001b[39m=\u001b[32m\"none\"\u001b[39m\n                \u001b[33mheight\u001b[39m=\u001b[32m\"16\"\u001b[39m\n                \u001b[33mstroke\u001b[39m=\u001b[32m\"currentColor\"\u001b[39m\n                \u001b[33mstroke-linecap\u001b[39m=\u001b[32m\"round\"\u001b[39m\n                \u001b[33mstroke-linejoin\u001b[39m=\u001b[32m\"round\"\u001b[39m\n                \u001b[33mstroke-width\u001b[39m=\u001b[32m\"2\"\u001b[39m\n                \u001b[33mviewBox\u001b[39m=\u001b[32m\"0 0 24 24\"\u001b[39m\n                \u001b[33mwidth\u001b[39m=\u001b[32m\"16\"\u001b[39m\n                \u001b[33mxmlns\u001b[39m=\u001b[32m\"http://www.w3.org/2000/svg\"\u001b[39m\n              \u001b[36m>\u001b[39m\n                \u001b[36m<path\u001b[39m\n                  \u001b[33md\u001b[39m=\u001b[32m\"M12 2a3 3 0 0 0-3 3v7a3 3 0 0 0 6 0V5a3 3 0 0 0-3-3Z\"\u001b[39m\n                \u001b[36m/>\u001b[39m\n                \u001b[36m<path\u001b[39m\n                  \u001b[33md\u001b[39m=\u001b[32m\"M19 10v2a7 7 0 0 1-14 0v-2\"\u001b[39m\n                \u001b[36m/>\u001b[39m\n                \u001b[36m<line\u001b[39m\n                  \u001b[33mx1\u001b[39m=\u001b[32m\"12\"\u001b[39m\n                  \u001b[33mx2\u001b[39m=\u001b[32m\"12\"\u001b[39m\n                  \u001b[33my1\u001b[39m=\u001b[32m\"19\"\u001b[39m\n                  \u001b[33my2\u001b[39m=\u001b[32m\"22\"\u001b[39m\n                \u001b[36m/>\u001b[39m\n              \u001b[36m</svg>\u001b[39m\n              \u001b[36m<span>\u001b[39m\n                \u001b[0mStudio\u001b[0m\n              \u001b[36m</span>\u001b[39m\n            \u001b[36m</button>\u001b[39m\n            \u001b[36m<button\u001b[39m\n              \u001b[33mclass\u001b[39m=\u001b[32m\"tab-pill\"\u001b[39m\n              \u001b[33mtype\u001b[39m=\u001b[32m\"button\"\u001b[39m\n            \u001b[36m>\u001b[39m\n              \u001b[36m<svg\u001b[39m\n                \u001b[33mfill\u001b[39m=\u001b[32m\"none\"\u001b[39m\n                \u001b[33mheight\u001b[39m=\u001b[32m\"16\"\u001b[39m\n                \u001b[33mstroke\u001b[39m=\u001b[32m\"currentColor\"\u001b[39m\n                \u001b[33mstroke-linecap\u001b[39m=\u001b[32m\"round\"\u001b[39m\n                \u001b[33mstroke-linejoin\u001b[39m=\u001b[32m\"round\"\u001b[39m\n                \u001b[33mstroke-width\u001b[39m=\u001b[32m\"2\"\u001b[39m\n                \u001b[33mviewBox\u001b[39m=\u001b[32m\"0 0 24 24\"\u001b[39m\n                \u001b[33mwidth\u001b[39m=\u001b[32m\"16\"\u001b[39m\n                \u001b[33mxmlns\u001b[39m=\u001b[32m\"http://www.w3.org/2000/svg\"\u001b[39m\n              \u001b[36m>\u001b[39m\n                \u001b[36m<path\u001b[39m\n                  \u001b[33md\u001b[39m=\u001b[32m\"M22 19V5a2 2 0 0 0-2-2H4a2 2 0 0 0-2 2v14a2 2 0 0 0 2 2h16a2 2 0 0 0 2-2z\"\u001b[39m\n                \u001b[36m/>\u001b[39m\n                \u001b[36m<path\u001b[39m\n                  \u001b[33md\u001b[39m=\u001b[32m\"M7 21v-4a2 2 0 0 1 2-2h6a2 2 0 0 1 2 2v4\"\u001b[39m\n                \u001b[36m/>\u001b[39m\n                \u001b[36m<path\u001b[39m\n                  \u001b[33md\u001b[39m=\u001b[32m\"M11 3v4\"\u001b[39m\n                \u001b[36m/>\u001b[39m\n                \u001b[36m<path\u001b[39m\n                  \u001b[33md\u001b[39m=\u001b[32m\"M15 3v4\"\u001b[39m\n                \u001b[36m/>\u001b[39m\n                \u001b[36m<path\u001b[39m\n                  \u001b[33md\u001b[39m=\u001b[32m\"M3 11h18\"\u001b[39m\n                \u001b[36m/>\u001b[39m\n              \u001b[36m</svg>\u001b[39m\n              \u001b[36m<span>\u001b[39m\n                \u001b[0mNagrania\u001b[0m\n              \u001b[36m</span>\u001b[39m\n            \u001b[36m</button>\u001b[39m\n            \u001b[36m<button\u001b[39m\n              \u001b[33mclass\u001b[39m=\u001b[32m\"tab-pill\"\u001b[39m\n              \u001b[33mtype\u001b[39m=\u001b[32m\"button\"\u001b[39m\n            \u001b[36m>\u001b[39m\n              \u001b[36m<svg\u001b[39m\n                \u001b[33mfill\u001b[39m=\u001b[32m\"none\"\u001b[39m\n                \u001b[33mheight\u001b[39m=\u001b[32m\"16\"\u001b[39m\n                \u001b[33mstroke\u001b[39m=\u001b[32m\"currentColor\"\u001b[39m\n                \u001b[33mstroke-linecap\u001b[39m=\u001b[32m\"round\"\u001b[39m\n                \u001b[33mstroke-linejoin\u001b[39m=\u001b[32m\"round\"\u001b[39m\n                \u001b[33mstroke-width\u001b[39m=\u001b[32m\"2\"\u001b[39m\n                \u001b[33mviewBox\u001b[39m=\u001b[32m\"0 0 24 24\"\u001b[39m\n                \u001b[33mwidth\u001b[39m=\u001b[32m\"16\"\u001b[39m\n                \u001b[33mxmlns\u001b[39m=\u001b[32m\"http://www.w3.org/2000/svg\"\u001b[39m\n              \u001b[36m>\u001b[39m\n                \u001b[36m<rect\u001b[39m\n                  \u001b[33mheight\u001b[39m=\u001b[32m\"18\"\u001b[39m\n                  \u001b[33mrx\u001b[39m=\u001b[32m\"2\"\u001b[39m\n                  \u001b[33mry\u001b[39m=\u001b[32m\"2\"\u001b[39m\n                  \u001b[33mwidth\u001b[39m=\u001b[32m\"18\"\u001b[39m\n                  \u001b[33mx\u001b[39m=\u001b[32m\"3\"\u001b[39m\n                  \u001b[33my\u001b[39m=\u001b[32m\"4\"\u001b[39m\n                \u001b[36m/>\u001b[39m\n                \u001b[36m<line\u001b[39m\n                  \u001b[33mx1\u001b[39m=\u001b[32m\"16\"\u001b[39m\n                  \u001b[33mx2\u001b[39m=\u001b[32m\"16\"\u001b[39m\n                  \u001b[33my1\u001b[39m=\u001b[32m\"2\"\u001b[39m\n                  \u001b[33my2\u001b[39m=\u001b[32m\"6\"\u001b[39m\n                \u001b[36m/>\u001b[39m\n                \u001b[36m<line\u001b[39m\n                  \u001b[33mx1\u001b[39m=\u001b[32m\"8\"\u001b[39m\n                  \u001b[33mx2\u001b[39m=\u001b[32m\"8\"\u001b[39m\n                  \u001b[33my1\u001b[39m=\u001b[32m\"2\"\u001b[39m\n                  \u001b[33my2\u001b[39m=\u001b[32m\"6\"\u001b[39m\n                \u001b[36m/>\u001b[39m\n                \u001b[36m<line\u001b[39m\n                  \u001b[33mx1\u001b[39m=\u001b[32m\"3\"\u001b[39m\n                  \u001b[33mx2\u001b[39m=\u001b[32m\"21\"\u001b[39m\n                  \u001b[33my1\u001b[39m=\u001b[32m\"10\"\u001b[39m\n                  \u001b[33my2\u001b[39m=\u001b[32m\"10\"\u001b[39m\n                \u001b[36m/>\u001b[39m\n              \u001b[36m</svg>\u001b[39m\n              \u001b[36m<span>\u001b[39m\n                \u001b[0mKalendarz\u001b[0m\n              \u001b[36m</span>\u001b[39m\n            \u001b[36m</button>\u001b[39m\n            \u001b[36m<button\u001b[39m\n              \u001b[33mclass\u001b[39m=\u001b[32m\"tab-pill\"\u001b[39m\n              \u001b[33mtype\u001b[39m=\u001b[32m\"button\"\u001b[39m\n            \u001b[36m>\u001b[39m\n              \u001b[36m<svg\u001b[39m\n                \u001b[33mfill\u001b[39m=\u001b[32m\"none\"\u001b[39m\n                \u001b[33mheight\u001b[39m=\u001b[32m\"16\"\u001b[39m\n                \u001b[33mstroke\u001b[39m=\u001b[32m\"currentColor\"\u001b[39m\n                \u001b[33mstroke-linecap\u001b[39m=\u001b[32m\"round\"\u001b[39m\n                \u001b[33mstroke-linejoin\u001b[39m=\u001b[32m\"round\"\u001b[39m\n                \u001b[33mstroke-width\u001b[39m=\u001b[32m\"2\"\u001b[39m\n                \u001b[33mviewBox\u001b[39m=\u001b[32m\"0 0 24 24\"\u001b[39m\n                \u001b[33mwidth\u001b[39m=\u001b[32m\"16\"\u001b[39m\n                \u001b[33mxmlns\u001b[39m=\u001b[32m\"http://www.w3.org/2000/svg\"\u001b[39m\n              \u001b[36m>\u001b[39m\n                \u001b[36m<polyline\u001b[39m\n                  \u001b[33mpoints\u001b[39m=\u001b[32m\"9 11 12 14 22 4\"\u001b[39m\n                \u001b[36m/>\u001b[39m\n                \u001b[36m<path\u001b[39m\n                  \u001b[33md\u001b[39m=\u001b[32m\"M21 12v7a2 2 0 0 1-2 2H5a2 2 0 0 1-2-2V5a2 2 0 0 1 2-2h11\"\u001b[39m\n                \u001b[36m/>\u001b[39m\n              \u001b[36m</svg>\u001b[39m\n              \u001b[36m<span>\u001b[39m\n                \u001b[0mZadania\u001b[0m\n              \u001b[36m</span>\u001b[39m\n            \u001b[36m</button>\u001b[39m\n            \u001b[36m<button\u001b[39m\n              \u001b[33mclass\u001b[39m=\u001b[32m\"tab-pill\"\u001b[39m\n              \u001b[33mtype\u001b[39m=\u001b[32m\"button\"\u001b[39m\n            \u001b[36m>\u001b[39m\n              \u001b[36m<svg\u001b[39m\n                \u001b[33mfill\u001b[39m=\u001b[32m\"none\"\u001b[39m\n                \u001b[33mheight\u001b[39m=\u001b[32m\"16\"\u001b[39m\n                \u001b[33mstroke\u001b[39m=\u001b[32m\"currentColor\"\u001b[39m\n                \u001b[33mstroke-linecap\u001b[39m=\u001b[32m\"round\"\u001b[39m\n                \u001b[33mstroke-linejoin\u001b[39m=\u001b[32m\"round\"\u001b[39m\n                \u001b[33mstroke-width\u001b[39m=\u001b[32m\"2\"\u001b[39m\n                \u001b[33mviewBox\u001b[39m=\u001b[32m\"0 0 24 24\"\u001b[39m\n                \u001b[33mwidth\u001b[39m=\u001b[32m\"16\"\u001b[39m\n                \u001b[33mxmlns\u001b[39m=\u001b[32m\"http://www.w3.org/2000/svg\"\u001b[39m\n              \u001b[36m>\u001b[39m\n                \u001b[36m<path\u001b[39m\n                  \u001b[33md\u001b[39m=\u001b[32m\"M16 21v-2a4 4 0 0 0-4-4H6a4 4 0 0 0-4 4v2\"\u001b[39m\n                \u001b[36m/>\u001b[39m\n                \u001b[36m<circle\u001b[39m\n                  \u001b[33mcx\u001b[39m=\u001b[32m\"9\"\u001b[39m\n                  \u001b[33mcy\u001b[39m=\u001b[32m\"7\"\u001b[39m\n                  \u001b[33mr\u001b[39m=\u001b[32m\"4\"\u001b[39m\n                \u001b[36m/>\u001b[39m\n                \u001b[36m<path\u001b[39m\n                  \u001b[33md\u001b[39m=\u001b[32m\"M22 21v-2a4 4 0 0 0-3-3.87\"\u001b[39m\n                \u001b[36m/>\u001b[39m\n                \u001b[36m<path\u001b[39m\n                  \u001b[33md\u001b[39m=\u001b[32m\"M16 3.13a4 4 0 0 1 0 7.75\"\u001b[39m\n                \u001b[36m/>\u001b[39m\n              \u001b[36m</svg>\u001b[39m\n              \u001b[36m<span>\u001b[39m\n                \u001b[0mOsoby\u001b[0m\n              \u001b[36m</span>\u001b[39m\n            \u001b[36m</button>\u001b[39m\n            \u001b[36m<button\u001b[39m\n              \u001b[33mclass\u001b[39m=\u001b[32m\"tab-pill\"\u001b[39m\n              \u001b[33mtype\u001b[39m=\u001b[32m\"button\"\u001b[39m\n            \u001b[36m>\u001b[39m\n              \u001b[36m<svg\u001b[39m\n                \u001b[33mfill\u001b[39m=\u001b[32m\"none\"\u001b[39m\n                \u001b[33mheight\u001b[39m=\u001b[32m\"16\"\u001b[39m\n                \u001b[33mstroke\u001b[39m=\u001b[32m\"currentColor\"\u001b[39m\n                \u001b[33mstroke-linecap\u001b[39m=\u001b[32m\"round\"\u001b[39m\n                \u001b[33mstroke-linejoin\u001b[39m=\u001b[32m\"round\"\u001b[39m\n                \u001b[33mstroke-width\u001b[39m=\u001b[32m\"2\"\u001b[39m\n                \u001b[33mviewBox\u001b[39m=\u001b[32m\"0 0 24 24\"\u001b[39m\n                \u001b[33mwidth\u001b[39m=\u001b[32m\"16\"\u001b[39m\n                \u001b[33mxmlns\u001b[39m=\u001b[32m\"http://www.w3.org/2000/svg\"\u001b[39m\n              \u001b[36m>\u001b[39m\n                \u001b[36m<path\u001b[39m\n                  \u001b[33md\u001b[39m=\u001b[32m\"M14.5 2H6a2 2 0 0 0-2 2v16a2 2 0 0 0 2 2h12a2 2 0 0 0 2-2V7.5L14.5 2z\"\u001b[39m\n                \u001b[36m/>\u001b[39m\n                \u001b[36m<polyline\u001b[39m\n                  \u001b[33mpoints\u001b[39m=\u001b[32m\"14 2 14 8 20 8\"\u001b[39m\n                \u001b[36m/>\u001b[39m\n                \u001b[36m<line\u001b[39m\n                  \u001b[33mx1\u001b[39m=\u001b[32m\"16\"\u001b[39m\n                  \u001b[33mx2\u001b[39m=\u001b[32m\"8\"\u001b[39m\n                  \u001b[33my1\u001b[39m=\u001b[32m\"13\"\u001b[39m\n                  \u001b[33my2\u001b[39m=\u001b[32m\"13\"\u001b[39m\n                \u001b[36m/>\u001b[39m\n                \u001b[36m<line\u001b[39m\n                  \u001b[33mx1\u001b[39m=\u001b[32m\"16\"\u001b[39m\n                  \u001b[33mx2\u001b[39m=\u001b[32m\"8\"\u001b[39m\n                  \u001b[33my1\u001b[39m=\u001b[32m\"17\"\u001b[39m\n                  \u001b[33my2\u001b[39m=\u001b[32m\"17\"\u001b[39m\n                \u001b[36m/>\u001b[39m\n                \u001b[36m<line\u001b[39m\n                  \u001b[33mx1\u001b[39m=\u001b[32m\"10\"\u001b[39m\n                  \u001b[33mx2\u001b[39m=\u001b[32m\"8\"\u001b[39m\n                  \u001b[33my1\u001b[39m=\u001b[32m\"9\"\u001b[39m\n                  \u001b[33my2\u001b[39m=\u001b[32m\"9\"\u001b[39m\n                \u001b[36m/>\u001b[39m\n              \u001b[36m</svg>\u001b[39m\n              \u001b[36m<span>\u001b[39m\n                \u001b[0mNotatki\u001b[0m\n              \u001b[36m</span>\u001b[39m\n            \u001b[36m</button>\u001b[39m\n          \u001b[36m</div>\u001b[39m\n        \u001b[36m</div>\u001b[39m\n        \u001b[36m<div\u001b[39m\n          \u001b[33mclass\u001b[39m=\u001b[32m\"topbar-actions\"\u001b[39m\n        \u001b[36m>\u001b[39m\n          \u001b[36m<div\u001b[39m\n            \u001b[33mclass\u001b[39m=\u001b[32m\"notification-anchor\"\u001b[39m\n          \u001b[36m>\u001b[39m\n            \u001b[36m<button\u001b[39m\n              \u001b[33maria-label\u001b[39m=\u001b[32m\"Powiadomienia\"\u001b[39m\n              \u001b[33mclass\u001b[39m=\u001b[32m\"notification-trigger\"\u001b[39m\n              \u001b[33mtype\u001b[39m=\u001b[32m\"button\"\u001b[39m\n            \u001b[36m>\u001b[39m\n              \u001b[36m<span\u001b[39m\n                \u001b[33mclass\u001b[39m=\u001b[32m\"notification-trigger-icon\"\u001b[39m\n              \u001b[36m>\u001b[39m\n                \u001b[0m⏰\u001b[0m\n              \u001b[36m</span>\u001b[39m\n            \u001b[36m</button>\u001b[39m\n          \u001b[36m</div>\u001b[39m\n          \u001b[36m<button\u001b[39m\n            \u001b[33mclass\u001b[39m=\u001b[32m\"ghost-button command-palette-launcher\"\u001b[39m\n            \u001b[33mtype\u001b[39m=\u001b[32m\"button\"\u001b[39m\n          \u001b[36m>\u001b[39m\n            \u001b[0mSzukaj\u001b[0m\n            \u001b[36m<span>\u001b[39m\n              \u001b[0mCtrl+K\u001b[0m\n            \u001b[36m</span>\u001b[39m\n          \u001b[36m</button>\u001b[39m\n          \u001b[36m<button\u001b[39m\n            \u001b[33mclass\u001b[39m=\u001b[32m\"topbar-record-btn\"\u001b[39m\n            \u001b[33mtitle\u001b[39m=\u001b[32m\"Nagranie ad hoc\"\u001b[39m\n            \u001b[33mtype\u001b[39m=\u001b[32m\"button\"\u001b[39m\n          \u001b[36m>\u001b[39m\n            \u001b[36m<span\u001b[39m\n              \u001b[33mclass\u001b[39m=\u001b[32m\"topbar-record-dot\"\u001b[39m\n            \u001b[36m/>\u001b[39m\n            \u001b[0mNagraj\u001b[0m\n          \u001b[36m</button>\u001b[39m\n          \u001b[36m<label\u001b[39m\n            \u001b[33mclass\u001b[39m=\u001b[32m\"workspace-switch\"\u001b[39m\n          \u001b[36m>\u001b[39m\n            \u001b[36m<span>\u001b[39m\n              \u001b[0mWorkspace\u001b[0m\n            \u001b[36m</span>\u001b[39m\n            \u001b[36m<select>\u001b[39m\n              \u001b[36m<option\u001b[39m\n                \u001b[33mvalue\u001b[39m=\u001b[32m\"workspace_1\"\u001b[39m\n              \u001b[36m>\u001b[39m\n                \u001b[0mWorkspace One\u001b[0m\n              \u001b[36m</option>\u001b[39m\n              \u001b[36m<option\u001b[39m\n                \u001b[33mvalue\u001b[39m=\u001b[32m\"workspace_2\"\u001b[39m\n              \u001b[36m>\u001b[39m\n                \u001b[0mWorkspace Two\u001b[0m\n              \u001b[36m</option>\u001b[39m\n            \u001b[36m</select>\u001b[39m\n          \u001b[36m</label>\u001b[39m\n          \u001b[36m<div\u001b[39m\n            \u001b[33mclass\u001b[39m=\u001b[32m\"user-card\"\u001b[39m\n          \u001b[36m>\u001b[39m\n            \u001b[36m<div>\u001b[39m\n              \u001b[36m<strong>\u001b[39m\n                \u001b[0mAnna Nowak\u001b[0m\n              \u001b[36m</strong>\u001b[39m\n              \u001b[36m<span>\u001b[39m\n                \u001b[0mPM\u001b[0m\n              \u001b[36m</span>\u001b[39m\n            \u001b[36m</div>\u001b[39m\n            \u001b[36m<button\u001b[39m\n              \u001b[33maria-label\u001b[39m=\u001b[32m\"Otworz ustawienia\"\u001b[39m\n              \u001b[33mclass\u001b[39m=\u001b[32m\"settings-button\"\u001b[39m\n              \u001b[33mtype\u001b[39m=\u001b[32m\"button\"\u001b[39m\n            \u001b[36m>\u001b[39m\n              \u001b[0m⚙\u001b[0m\n            \u001b[36m</button>\u001b[39m\n          \u001b[36m</div>\u001b[39m\n        \u001b[36m</div>\u001b[39m\n      \u001b[36m</header>\u001b[39m\n      \u001b[36m<div\u001b[39m\n        \u001b[33mclass\u001b[39m=\u001b[32m\"\"\u001b[39m\n      \u001b[36m>\u001b[39m\n        \u001b[36m<main\u001b[39m\n          \u001b[33mclass\u001b[39m=\u001b[32m\"\"\u001b[39m\n          \u001b[33mstyle\u001b[39m=\u001b[32m\"width: 100%;\"\u001b[39m\n        \u001b[36m>\u001b[39m\n          \u001b[36m<section\u001b[39m\n            \u001b[33mclass\u001b[39m=\u001b[32m\"hero-panel empty-workspace\"\u001b[39m\n          \u001b[36m>\u001b[39m\n            \u001b[36m<div\u001b[39m\n              \u001b[33mclass\u001b[39m=\u001b[32m\"empty-workspace-inner\"\u001b[39m\n            \u001b[36m>\u001b[39m\n              \u001b[36m<div\u001b[39m\n                \u001b[33mclass\u001b[39m=\u001b[32m\"eyebrow\"\u001b[39m\n              \u001b[36m>\u001b[39m\n                \u001b[0mStudio\u001b[0m\n              \u001b[36m</div>\u001b[39m\n              \u001b[36m<h2>\u001b[39m\n                \u001b[0mBrak aktywnego spotkania\u001b[0m\n              \u001b[36m</h2>\u001b[39m\n              \u001b[36m<p>\u001b[39m\n                \u001b[0mPrzejdź do zakładki \u001b[0m\n                \u001b[36m<strong>\u001b[39m\n                  \u001b[0mNagrania\u001b[0m\n                \u001b[36m</strong>\u001b[39m\n                \u001b[0m, aby wybrać nagranie do analizy lub uruchom nagranie ad hoc.\u001b[0m\n              \u001b[36m</p>\u001b[39m\n              \u001b[36m<div\u001b[39m\n                \u001b[33mclass\u001b[39m=\u001b[32m\"button-row\"\u001b[39m\n              \u001b[36m>\u001b[39m\n                \u001b[36m<button\u001b[39m\n                  \u001b[33mclass\u001b[39m=\u001b[32m\"primary-button\"\u001b[39m\n                  \u001b[33mtype\u001b[39m=\u001b[32m\"button\"\u001b[39m\n                \u001b[36m>\u001b[39m\n                  \u001b[0m⬤ Nagraj ad hoc\u001b[0m\n                \u001b[36m</button>\u001b[39m\n                \u001b[36m<button\u001b[39m\n                  \u001b[33mclass\u001b[39m=\u001b[32m\"ghost-button\"\u001b[39m\n                  \u001b[33mtype\u001b[39m=\u001b[32m\"button\"\u001b[39m\n                \u001b[36m>\u001b[39m\n                  \u001b[0mPrzygotuj brief\u001b[0m\n                \u001b[36m</button>\u001b[39m\n              \u001b[36m</div>\u001b[39m\n            \u001b[36m</div>\u001b[39m\n          \u001b[36m</section>\u001b[39m\n        \u001b[36m</main>\u001b[39m\n      \u001b[36m</div>\u001b[39m\n    \u001b[36m</div>\u001b[39m\n  \u001b[36m</div>\u001b[39m\n\u001b[36m</body>\u001b[39m\n    at waitForWrapper (C:\\Users\\user\\new\\audioRecorder\\node_modules\\@testing-library\\dom\\dist\\wait-for.js:163:27)\n    at findAllByText (C:\\Users\\user\\new\\audioRecorder\\node_modules\\@testing-library\\dom\\dist\\query-helpers.js:86:33)\n    at Object.<anonymous> (C:\\Users\\user\\new\\audioRecorder\\src\\App.integration.test.js:170:26)"],"fullName":"App integration switches between shared workspaces","location":null,"status":"failed","title":"switches between shared workspaces"},{"ancestorTitles":["App integration"],"failureMessages":["Error: Unable to find an element with the text: /Spotkanie A/i. This could be because the text is broken up by multiple elements. In this case, you can provide a function for your text matcher to make your matcher more flexible.\n\nIgnored nodes: comments, script, style\n\u001b[36m<body>\u001b[39m\n  \u001b[36m<div>\u001b[39m\n    \u001b[36m<div\u001b[39m\n      \u001b[33mclass\u001b[39m=\u001b[32m\"app-shell\"\u001b[39m\n    \u001b[36m>\u001b[39m\n      \u001b[36m<div\u001b[39m\n        \u001b[33mclass\u001b[39m=\u001b[32m\"backdrop-orb backdrop-orb-left\"\u001b[39m\n      \u001b[36m/>\u001b[39m\n      \u001b[36m<div\u001b[39m\n        \u001b[33mclass\u001b[39m=\u001b[32m\"backdrop-orb backdrop-orb-right\"\u001b[39m\n      \u001b[36m/>\u001b[39m\n      \u001b[36m<header\u001b[39m\n        \u001b[33mclass\u001b[39m=\u001b[32m\"topbar\"\u001b[39m\n      \u001b[36m>\u001b[39m\n        \u001b[36m<div\u001b[39m\n          \u001b[33mclass\u001b[39m=\u001b[32m\"topbar-title\"\u001b[39m\n        \u001b[36m>\u001b[39m\n          \u001b[36m<div>\u001b[39m\n            \u001b[36m<div\u001b[39m\n              \u001b[33mclass\u001b[39m=\u001b[32m\"eyebrow\"\u001b[39m\n            \u001b[36m>\u001b[39m\n              \u001b[0mVoiceLog OS\u001b[0m\n            \u001b[36m</div>\u001b[39m\n            \u001b[36m<h1>\u001b[39m\n              \u001b[0mMeeting intelligence studio\u001b[0m\n            \u001b[36m</h1>\u001b[39m\n          \u001b[36m</div>\u001b[39m\n          \u001b[36m<div\u001b[39m\n            \u001b[33mclass\u001b[39m=\u001b[32m\"tab-switcher\"\u001b[39m\n          \u001b[36m>\u001b[39m\n            \u001b[36m<button\u001b[39m\n              \u001b[33maria-label\u001b[39m=\u001b[32m\"Wróć do poprzedniej zakładki\"\u001b[39m\n              \u001b[33mclass\u001b[39m=\u001b[32m\"tab-back-btn\"\u001b[39m\n              \u001b[33mtitle\u001b[39m=\u001b[32m\"Cofnij\"\u001b[39m\n              \u001b[33mtype\u001b[39m=\u001b[32m\"button\"\u001b[39m\n            \u001b[36m>\u001b[39m\n              \u001b[0m←\u001b[0m\n            \u001b[36m</button>\u001b[39m\n            \u001b[36m<button\u001b[39m\n              \u001b[33mclass\u001b[39m=\u001b[32m\"tab-pill active\"\u001b[39m\n              \u001b[33mtype\u001b[39m=\u001b[32m\"button\"\u001b[39m\n            \u001b[36m>\u001b[39m\n              \u001b[36m<svg\u001b[39m\n                \u001b[33mfill\u001b[39m=\u001b[32m\"none\"\u001b[39m\n                \u001b[33mheight\u001b[39m=\u001b[32m\"16\"\u001b[39m\n                \u001b[33mstroke\u001b[39m=\u001b[32m\"currentColor\"\u001b[39m\n                \u001b[33mstroke-linecap\u001b[39m=\u001b[32m\"round\"\u001b[39m\n                \u001b[33mstroke-linejoin\u001b[39m=\u001b[32m\"round\"\u001b[39m\n                \u001b[33mstroke-width\u001b[39m=\u001b[32m\"2\"\u001b[39m\n                \u001b[33mviewBox\u001b[39m=\u001b[32m\"0 0 24 24\"\u001b[39m\n                \u001b[33mwidth\u001b[39m=\u001b[32m\"16\"\u001b[39m\n                \u001b[33mxmlns\u001b[39m=\u001b[32m\"http://www.w3.org/2000/svg\"\u001b[39m\n              \u001b[36m>\u001b[39m\n                \u001b[36m<path\u001b[39m\n                  \u001b[33md\u001b[39m=\u001b[32m\"M12 2a3 3 0 0 0-3 3v7a3 3 0 0 0 6 0V5a3 3 0 0 0-3-3Z\"\u001b[39m\n                \u001b[36m/>\u001b[39m\n                \u001b[36m<path\u001b[39m\n                  \u001b[33md\u001b[39m=\u001b[32m\"M19 10v2a7 7 0 0 1-14 0v-2\"\u001b[39m\n                \u001b[36m/>\u001b[39m\n                \u001b[36m<line\u001b[39m\n                  \u001b[33mx1\u001b[39m=\u001b[32m\"12\"\u001b[39m\n                  \u001b[33mx2\u001b[39m=\u001b[32m\"12\"\u001b[39m\n                  \u001b[33my1\u001b[39m=\u001b[32m\"19\"\u001b[39m\n                  \u001b[33my2\u001b[39m=\u001b[32m\"22\"\u001b[39m\n                \u001b[36m/>\u001b[39m\n              \u001b[36m</svg>\u001b[39m\n              \u001b[36m<span>\u001b[39m\n                \u001b[0mStudio\u001b[0m\n              \u001b[36m</span>\u001b[39m\n            \u001b[36m</button>\u001b[39m\n            \u001b[36m<button\u001b[39m\n              \u001b[33mclass\u001b[39m=\u001b[32m\"tab-pill\"\u001b[39m\n              \u001b[33mtype\u001b[39m=\u001b[32m\"button\"\u001b[39m\n            \u001b[36m>\u001b[39m\n              \u001b[36m<svg\u001b[39m\n                \u001b[33mfill\u001b[39m=\u001b[32m\"none\"\u001b[39m\n                \u001b[33mheight\u001b[39m=\u001b[32m\"16\"\u001b[39m\n                \u001b[33mstroke\u001b[39m=\u001b[32m\"currentColor\"\u001b[39m\n                \u001b[33mstroke-linecap\u001b[39m=\u001b[32m\"round\"\u001b[39m\n                \u001b[33mstroke-linejoin\u001b[39m=\u001b[32m\"round\"\u001b[39m\n                \u001b[33mstroke-width\u001b[39m=\u001b[32m\"2\"\u001b[39m\n                \u001b[33mviewBox\u001b[39m=\u001b[32m\"0 0 24 24\"\u001b[39m\n                \u001b[33mwidth\u001b[39m=\u001b[32m\"16\"\u001b[39m\n                \u001b[33mxmlns\u001b[39m=\u001b[32m\"http://www.w3.org/2000/svg\"\u001b[39m\n              \u001b[36m>\u001b[39m\n                \u001b[36m<path\u001b[39m\n                  \u001b[33md\u001b[39m=\u001b[32m\"M22 19V5a2 2 0 0 0-2-2H4a2 2 0 0 0-2 2v14a2 2 0 0 0 2 2h16a2 2 0 0 0 2-2z\"\u001b[39m\n                \u001b[36m/>\u001b[39m\n                \u001b[36m<path\u001b[39m\n                  \u001b[33md\u001b[39m=\u001b[32m\"M7 21v-4a2 2 0 0 1 2-2h6a2 2 0 0 1 2 2v4\"\u001b[39m\n                \u001b[36m/>\u001b[39m\n                \u001b[36m<path\u001b[39m\n                  \u001b[33md\u001b[39m=\u001b[32m\"M11 3v4\"\u001b[39m\n                \u001b[36m/>\u001b[39m\n                \u001b[36m<path\u001b[39m\n                  \u001b[33md\u001b[39m=\u001b[32m\"M15 3v4\"\u001b[39m\n                \u001b[36m/>\u001b[39m\n                \u001b[36m<path\u001b[39m\n                  \u001b[33md\u001b[39m=\u001b[32m\"M3 11h18\"\u001b[39m\n                \u001b[36m/>\u001b[39m\n              \u001b[36m</svg>\u001b[39m\n              \u001b[36m<span>\u001b[39m\n                \u001b[0mNagrania\u001b[0m\n              \u001b[36m</span>\u001b[39m\n            \u001b[36m</button>\u001b[39m\n            \u001b[36m<button\u001b[39m\n              \u001b[33mclass\u001b[39m=\u001b[32m\"tab-pill\"\u001b[39m\n              \u001b[33mtype\u001b[39m=\u001b[32m\"button\"\u001b[39m\n            \u001b[36m>\u001b[39m\n              \u001b[36m<svg\u001b[39m\n                \u001b[33mfill\u001b[39m=\u001b[32m\"none\"\u001b[39m\n                \u001b[33mheight\u001b[39m=\u001b[32m\"16\"\u001b[39m\n                \u001b[33mstroke\u001b[39m=\u001b[32m\"currentColor\"\u001b[39m\n                \u001b[33mstroke-linecap\u001b[39m=\u001b[32m\"round\"\u001b[39m\n                \u001b[33mstroke-linejoin\u001b[39m=\u001b[32m\"round\"\u001b[39m\n                \u001b[33mstroke-width\u001b[39m=\u001b[32m\"2\"\u001b[39m\n                \u001b[33mviewBox\u001b[39m=\u001b[32m\"0 0 24 24\"\u001b[39m\n                \u001b[33mwidth\u001b[39m=\u001b[32m\"16\"\u001b[39m\n                \u001b[33mxmlns\u001b[39m=\u001b[32m\"http://www.w3.org/2000/svg\"\u001b[39m\n              \u001b[36m>\u001b[39m\n                \u001b[36m<rect\u001b[39m\n                  \u001b[33mheight\u001b[39m=\u001b[32m\"18\"\u001b[39m\n                  \u001b[33mrx\u001b[39m=\u001b[32m\"2\"\u001b[39m\n                  \u001b[33mry\u001b[39m=\u001b[32m\"2\"\u001b[39m\n                  \u001b[33mwidth\u001b[39m=\u001b[32m\"18\"\u001b[39m\n                  \u001b[33mx\u001b[39m=\u001b[32m\"3\"\u001b[39m\n                  \u001b[33my\u001b[39m=\u001b[32m\"4\"\u001b[39m\n                \u001b[36m/>\u001b[39m\n                \u001b[36m<line\u001b[39m\n                  \u001b[33mx1\u001b[39m=\u001b[32m\"16\"\u001b[39m\n                  \u001b[33mx2\u001b[39m=\u001b[32m\"16\"\u001b[39m\n                  \u001b[33my1\u001b[39m=\u001b[32m\"2\"\u001b[39m\n                  \u001b[33my2\u001b[39m=\u001b[32m\"6\"\u001b[39m\n                \u001b[36m/>\u001b[39m\n                \u001b[36m<line\u001b[39m\n                  \u001b[33mx1\u001b[39m=\u001b[32m\"8\"\u001b[39m\n                  \u001b[33mx2\u001b[39m=\u001b[32m\"8\"\u001b[39m\n                  \u001b[33my1\u001b[39m=\u001b[32m\"2\"\u001b[39m\n                  \u001b[33my2\u001b[39m=\u001b[32m\"6\"\u001b[39m\n                \u001b[36m/>\u001b[39m\n                \u001b[36m<line\u001b[39m\n                  \u001b[33mx1\u001b[39m=\u001b[32m\"3\"\u001b[39m\n                  \u001b[33mx2\u001b[39m=\u001b[32m\"21\"\u001b[39m\n                  \u001b[33my1\u001b[39m=\u001b[32m\"10\"\u001b[39m\n                  \u001b[33my2\u001b[39m=\u001b[32m\"10\"\u001b[39m\n                \u001b[36m/>\u001b[39m\n              \u001b[36m</svg>\u001b[39m\n              \u001b[36m<span>\u001b[39m\n                \u001b[0mKalendarz\u001b[0m\n              \u001b[36m</span>\u001b[39m\n            \u001b[36m</button>\u001b[39m\n            \u001b[36m<button\u001b[39m\n              \u001b[33mclass\u001b[39m=\u001b[32m\"tab-pill\"\u001b[39m\n              \u001b[33mtype\u001b[39m=\u001b[32m\"button\"\u001b[39m\n            \u001b[36m>\u001b[39m\n              \u001b[36m<svg\u001b[39m\n                \u001b[33mfill\u001b[39m=\u001b[32m\"none\"\u001b[39m\n                \u001b[33mheight\u001b[39m=\u001b[32m\"16\"\u001b[39m\n                \u001b[33mstroke\u001b[39m=\u001b[32m\"currentColor\"\u001b[39m\n                \u001b[33mstroke-linecap\u001b[39m=\u001b[32m\"round\"\u001b[39m\n                \u001b[33mstroke-linejoin\u001b[39m=\u001b[32m\"round\"\u001b[39m\n                \u001b[33mstroke-width\u001b[39m=\u001b[32m\"2\"\u001b[39m\n                \u001b[33mviewBox\u001b[39m=\u001b[32m\"0 0 24 24\"\u001b[39m\n                \u001b[33mwidth\u001b[39m=\u001b[32m\"16\"\u001b[39m\n                \u001b[33mxmlns\u001b[39m=\u001b[32m\"http://www.w3.org/2000/svg\"\u001b[39m\n              \u001b[36m>\u001b[39m\n                \u001b[36m<polyline\u001b[39m\n                  \u001b[33mpoints\u001b[39m=\u001b[32m\"9 11 12 14 22 4\"\u001b[39m\n                \u001b[36m/>\u001b[39m\n                \u001b[36m<path\u001b[39m\n                  \u001b[33md\u001b[39m=\u001b[32m\"M21 12v7a2 2 0 0 1-2 2H5a2 2 0 0 1-2-2V5a2 2 0 0 1 2-2h11\"\u001b[39m\n                \u001b[36m/>\u001b[39m\n              \u001b[36m</svg>\u001b[39m\n              \u001b[36m<span>\u001b[39m\n                \u001b[0mZadania\u001b[0m\n              \u001b[36m</span>\u001b[39m\n            \u001b[36m</button>\u001b[39m\n            \u001b[36m<button\u001b[39m\n              \u001b[33mclass\u001b[39m=\u001b[32m\"tab-pill\"\u001b[39m\n              \u001b[33mtype\u001b[39m=\u001b[32m\"button\"\u001b[39m\n            \u001b[36m>\u001b[39m\n              \u001b[36m<svg\u001b[39m\n                \u001b[33mfill\u001b[39m=\u001b[32m\"none\"\u001b[39m\n                \u001b[33mheight\u001b[39m=\u001b[32m\"16\"\u001b[39m\n                \u001b[33mstroke\u001b[39m=\u001b[32m\"currentColor\"\u001b[39m\n                \u001b[33mstroke-linecap\u001b[39m=\u001b[32m\"round\"\u001b[39m\n                \u001b[33mstroke-linejoin\u001b[39m=\u001b[32m\"round\"\u001b[39m\n                \u001b[33mstroke-width\u001b[39m=\u001b[32m\"2\"\u001b[39m\n                \u001b[33mviewBox\u001b[39m=\u001b[32m\"0 0 24 24\"\u001b[39m\n                \u001b[33mwidth\u001b[39m=\u001b[32m\"16\"\u001b[39m\n                \u001b[33mxmlns\u001b[39m=\u001b[32m\"http://www.w3.org/2000/svg\"\u001b[39m\n              \u001b[36m>\u001b[39m\n                \u001b[36m<path\u001b[39m\n                  \u001b[33md\u001b[39m=\u001b[32m\"M16 21v-2a4 4 0 0 0-4-4H6a4 4 0 0 0-4 4v2\"\u001b[39m\n                \u001b[36m/>\u001b[39m\n                \u001b[36m<circle\u001b[39m\n                  \u001b[33mcx\u001b[39m=\u001b[32m\"9\"\u001b[39m\n                  \u001b[33mcy\u001b[39m=\u001b[32m\"7\"\u001b[39m\n                  \u001b[33mr\u001b[39m=\u001b[32m\"4\"\u001b[39m\n                \u001b[36m/>\u001b[39m\n                \u001b[36m<path\u001b[39m\n                  \u001b[33md\u001b[39m=\u001b[32m\"M22 21v-2a4 4 0 0 0-3-3.87\"\u001b[39m\n                \u001b[36m/>\u001b[39m\n                \u001b[36m<path\u001b[39m\n                  \u001b[33md\u001b[39m=\u001b[32m\"M16 3.13a4 4 0 0 1 0 7.75\"\u001b[39m\n                \u001b[36m/>\u001b[39m\n              \u001b[36m</svg>\u001b[39m\n              \u001b[36m<span>\u001b[39m\n                \u001b[0mOsoby\u001b[0m\n              \u001b[36m</span>\u001b[39m\n            \u001b[36m</button>\u001b[39m\n            \u001b[36m<button\u001b[39m\n              \u001b[33mclass\u001b[39m=\u001b[32m\"tab-pill\"\u001b[39m\n              \u001b[33mtype\u001b[39m=\u001b[32m\"button\"\u001b[39m\n            \u001b[36m>\u001b[39m\n              \u001b[36m<svg\u001b[39m\n                \u001b[33mfill\u001b[39m=\u001b[32m\"none\"\u001b[39m\n                \u001b[33mheight\u001b[39m=\u001b[32m\"16\"\u001b[39m\n                \u001b[33mstroke\u001b[39m=\u001b[32m\"currentColor\"\u001b[39m\n                \u001b[33mstroke-linecap\u001b[39m=\u001b[32m\"round\"\u001b[39m\n                \u001b[33mstroke-linejoin\u001b[39m=\u001b[32m\"round\"\u001b[39m\n                \u001b[33mstroke-width\u001b[39m=\u001b[32m\"2\"\u001b[39m\n                \u001b[33mviewBox\u001b[39m=\u001b[32m\"0 0 24 24\"\u001b[39m\n                \u001b[33mwidth\u001b[39m=\u001b[32m\"16\"\u001b[39m\n                \u001b[33mxmlns\u001b[39m=\u001b[32m\"http://www.w3.org/2000/svg\"\u001b[39m\n              \u001b[36m>\u001b[39m\n                \u001b[36m<path\u001b[39m\n                  \u001b[33md\u001b[39m=\u001b[32m\"M14.5 2H6a2 2 0 0 0-2 2v16a2 2 0 0 0 2 2h12a2 2 0 0 0 2-2V7.5L14.5 2z\"\u001b[39m\n                \u001b[36m/>\u001b[39m\n                \u001b[36m<polyline\u001b[39m\n                  \u001b[33mpoints\u001b[39m=\u001b[32m\"14 2 14 8 20 8\"\u001b[39m\n                \u001b[36m/>\u001b[39m\n                \u001b[36m<line\u001b[39m\n                  \u001b[33mx1\u001b[39m=\u001b[32m\"16\"\u001b[39m\n                  \u001b[33mx2\u001b[39m=\u001b[32m\"8\"\u001b[39m\n                  \u001b[33my1\u001b[39m=\u001b[32m\"13\"\u001b[39m\n                  \u001b[33my2\u001b[39m=\u001b[32m\"13\"\u001b[39m\n                \u001b[36m/>\u001b[39m\n                \u001b[36m<line\u001b[39m\n                  \u001b[33mx1\u001b[39m=\u001b[32m\"16\"\u001b[39m\n                  \u001b[33mx2\u001b[39m=\u001b[32m\"8\"\u001b[39m\n                  \u001b[33my1\u001b[39m=\u001b[32m\"17\"\u001b[39m\n                  \u001b[33my2\u001b[39m=\u001b[32m\"17\"\u001b[39m\n                \u001b[36m/>\u001b[39m\n                \u001b[36m<line\u001b[39m\n                  \u001b[33mx1\u001b[39m=\u001b[32m\"10\"\u001b[39m\n                  \u001b[33mx2\u001b[39m=\u001b[32m\"8\"\u001b[39m\n                  \u001b[33my1\u001b[39m=\u001b[32m\"9\"\u001b[39m\n                  \u001b[33my2\u001b[39m=\u001b[32m\"9\"\u001b[39m\n                \u001b[36m/>\u001b[39m\n              \u001b[36m</svg>\u001b[39m\n              \u001b[36m<span>\u001b[39m\n                \u001b[0mNotatki\u001b[0m\n              \u001b[36m</span>\u001b[39m\n            \u001b[36m</button>\u001b[39m\n          \u001b[36m</div>\u001b[39m\n        \u001b[36m</div>\u001b[39m\n        \u001b[36m<div\u001b[39m\n          \u001b[33mclass\u001b[39m=\u001b[32m\"topbar-actions\"\u001b[39m\n        \u001b[36m>\u001b[39m\n          \u001b[36m<div\u001b[39m\n            \u001b[33mclass\u001b[39m=\u001b[32m\"notification-anchor\"\u001b[39m\n          \u001b[36m>\u001b[39m\n            \u001b[36m<button\u001b[39m\n              \u001b[33maria-label\u001b[39m=\u001b[32m\"Powiadomienia\"\u001b[39m\n              \u001b[33mclass\u001b[39m=\u001b[32m\"notification-trigger\"\u001b[39m\n              \u001b[33mtype\u001b[39m=\u001b[32m\"button\"\u001b[39m\n            \u001b[36m>\u001b[39m\n              \u001b[36m<span\u001b[39m\n                \u001b[33mclass\u001b[39m=\u001b[32m\"notification-trigger-icon\"\u001b[39m\n              \u001b[36m>\u001b[39m\n                \u001b[0m⏰\u001b[0m\n              \u001b[36m</span>\u001b[39m\n            \u001b[36m</button>\u001b[39m\n          \u001b[36m</div>\u001b[39m\n          \u001b[36m<button\u001b[39m\n            \u001b[33mclass\u001b[39m=\u001b[32m\"ghost-button command-palette-launcher\"\u001b[39m\n            \u001b[33mtype\u001b[39m=\u001b[32m\"button\"\u001b[39m\n          \u001b[36m>\u001b[39m\n            \u001b[0mSzukaj\u001b[0m\n            \u001b[36m<span>\u001b[39m\n              \u001b[0mCtrl+K\u001b[0m\n            \u001b[36m</span>\u001b[39m\n          \u001b[36m</button>\u001b[39m\n          \u001b[36m<button\u001b[39m\n            \u001b[33mclass\u001b[39m=\u001b[32m\"topbar-record-btn\"\u001b[39m\n            \u001b[33mtitle\u001b[39m=\u001b[32m\"Nagranie ad hoc\"\u001b[39m\n            \u001b[33mtype\u001b[39m=\u001b[32m\"button\"\u001b[39m\n          \u001b[36m>\u001b[39m\n            \u001b[36m<span\u001b[39m\n              \u001b[33mclass\u001b[39m=\u001b[32m\"topbar-record-dot\"\u001b[39m\n            \u001b[36m/>\u001b[39m\n            \u001b[0mNagraj\u001b[0m\n          \u001b[36m</button>\u001b[39m\n          \u001b[36m<label\u001b[39m\n            \u001b[33mclass\u001b[39m=\u001b[32m\"workspace-switch\"\u001b[39m\n          \u001b[36m>\u001b[39m\n            \u001b[36m<span>\u001b[39m\n              \u001b[0mWorkspace\u001b[0m\n            \u001b[36m</span>\u001b[39m\n            \u001b[36m<select>\u001b[39m\n              \u001b[36m<option\u001b[39m\n                \u001b[33mvalue\u001b[39m=\u001b[32m\"workspace_1\"\u001b[39m\n              \u001b[36m>\u001b[39m\n                \u001b[0mWorkspace One\u001b[0m\n              \u001b[36m</option>\u001b[39m\n              \u001b[36m<option\u001b[39m\n                \u001b[33mvalue\u001b[39m=\u001b[32m\"workspace_2\"\u001b[39m\n              \u001b[36m>\u001b[39m\n                \u001b[0mWorkspace Two\u001b[0m\n              \u001b[36m</option>\u001b[39m\n            \u001b[36m</select>\u001b[39m\n          \u001b[36m</label>\u001b[39m\n          \u001b[36m<div\u001b[39m\n            \u001b[33mclass\u001b[39m=\u001b[32m\"user-card\"\u001b[39m\n          \u001b[36m>\u001b[39m\n            \u001b[36m<div>\u001b[39m\n              \u001b[36m<strong>\u001b[39m\n                \u001b[0mAnna Nowak\u001b[0m\n              \u001b[36m</strong>\u001b[39m\n              \u001b[36m<span>\u001b[39m\n                \u001b[0mPM\u001b[0m\n              \u001b[36m</span>\u001b[39m\n            \u001b[36m</div>\u001b[39m\n            \u001b[36m<button\u001b[39m\n              \u001b[33maria-label\u001b[39m=\u001b[32m\"Otworz ustawienia\"\u001b[39m\n              \u001b[33mclass\u001b[39m=\u001b[32m\"settings-button\"\u001b[39m\n              \u001b[33mtype\u001b[39m=\u001b[32m\"button\"\u001b[39m\n            \u001b[36m>\u001b[39m\n              \u001b[0m⚙\u001b[0m\n            \u001b[36m</button>\u001b[39m\n          \u001b[36m</div>\u001b[39m\n        \u001b[36m</div>\u001b[39m\n      \u001b[36m</header>\u001b[39m\n      \u001b[36m<div\u001b[39m\n        \u001b[33mclass\u001b[39m=\u001b[32m\"\"\u001b[39m\n      \u001b[36m>\u001b[39m\n        \u001b[36m<main\u001b[39m\n          \u001b[33mclass\u001b[39m=\u001b[32m\"\"\u001b[39m\n          \u001b[33mstyle\u001b[39m=\u001b[32m\"width: 100%;\"\u001b[39m\n        \u001b[36m>\u001b[39m\n          \u001b[36m<section\u001b[39m\n            \u001b[33mclass\u001b[39m=\u001b[32m\"hero-panel empty-workspace\"\u001b[39m\n          \u001b[36m>\u001b[39m\n            \u001b[36m<div\u001b[39m\n              \u001b[33mclass\u001b[39m=\u001b[32m\"empty-workspace-inner\"\u001b[39m\n            \u001b[36m>\u001b[39m\n              \u001b[36m<div\u001b[39m\n                \u001b[33mclass\u001b[39m=\u001b[32m\"eyebrow\"\u001b[39m\n              \u001b[36m>\u001b[39m\n                \u001b[0mStudio\u001b[0m\n              \u001b[36m</div>\u001b[39m\n              \u001b[36m<h2>\u001b[39m\n                \u001b[0mBrak aktywnego spotkania\u001b[0m\n              \u001b[36m</h2>\u001b[39m\n              \u001b[36m<p>\u001b[39m\n                \u001b[0mPrzejdź do zakładki \u001b[0m\n                \u001b[36m<strong>\u001b[39m\n                  \u001b[0mNagrania\u001b[0m\n                \u001b[36m</strong>\u001b[39m\n                \u001b[0m, aby wybrać nagranie do analizy lub uruchom nagranie ad hoc.\u001b[0m\n              \u001b[36m</p>\u001b[39m\n              \u001b[36m<div\u001b[39m\n                \u001b[33mclass\u001b[39m=\u001b[32m\"button-row\"\u001b[39m\n              \u001b[36m>\u001b[39m\n                \u001b[36m<button\u001b[39m\n                  \u001b[33mclass\u001b[39m=\u001b[32m\"primary-button\"\u001b[39m\n                  \u001b[33mtype\u001b[39m=\u001b[32m\"button\"\u001b[39m\n                \u001b[36m>\u001b[39m\n                  \u001b[0m⬤ Nagraj ad hoc\u001b[0m\n                \u001b[36m</button>\u001b[39m\n                \u001b[36m<button\u001b[39m\n                  \u001b[33mclass\u001b[39m=\u001b[32m\"ghost-button\"\u001b[39m\n                  \u001b[33mtype\u001b[39m=\u001b[32m\"button\"\u001b[39m\n                \u001b[36m>\u001b[39m\n                  \u001b[0mPrzygotuj brief\u001b[0m\n                \u001b[36m</button>\u001b[39m\n              \u001b[36m</div>\u001b[39m\n            \u001b[36m</div>\u001b[39m\n          \u001b[36m</section>\u001b[39m\n        \u001b[36m</main>\u001b[39m\n      \u001b[36m</div>\u001b[39m\n    \u001b[36m</div>\u001b[39m\n  \u001b[36m</div>\u001b[39m\n\u001b[36m</body>\u001b[39m\n    at waitForWrapper (C:\\Users\\user\\new\\audioRecorder\\node_modules\\@testing-library\\dom\\dist\\wait-for.js:163:27)\n    at findAllByText (C:\\Users\\user\\new\\audioRecorder\\node_modules\\@testing-library\\dom\\dist\\query-helpers.js:86:33)\n    at Object.<anonymous> (C:\\Users\\user\\new\\audioRecorder\\src\\App.integration.test.js:185:26)\n    at Promise.then.completed (C:\\Users\\user\\new\\audioRecorder\\node_modules\\jest-circus\\build\\utils.js:391:28)\n    at new Promise (<anonymous>)\n    at callAsyncCircusFn (C:\\Users\\user\\new\\audioRecorder\\node_modules\\jest-circus\\build\\utils.js:316:10)\n    at _callCircusTest (C:\\Users\\user\\new\\audioRecorder\\node_modules\\jest-circus\\build\\run.js:218:40)\n    at _runTest (C:\\Users\\user\\new\\audioRecorder\\node_modules\\jest-circus\\build\\run.js:155:3)\n    at _runTestsForDescribeBlock (C:\\Users\\user\\new\\audioRecorder\\node_modules\\jest-circus\\build\\run.js:66:9)\n    at _runTestsForDescribeBlock (C:\\Users\\user\\new\\audioRecorder\\node_modules\\jest-circus\\build\\run.js:60:9)\n    at run (C:\\Users\\user\\new\\audioRecorder\\node_modules\\jest-circus\\build\\run.js:25:3)\n    at runAndTransformResultsToJestFormat (C:\\Users\\user\\new\\audioRecorder\\node_modules\\jest-circus\\build\\legacy-code-todo-rewrite\\jestAdapterInit.js:170:21)\n    at jestAdapter (C:\\Users\\user\\new\\audioRecorder\\node_modules\\jest-circus\\build\\legacy-code-todo-rewrite\\jestAdapter.js:82:19)\n    at runTestInternal (C:\\Users\\user\\new\\audioRecorder\\node_modules\\jest-runner\\build\\runTest.js:389:16)\n    at runTest (C:\\Users\\user\\new\\audioRecorder\\node_modules\\jest-runner\\build\\runTest.js:475:34)\n    at Object.worker (C:\\Users\\user\\new\\audioRecorder\\node_modules\\jest-runner\\build\\testWorker.js:133:12)"],"fullName":"App integration exports meeting notes from the studio view","location":null,"status":"failed","title":"exports meeting notes from the studio view"},{"ancestorTitles":["App integration"],"failureMessages":["Error: Unable to find an element with the text: /Spotkanie A/i. This could be because the text is broken up by multiple elements. In this case, you can provide a function for your text matcher to make your matcher more flexible.\n\nIgnored nodes: comments, script, style\n\u001b[36m<body>\u001b[39m\n  \u001b[36m<div>\u001b[39m\n    \u001b[36m<div\u001b[39m\n      \u001b[33mclass\u001b[39m=\u001b[32m\"app-shell\"\u001b[39m\n    \u001b[36m>\u001b[39m\n      \u001b[36m<div\u001b[39m\n        \u001b[33mclass\u001b[39m=\u001b[32m\"backdrop-orb backdrop-orb-left\"\u001b[39m\n      \u001b[36m/>\u001b[39m\n      \u001b[36m<div\u001b[39m\n        \u001b[33mclass\u001b[39m=\u001b[32m\"backdrop-orb backdrop-orb-right\"\u001b[39m\n      \u001b[36m/>\u001b[39m\n      \u001b[36m<header\u001b[39m\n        \u001b[33mclass\u001b[39m=\u001b[32m\"topbar\"\u001b[39m\n      \u001b[36m>\u001b[39m\n        \u001b[36m<div\u001b[39m\n          \u001b[33mclass\u001b[39m=\u001b[32m\"topbar-title\"\u001b[39m\n        \u001b[36m>\u001b[39m\n          \u001b[36m<div>\u001b[39m\n            \u001b[36m<div\u001b[39m\n              \u001b[33mclass\u001b[39m=\u001b[32m\"eyebrow\"\u001b[39m\n            \u001b[36m>\u001b[39m\n              \u001b[0mVoiceLog OS\u001b[0m\n            \u001b[36m</div>\u001b[39m\n            \u001b[36m<h1>\u001b[39m\n              \u001b[0mMeeting intelligence studio\u001b[0m\n            \u001b[36m</h1>\u001b[39m\n          \u001b[36m</div>\u001b[39m\n          \u001b[36m<div\u001b[39m\n            \u001b[33mclass\u001b[39m=\u001b[32m\"tab-switcher\"\u001b[39m\n          \u001b[36m>\u001b[39m\n            \u001b[36m<button\u001b[39m\n              \u001b[33maria-label\u001b[39m=\u001b[32m\"Wróć do poprzedniej zakładki\"\u001b[39m\n              \u001b[33mclass\u001b[39m=\u001b[32m\"tab-back-btn\"\u001b[39m\n              \u001b[33mtitle\u001b[39m=\u001b[32m\"Cofnij\"\u001b[39m\n              \u001b[33mtype\u001b[39m=\u001b[32m\"button\"\u001b[39m\n            \u001b[36m>\u001b[39m\n              \u001b[0m←\u001b[0m\n            \u001b[36m</button>\u001b[3
[...]
b[32m\"16\"\u001b[39m\n                    \u001b[33mxmlns\u001b[39m=\u001b[32m\"http://www.w3.org/2000/svg\"\u001b[39m\n                  \u001b[36m>\u001b[39m\n                    \u001b[36m<path\u001b[39m\n                      \u001b[33md\u001b[39m=\u001b[32m\"M22 19V5a2 2 0 0 0-2-2H4a2 2 0 0 0-2 2v14a2 2 0 0 0 2 2h16a2 2 0 0 0 2-2z\"\u001b[39m\n                    \u001b[36m/>\u001b[39m\n                    \u001b[36m<path\u001b[39m\n                      \u001b[33md\u001b[39m=\u001b[32m\"M7 21v-4a2 2 0 0 1 2-2h6a2 2 0 0 1 2 2v4\"\u001b[39m\n                    \u001b[36m/>\u001b[39m\n                    \u001b[36m<path\u001b[39m\n                      \u001b[33md\u001b[39m=\u001b[32m\"M11 3v4\"\u001b[39m\n                    \u001b[36m/>\u001b[39m\n                    \u001b[36m<path\u001b[39m\n                      \u001b[33md\u001b[39m=\u001b[32m\"M15 3v4\"\u001b[39m\n                    \u001b[36m/>\u001b[39m\n                    \u001b[36m<path\u001b[39m\n                      \u001b[33md\u001b[39m=\u001b[32m\"M3 11h18\"\u001b[39m\n                    \u001b[36m/>\u001b[39m\n                  \u001b[36m</svg>\u001b[39m\n                  \u001b[36m<span>\u001b[39m\n                    \u001b[0mNagrania\u001b[0m\n                  \u001b[36m</span>\u001b[39m\n                \u001b[36m</button>\u001b[39m\n                \u001b[36m<button\u001b[39m\n                  \u001b[33mclass\u001b[39m=\u001b[32m\"tab-pill\"\u001b[39m\n                  \u001b[33mtype\u001b[39m=\u001b[32m\"button\"\u001b[39m\n                \u001b[36m>\u001b[39m\n                  \u001b[36m<svg\u001b[39m\n                    \u001b[33mfill\u001b[39m=\u001b[32m\"none\"\u001b[39m\n                    \u001b[33mheight\u001b[39m=\u001b[32m\"16\"\u001b[39m\n                    \u001b[33mstroke\u001b[39m=\u001b[32m\"currentColor\"\u001b[39m\n                    \u001b[33mstroke-linecap\u001b[39m=\u001b[32m\"round\"\u001b[39m\n                    \u001b[33mstroke-linejoin\u001b[39m=\u001b[32m\"round\"\u001b[39m\n                    \u001b[33mstroke-width\u001b[39m=\u001b[32m\"2\"\u001b[39m\n                    \u001b[33mviewBox\u001b[39m=\u001b[32m\"0 0 24 24\"\u001b[39m\n                    \u001b[33mwidth\u001b[39m=\u001b[32m\"16\"\u001b[39m\n                    \u001b[33mxmlns\u001b[39m=\u001b[32m\"http://www.w3.org/2000/svg\"\u001b[39m\n                  \u001b[36m>\u001b[39m\n                    \u001b[36m<rect\u001b[39m\n                      \u001b[33mheight\u001b[39m=\u001b[32m\"18\"\u001b[39m\n                      \u001b[33mrx\u001b[39m=\u001b[32m\"2\"\u001b[39m\n                      \u001b[33mry\u001b[39m=\u001b[32m\"2\"\u001b[39m\n                      \u001b[33mwidth\u001b[39m=\u001b[32m\"18\"\u001b[39m\n                      \u001b[33mx\u001b[39m=\u001b[32m\"3\"\u001b[39m\n                      \u001b[33my\u001b[39m=\u001b[32m\"4\"\u001b[39m\n                    \u001b[36m/>\u001b[39m\n                    \u001b[36m<line\u001b[39m\n                      \u001b[33mx1\u001b[39m=\u001b[32m\"16\"\u001b[39m\n                      \u001b[33mx2\u001b[39m=\u001b[32m\"16\"\u001b[39m\n                      \u001b[33my1\u001b[39m=\u001b[32m\"2\"\u001b[39m\n                      \u001b[33my2\u001b[39m=\u001b[32m\"6\"\u001b[39m\n                    \u001b[36m/>\u001b[39m\n                    \u001b[36m<line\u001b[39m\n                      \u001b[33mx1\u001b[39m=\u001b[32m\"8\"\u001b[39m\n                      \u001b[33mx2\u001b[39m=\u001b[32m\"8\"\u001b[39m\n                      \u001b[33my1\u001b[39m=\u001b[32m\"2\"\u001b[39m\n                      \u001b[33my2\u001b[39m=\u001b[32m\"6\"\u001b[39m\n                    \u001b[36m/>\u001b[39m\n                    \u001b[36m<line\u001b[39m\n                      \u001b[33mx1\u001b[39m=\u001b[32m\"3\"\u001b[39m\n                      \u001b[33mx2\u001b[39m=\u001b[32m\"21\"\u001b[39m\n                      \u001b[33my1\u001b[39m=\u001b[32m\"10\"\u001b[39m\n                      \u001b[33my2\u001b[39m=\u001b[32m\"10\"\u001b[39m\n                    \u001b[36m/>\u001b[39m\n                  \u001b[36m</svg>\u001b[39m\n                  \u001b[36m<span>\u001b[39m\n                    \u001b[0mKalendarz\u001b[0m\n                  \u001b[36m</span>\u001b[39m\n                \u001b[36m</button>\u001b[39m\n                \u001b[36m<button\u001b[39m\n                  \u001b[33mclass\u001b[39m=\u001b[32m\"tab-pill\"\u001b[39m\n                  \u001b[33mtype\u001b[39m=\u001b[32m\"button\"\u001b[39m\n                \u001b[36m>\u001b[39m\n                  \u001b[36m<svg\u001b[39m\n                    \u001b[33mfill\u001b[39m=\u001b[32m\"none\"\u001b[39m\n                    \u001b[33mheight\u001b[39m=\u001b[32m\"16\"\u001b[39m\n                    \u001b[33mstroke\u001b[39m=\u001b[32m\"currentColor\"\u001b[39m\n                    \u001b[33mstroke-linecap\u001b[39m=\u001b[32m\"round\"\u001b[39m\n                    \u001b[33mstroke-linejoin\u001b[39m=\u001b[32m\"round\"\u001b[39m\n                    \u001b[33mstroke-width\u001b[39m=\u001b[32m\"2\"\u001b[39m\n                    \u001b[33mviewBox\u001b[39m=\u001b[32m\"0 0 24 24\"\u001b[39m\n                    \u001b[33mwidth\u001b[39m=\u001b[32m\"16\"\u001b[39m\n                    \u001b[33mxmlns\u001b[39m=\u001b[32m\"http://www.w3.org/2000/svg\"\u001b[39m\n                  \u001b[36m>\u001b[39m\n                    \u001b[36m<polyline\u001b[39m\n                      \u001b[33mpoints\u001b[39m=\u001b[32m\"9 11 12 14 22 4\"\u001b[39m\n                    \u001b[36m/>\u001b[39m\n                    \u001b[36m<path\u001b[39m\n                      \u001b[33md\u001b[39m=\u001b[32m\"M21 12v7a2 2 0 0 1-2 2H5a2 2 0 0 1-2-2V5a2 2 0 0 1 2-2h11\"\u001b[39m\n                    \u001b[36m/>\u001b[39m\n                  \u001b[36m</svg>\u001b[39m\n                  \u001b[36m<span>\u001b[39m\n                    \u001b[0mZadania\u001b[0m\n                  \u001b[36m</span>\u001b[39m\n                \u001b[36m</button>\u001b[39m\n                \u001b[36m<button\u001b[39m\n                  \u001b[33mclass\u001b[39m=\u001b[32m\"tab-pill\"\u001b[39m\n                  \u001b[33mtype\u001b[39m=\u001b[32m\"button\"\u001b[39m\n                \u001b[36m>\u001b[39m\n                  \u001b[36m<svg\u001b[39m\n                    \u001b[33mfill\u001b[39m=\u001b[32m\"none\"\u001b[39m\n                    \u001b[33mheight\u001b[39m=\u001b[32m\"16\"\u001b[39m\n                    \u001b[33mstroke\u001b[39m=\u001b[32m\"currentColor\"\u001b[39m\n                    \u001b[33mstroke-linecap\u001b[39m=\u001b[32m\"round\"\u001b[39m\n                    \u001b[33mstroke-linejoin\u001b[39m=\u001b[32m\"round\"\u001b[39m\n                    \u001b[33mstroke-width\u001b[39m=\u001b[32m\"2\"\u001b[39m\n                    \u001b[33mviewBox\u001b[39m=\u001b[32m\"0 0 24 24\"\u001b[39m\n                    \u001b[33mwidth\u001b[39m=\u001b[32m\"16\"\u001b[39m\n                    \u001b[33mxmlns\u001b[39m=\u001b[32m\"http://www.w3.org/2000/svg\"\u001b[39m\n                  \u001b[36m>\u001b[39m\n                    \u001b[36m<path\u001b[39m\n                      \u001b[33md\u001b[39m=\u001b[32m\"M16 21v-2a4 4 0 0 0-4-4H6a4 4 0 0 0-4 4v2\"\u001b[39m\n                    \u001b[36m/>\u001b[39m\n                    \u001b[36m<circle\u001b[39m\n                      \u001b[33mcx\u001b[39m=\u001b[32m\"9\"\u001b[39m\n                      \u001b[33mcy\u001b[39m=\u001b[32m\"7\"\u001b[39m\n                      \u001b[33mr\u001b[39m=\u001b[32m\"4\"\u001b[39m\n                    \u001b[36m/>\u001b[39m\n                    \u001b[36m<path\u001b[39m\n                      \u001b[33md\u001b[39m=\u001b[32m\"M22 21v-2a4 4 0 0 0-3-3.87\"\u001b[39m\n                    \u001b[36m/>\u001b[39m\n                    \u001b[36m<path\u001b[39m\n                      \u001b[33md\u001b[39m=\u001b[32m\"M16 3.13a4 4 0 0 1 0 7.75\"\u001b[39m\n                    \u001b[36m/>\u001b[39m\n                  \u001b[36m</svg>\u001b[39m\n                  \u001b[36m<span>\u001b[39m\n                    \u001b[0mOsoby\u001b[0m\n                  \u001b[36m</span>\u001b[39m\n                \u001b[36m</button>\u001b[39m\n                \u001b[36m<button\u001b[39m\n                  \u001b[33mclass\u001b[39m=\u001b[32m\"tab-pill\"\u001b[39m\n                  \u001b[33mtype\u001b[39m=\u001b[32m\"button\"\u001b[39m\n                \u001b[36m>\u001b[39m\n                  \u001b[36m<svg\u001b[39m\n                    \u001b[33mfill\u001b[39m=\u001b[32m\"none\"\u001b[39m\n                    \u001b[33mheight\u001b[39m=\u001b[32m\"16\"\u001b[39m\n                    \u001b[33mstroke\u001b[39m=\u001b[32m\"currentColor\"\u001b[39m\n                    \u001b[33mstroke-linecap\u001b[39m=\u001b[32m\"round\"\u001b[39m\n                    \u001b[33mstroke-linejoin\u001b[39m=\u001b[32m\"round\"\u001b[39m\n                    \u001b[33mstroke-width\u001b[39m=\u001b[32m\"2\"\u001b[39m\n                    \u001b[33mviewBox\u001b[39m=\u001b[32m\"0 0 24 24\"\u001b[39m\n                    \u001b[33mwidth\u001b[39m=\u001b[32m\"16\"\u001b[39m\n                    \u001b[33mxmlns\u001b[39m=\u001b[32m\"http://www.w3.org/2000/svg\"\u001b[39m\n                  \u001b[36m>\u001b[39m\n                    \u001b[36m<path\u001b[39m\n                      \u001b[33md\u001b[39m=\u001b[32m\"M14.5 2H6a2 2 0 0 0-2 2v16a2 2 0 0 0 2 2h12a2 2 0 0 0 2-2V7.5L14.5 2z\"\u001b[39m\n                    \u001b[36m/>\u001b[39m\n                    \u001b[36m<polyline\u001b[39m\n                      \u001b[33mpoints\u001b[39m=\u001b[32m\"14 2 14 8 20 8\"\u001b[39m\n                    \u001b[36m/>\u001b[39m\n                    \u001b[36m<line\u001b[39m\n                      \u001b[33mx1\u001b[39m=\u001b[32m\"16\"\u001b[39m\n                      \u001b[33mx2\u001b[39m=\u001b[32m\"8\"\u001b[39m\n                      \u001b[33my1\u001b[39m=\u001b[32m\"13\"\u001b[39m\n                      \u001b[33my2\u001b[39m=\u001b[32m\"13\"\u001b[39m\n                    \u001b[36m/>\u001b[39m\n                    \u001b[36m<line\u001b[39m\n                      \u001b[33mx1\u001b[39m=\u001b[32m\"16\"\u001b[39m\n                      \u001b[33mx2\u001b[39m=\u001b[32m\"8\"\u001b[39m\n                      \u001b[33my1\u001b[39m=\u001b[32m\"17\"\u001b[39m\n                      \u001b[33my2\u001b[39m=\u001b[32m\"17\"\u001b[39m\n                    \u001b[36m/>\u001b[39m\n                    \u001b[36m<line\u001b[39m\n                      \u001b[33mx1\u001b[39m=\u001b[32m\"10\"\u001b[39m\n                      \u001b[33mx2\u001b[39m=\u001b[32m\"8\"\u001b[39m\n                      \u001b[33my1\u001b[39m=\u001b[32m\"9\"\u001b[39m\n                      \u001b[33my2\u001b[39m=\u001b[32m\"9\"\u001b[39m\n                    \u001b[36m/>\u001b[39m\n                  \u001b[36m</svg>\u001b[39m\n                  \u001b[36m<span>\u001b[39m\n                    \u001b[0mNotatki\u001b[0m\n                  \u001b[36m</span>\u001b[39m\n                \u001b[36m</button>\u001b[39m\n              \u001b[36m</div>\u001b[39m\n            \u001b[36m</div>\u001b[39m\n            \u001b[36m<div\u001b[39m\n              \u001b[33mclass\u001b[39m=\u001b[32m\"topbar-actions\"\u001b[39m\n            \u001b[36m>\u001b[39m\n              \u001b[36m<div\u001b[39m\n                \u001b[33mclass\u001b[39m=\u001b[32m\"notification-anchor\"\u001b[39m\n              \u001b[36m>\u001b[39m\n                \u001b[36m<button\u001b[39m\n                  \u001b[33maria-label\u001b[39m=\u001b[32m\"Powiadomienia\"\u001b[39m\n                  \u001b[33mclass\u001b[39m=\u001b[32m\"notification-trigger\"\u001b[39m\n                  \u001b[33mtype\u001b[39m=\u001b[32m\"button\"\u001b[39m\n                \u001b[36m>\u001b[39m\n                  \u001b[36m<span\u001b[39m\n                    \u001b[33mclass\u001b[39m=\u001b[32m\"notification-trigger-icon\"\u001b[39m\n                  \u001b[36m>\u001b[39m\n                    \u001b[0m⏰\u001b[0m\n                  \u001b[36m</span>\u001b[39m\n                \u001b[36m</button>\u001b[39m\n              \u001b[36m</div>\u001b[39m\n              \u001b[36m<button\u001b[39m\n                \u001b[33mclass\u001b[39m=\u001b[32m\"ghost-button command-palette-launcher\"\u001b[39m\n                \u001b[33mtype\u001b[39m=\u001b[32m\"button\"\u001b[39m\n              \u001b[36m>\u001b[39m\n                \u001b[0mSzukaj\u001b[0m\n                \u001b[36m<span>\u001b[39m\n                  \u001b[0mCtrl+K\u001b[0m\n                \u001b[36m</span>\u001b[39m\n              \u001b[36m</button>\u001b[39m\n              \u001b[36m<button\u001b[39m\n                \u001b[33mclass\u001b[39m=\u001b[32m\"topbar-record-btn\"\u001b[39m\n                \u001b[33mtitle\u001b[39m=\u001b[32m\"Nagranie ad hoc\"\u001b[39m\n                \u001b[33mtype\u001b[39m=\u001b[32m\"button\"\u001b[39m\n              \u001b[36m>\u001b[39m\n                \u001b[36m<span\u001b[39m\n                  \u001b[33mclass\u001b[39m=\u001b[32m\"topbar-record-dot\"\u001b[39m\n                \u001b[36m/>\u001b[39m\n                \u001b[0mNagraj\u001b[0m\n              \u001b[36m</button>\u001b[39m\n              \u001b[36m<label\u001b[39m\n                \u001b[33mclass\u001b[39m=\u001b[32m\"workspace-switch\"\u001b[39m\n              \u001b[36m>\u001b[39m\n                \u001b[36m<span>\u001b[39m\n                  \u001b[0mWorkspace\u001b[0m\n                \u001b[36m</span>\u001b[39m\n                \u001b[36m<select>\u001b[39m\n                  \u001b[36m<option\u001b[39m\n                    \u001b[33mvalue\u001b[39m=\u001b[32m\"workspace_1\"\u001b[39m\n                  \u001b[36m>\u001b[39m\n                    \u001b[0mWorkspace One\u001b[0m\n                  \u001b[36m</option>\u001b[39m\n                  \u001b[36m<option\u001b[39m\n                    \u001b[33mvalue\u001b[39m=\u001b[32m\"workspace_2\"\u001b[39m\n                  \u001b[36m>\u001b[39m\n                    \u001b[0mWorkspace Two\u001b[0m\n                  \u001b[36m</option>\u001b[39m\n                \u001b[36m</select>\u001b[39m\n              \u001b[36m</label>\u001b[39m\n              \u001b[36m<div\u001b[39m\n                \u001b[33mclass\u001b[39m=\u001b[32m\"user-card\"\u001b[39m\n              \u001b[36m>\u001b[39m\n                \u001b[36m<div>\u001b[39m\n                  \u001b[36m<strong>\u001b[39m\n                    \u001b[0mAnna Nowak\u001b[0m\n                  \u001b[36m</strong>\u001b[39m\n                  \u001b[36m<span>\u001b[39m\n                    \u001b[0mPM\u001b[0m\n                  \u001b[36m</span>\u001b[39m\n                \u001b[36m</div>\u001b[39m\n                \u001b[36m<button\u001b[39m\n                  \u001b[33maria-label\u001b[39m=\u001b[32m\"Otworz ustawienia\"\u001b[39m\n                  \u001b[33mclass\u001b[39m=\u001b[32m\"settings-button\"\u001b[39m\n                  \u001b[33mtype\u001b[39m=\u001b[32m\"button\"\u001b[39m\n                \u001b[36m>\u001b[39m\n                  \u001b[0m⚙\u001b[0m\n                \u001b[36m</button>\u001b[39m\n              \u001b[36m</div>\u001b[39m\n            \u001b[36m</div>\u001b[39m\n          \u001b[36m</header>\u001b[39m\n          \u001b[36m<div\u001b[39m\n            \u001b[33mclass\u001b[39m=\u001b[32m\"\"\u001b[39m\n          \u001b[36m>\u001b[39m\n            \u001b[36m<main\u001b[39m\n              \u001b[33mclass\u001b[39m=\u001b[32m\"\"\u001b[39m\n              \u001b[33mstyle\u001b[39m=\u001b[32m\"width: 100%;\"\u001b[39m\n            \u001b[36m>\u001b[39m\n              \u001b[36m<section\u001b[39m\n                \u001b[33mclass\u001b[39m=\u001b[32m\"hero-panel empty-workspace\"\u001b[39m\n              \u001b[36m>\u001b[39m\n                \u001b[36m<div\u001b[39m\n                  \u001b[33mclass\u001b[39m=\u001b[32m\"empty-workspace-inner\"\u001b[39m\n                \u001b[36m>\u001b[39m\n                  \u001b[36m<div\u001b[39m\n                    \u001b[33mclass\u001b[39m=\u001b[32m\"eyebrow\"\u001b[39m\n                  \u001b[36m>\u001b[39m\n                    \u001b[0mStudio\u001b[0m\n                  \u001b[36m</div>\u001b[39m\n                  \u001b[36m<h2>\u001b[39m\n                    \u001b[0mBrak aktywnego spotkania\u001b[0m\n                  \u001b[36m</h2>\u001b[39m\n                  \u001b[36m<p>\u001b[39m\n                    \u001b[0mPrzejdź do zakładki \u001b[0m\n                    \u001b[36m<strong>\u001b[39m\n                      \u001b[0mNagrania\u001b[0m\n                    \u001b[36m</strong>\u001b[39m\n                    \u001b[0m, aby wybrać nagranie do analizy lub uruchom nagranie ad hoc.\u001b[0m\n                  \u001b[36m</p>\u001b[39m\n                  \u001b[36m<div\u001b[39m\n                    \u001b[33mclass\u001b[39m=\u001b[32m\"button-row\"\u001b[39m\n                  \u001b[36m>\u001b[39m\n                    \u001b[36m<button\u001b[39m\n                      \u001b[33mclass\u001b[39m=\u001b[32m\"primary-button\"\u001b[39m\n                      \u001b[33mtype\u001b[39m=\u001b[32m\"button\"\u001b[39m\n                    \u001b[36m>\u001b[39m\n                      \u001b[0m⬤ Nagraj ad hoc\u001b[0m\n                    \u001b[36m</button>\u001b[39m\n                    \u001b[36m<button\u001b[39m\n                      \u001b[33mclass\u001b[39m=\u001b[32m\"ghost-button\"\u001b[39m\n                      \u001b[33mtype\u001b[39m=\u001b[32m\"button\"\u001b[39m\n                    \u001b[36m>\u001b[39m\n                      \u001b[0mPrzygotuj brief\u001b[0m\n                    \u001b[36m</button>\u001b[39m\n                  \u001b[36m</div>\u001b[39m\n                \u001b[36m</div>\u001b[39m\n              \u001b[36m</section>\u001b[39m\n            \u001b[36m</main>\u001b[39m\n          \u001b[36m</div>\u001b[39m\n        \u001b[36m</div>\u001b[39m\n      \u001b[36m</div>\u001b[39m\n    \u001b[36m</body>\u001b[39m\n\u001b[2m\u001b[22m\n\u001b[2m    \u001b[0m \u001b[90m 406 |\u001b[39m     })\u001b[33m;\u001b[39m\u001b[22m\n\u001b[2m     \u001b[90m 407 |\u001b[39m     render(\u001b[33m<\u001b[39m\u001b[33mApp\u001b[39m \u001b[33m/\u001b[39m\u001b[33m>\u001b[39m)\u001b[33m;\u001b[39m\u001b[22m\n\u001b[2m    \u001b[31m\u001b[1m>\u001b[22m\u001b[2m\u001b[39m\u001b[90m 408 |\u001b[39m     \u001b[36mconst\u001b[39m elements \u001b[33m=\u001b[39m \u001b[36mawait\u001b[39m screen\u001b[33m.\u001b[39mfindAllByText(\u001b[35m/Spotkanie A/i\u001b[39m\u001b[33m,\u001b[39m {}\u001b[33m,\u001b[39m { timeout\u001b[33m:\u001b[39m \u001b[35m10000\u001b[39m })\u001b[33m;\u001b[39m\u001b[22m\n\u001b[2m     \u001b[90m     |\u001b[39m                                   \u001b[31m\u001b[1m^\u001b[22m\u001b[2m\u001b[39m\u001b[22m\n\u001b[2m     \u001b[90m 409 |\u001b[39m     expect(elements\u001b[33m.\u001b[39mlength)\u001b[33m.\u001b[39mtoBeGreaterThan(\u001b[35m0\u001b[39m)\u001b[33m;\u001b[39m\u001b[22m\n\u001b[2m     \u001b[90m 410 |\u001b[39m     \u001b[36mawait\u001b[39m userEvent\u001b[33m.\u001b[39mclick(screen\u001b[33m.\u001b[39mgetByRole(\u001b[32m\"button\"\u001b[39m\u001b[33m,\u001b[39m { name\u001b[33m:\u001b[39m \u001b[32m\"Nagranie ad hoc\"\u001b[39m }))\u001b[33m;\u001b[39m\u001b[22m\n\u001b[2m     \u001b[90m 411 |\u001b[39m\u001b[0m\u001b[22m\n\u001b[2m\u001b[22m\n\u001b[2m      \u001b[2mat waitForWrapper (\u001b[22m\u001b[2mnode_modules/@testing-library/dom/dist/wait-for.js\u001b[2m:163:27)\u001b[22m\u001b[2m\u001b[22m\n\u001b[2m      \u001b[2mat findAllByText (\u001b[22m\u001b[2mnode_modules/@testing-library/dom/dist/query-helpers.js\u001b[2m:86:33)\u001b[22m\u001b[2m\u001b[22m\n\u001b[2m      \u001b[2mat Object.<anonymous> (\u001b[22m\u001b[2m\u001b[0m\u001b[36msrc/App.integration.test.js\u001b[39m\u001b[0m\u001b[2m:408:35)\u001b[22m\u001b[2m\u001b[22m\n","name":"C:\\Users\\user\\new\\audioRecorder\\src\\App.integration.test.js","startTime":1773916133204,"status":"failed","summary":""}],"wasInterrupted":false}