{"numFailedTestSuites":2,"numFailedTests":9,"numPassedTestSuites":2,"numPassedTests":10,"numPendingTestSuites":0,"numPendingTests":0,"numRuntimeErrorTestSuites":0,"numTodoTests":0,"numTotalTestSuites":4,"numTotalTests":19,"openHandles":[],"snapshot":{"added":0,"didUpdate":false,"failure":false,"filesAdded":0,"filesRemoved":0,"filesRemovedList":[],"filesUnmatched":0,"filesUpdated":0,"matched":0,"total":0,"unchecked":0,"uncheckedKeysByFile":[],"unmatched":0,"updated":0},"startTime":1773920161458,"success":false,"testResults":[{"assertionResults":[{"ancestorTitles":["useAudioHardware"],"failureMessages":[],"fullName":"useAudioHardware starts and stops recording","location":null,"status":"passed","title":"starts and stops recording"}],"endTime":1773920164384,"message":"","name":"C:\\Users\\user\\new\\audioRecorder\\src\\hooks\\useAudioHardware.test.js","startTime":1773920162973,"status":"passed","summary":""},{"assertionResults":[{"ancestorTitles":["useRecordingActions"],"failureMessages":[],"fullName":"useRecordingActions renameSpeaker","location":null,"status":"passed","title":"renameSpeaker"},{"ancestorTitles":["useRecordingActions"],"failureMessages":[],"fullName":"useRecordingActions updateTranscriptSegment","location":null,"status":"passed","title":"updateTranscriptSegment"},{"ancestorTitles":["useRecordingActions"],"failureMessages":[],"fullName":"useRecordingActions assignSpeakerToTranscriptSegments","location":null,"status":"passed","title":"assignSpeakerToTranscriptSegments"},{"ancestorTitles":["useRecordingActions"],"failureMessages":[],"fullName":"useRecordingActions addRecordingMarker, updateRecordingMarker, deleteRecordingMarker","location":null,"status":"passed","title":"addRecordingMarker, updateRecordingMarker, deleteRecordingMarker"},{"ancestorTitles":["useRecordingActions"],"failureMessages":[],"fullName":"useRecordingActions renameTag and deleteTag","location":null,"status":"passed","title":"renameTag and deleteTag"},{"ancestorTitles":["useRecordingActions"],"failureMessages":[],"fullName":"useRecordingActions addMeetingComment and attachCompletedRecording","location":null,"status":"passed","title":"addMeetingComment and attachCompletedRecording"},{"ancestorTitles":["useRecordingActions"],"failureMessages":[],"fullName":"useRecordingActions rescheduleMeeting","location":null,"status":"passed","title":"rescheduleMeeting"},{"ancestorTitles":["useRecordingActions"],"failureMessages":[],"fullName":"useRecordingActions mergeTranscriptSegments and splitTranscriptSegment","location":null,"status":"passed","title":"mergeTranscriptSegments and splitTranscriptSegment"}],"endTime":1773920164424,"message":"","name":"C:\\Users\\user\\new\\audioRecorder\\src\\hooks\\useRecordingActions.test.js","startTime":1773920162986,"status":"passed","summary":""},{"assertionResults":[{"ancestorTitles":["useMeetingLifecycle"],"failureMessages":["TypeError: Cannot read properties of undefined (reading 'join')\n    at meetingToDraft (C:\\Users\\user\\new\\audioRecorder\\src\\lib\\meeting.js:120:34)\n    at C:\\Users\\user\\new\\audioRecorder\\src\\hooks\\useMeetingLifecycle.js:123:39\n    at Object.react_stack_bottom_frame (C:\\Users\\user\\new\\audioRecorder\\node_modules\\react-dom\\cjs\\react-dom-client.development.js:25989:20)\n    at runWithFiberInDEV (C:\\Users\\user\\new\\audioRecorder\\node_modules\\react-dom\\cjs\\react-dom-client.development.js:874:13)\n    at commitHookEffectListMount (C:\\Users\\user\\new\\audioRecorder\\node_modules\\react-dom\\cjs\\react-dom-client.development.js:13249:29)\n    at commitHookPassiveMountEffects (C:\\Users\\user\\new\\audioRecorder\\node_modules\\react-dom\\cjs\\react-dom-client.development.js:13336:11)\n    at commitPassiveMountOnFiber (C:\\Users\\user\\new\\audioRecorder\\node_modules\\react-dom\\cjs\\react-dom-client.development.js:15484:13)\n    at recursivelyTraversePassiveMountEffects (C:\\Users\\user\\new\\audioRecorder\\node_modules\\react-dom\\cjs\\react-dom-client.development.js:15439:11)\n    at commitPassiveMountOnFiber (C:\\Users\\user\\new\\audioRecorder\\node_modules\\react-dom\\cjs\\react-dom-client.development.js:15519:11)\n    at flushPassiveEffects (C:\\Users\\user\\new\\audioRecorder\\node_modules\\react-dom\\cjs\\react-dom-client.development.js:18432:9)\n    at C:\\Users\\user\\new\\audioRecorder\\node_modules\\react-dom\\cjs\\react-dom-client.development.js:17923:15\n    at flushActQueue (C:\\Users\\user\\new\\audioRecorder\\node_modules\\react\\cjs\\react.development.js:590:34)\n    at Object.<anonymous>.process.env.NODE_ENV.exports.act (C:\\Users\\user\\new\\audioRecorder\\node_modules\\react\\cjs\\react.development.js:884:10)\n    at C:\\Users\\user\\new\\audioRecorder\\node_modules\\@testing-library\\react\\dist\\act-compat.js:46:25\n    at renderRoot (C:\\Users\\user\\new\\audioRecorder\\node_modules\\@testing-library\\react\\dist\\pure.js:189:26)\n    at render (C:\\Users\\user\\new\\audioRecorder\\node_modules\\@testing-library\\react\\dist\\pure.js:291:10)\n    at renderHook (C:\\Users\\user\\new\\audioRecorder\\node_modules\\@testing-library\\react\\dist\\pure.js:339:7)\n    at Object.<anonymous> (C:\\Users\\user\\new\\audioRecorder\\src\\hooks\\useMeetingLifecycle.test.js:28:34)\n    at Promise.then.completed (C:\\Users\\user\\new\\audioRecorder\\node_modules\\jest-circus\\build\\utils.js:391:28)\n    at new Promise (<anonymous>)\n    at callAsyncCircusFn (C:\\Users\\user\\new\\audioRecorder\\node_modules\\jest-circus\\build\\utils.js:316:10)\n    at _callCircusTest (C:\\Users\\user\\new\\audioRecorder\\node_modules\\jest-circus\\build\\run.js:218:40)\n    at processTicksAndRejections (node:internal/process/task_queues:104:5)\n    at _runTest (C:\\Users\\user\\new\\audioRecorder\\node_modules\\jest-circus\\build\\run.js:155:3)\n    at _runTestsForDescribeBlock (C:\\Users\\user\\new\\audioRecorder\\node_modules\\jest-circus\\build\\run.js:66:9)\n    at _runTestsForDescribeBlock (C:\\Users\\user\\new\\audioRecorder\\node_modules\\jest-circus\\build\\run.js:60:9)\n    at run (C:\\Users\\user\\new\\audioRecorder\\node_modules\\jest-circus\\build\\run.js:25:3)\n    at runAndTransformResultsToJestFormat (C:\\Users\\user\\new\\audioRecorder\\node_modules\\jest-circus\\build\\legacy-code-todo-rewrite\\jestAdapterInit.js:170:21)\n    at jestAdapter (C:\\Users\\user\\new\\audioRecorder\\node_modules\\jest-circus\\build\\legacy-code-todo-rewrite\\jestAdapter.js:82:19)\n    at runTestInternal (C:\\Users\\user\\new\\audioRecorder\\node_modules\\jest-runner\\build\\runTest.js:389:16)\n    at runTest (C:\\Users\\user\\new\\audioRecorder\\node_modules\\jest-runner\\build\\runTest.js:475:34)\n    at Object.worker (C:\\Users\\user\\new\\audioRecorder\\node_modules\\jest-runner\\build\\testWorker.js:133:12)"],"fullName":"useMeetingLifecycle initialization and selecting meeting via derived state","location":null,"status":"failed","title":"initialization and selecting meeting via derived state"},{"ancestorTitles":["useMeetingLifecycle"],"failureMessages":["TypeError: Cannot read properties of undefined (reading 'join')\n    at meetingToDraft (C:\\Users\\user\\new\\audioRecorder\\src\\lib\\meeting.js:120:34)\n    at C:\\Users\\user\\new\\audioRecorder\\src\\hooks\\useMeetingLifecycle.js:123:39\n    at Object.react_stack_bottom_frame (C:\\Users\\user\\new\\audioRecorder\\node_modules\\react-dom\\cjs\\react-dom-client.development.js:25989:20)\n    at runWithFiberInDEV (C:\\Users\\user\\new\\audioRecorder\\node_modules\\react-dom\\cjs\\react-dom-client.development.js:874:13)\n    at commitHookEffectListMount (C:\\Users\\user\\new\\audioRecorder\\node_modules\\react-dom\\cjs\\react-dom-client.development.js:13249:29)\n    at commitHookPassiveMountEffects (C:\\Users\\user\\new\\audioRecorder\\node_modules\\react-dom\\cjs\\react-dom-client.development.js:13336:11)\n    at commitPassiveMountOnFiber (C:\\Users\\user\\new\\audioRecorder\\node_modules\\react-dom\\cjs\\react-dom-client.development.js:15484:13)\n    at recursivelyTraversePassiveMountEffects (C:\\Users\\user\\new\\audioRecorder\\node_modules\\react-dom\\cjs\\react-dom-client.development.js:15439:11)\n    at commitPassiveMountOnFiber (C:\\Users\\user\\new\\audioRecorder\\node_modules\\react-dom\\cjs\\react-dom-client.development.js:15519:11)\n    at flushPassiveEffects (C:\\Users\\user\\new\\audioRecorder\\node_modules\\react-dom\\cjs\\react-dom-client.development.js:18432:9)\n    at C:\\Users\\user\\new\\audioRecorder\\node_modules\\react-dom\\cjs\\react-dom-client.development.js:17923:15\n    at flushActQueue (C:\\Users\\user\\new\\audioRecorder\\node_modules\\react\\cjs\\react.development.js:590:34)\n    at Object.<anonymous>.process.env.NODE_ENV.exports.act (C:\\Users\\user\\new\\audioRecorder\\node_modules\\react\\cjs\\react.development.js:884:10)\n    at C:\\Users\\user\\new\\audioRecorder\\node_modules\\@testing-library\\react\\dist\\act-compat.js:46:25\n    at renderRoot (C:\\Users\\user\\new\\audioRecorder\\node_modules\\@testing-library\\react\\dist\\pure.js:189:26)\n    at render (C:\\Users\\user\\new\\audioRecorder\\node_modules\\@testing-library\\react\\dist\\pure.js:291:10)\n    at renderHook (C:\\Users\\user\\new\\audioRecorder\\node_modules\\@testing-library\\react\\dist\\pure.js:339:7)\n    at Object.<anonymous> (C:\\Users\\user\\new\\audioRecorder\\src\\hooks\\useMeetingLifecycle.test.js:47:34)\n    at Promise.then.completed (C:\\Users\\user\\new\\audioRecorder\\node_modules\\jest-circus\\build\\utils.js:391:28)\n    at new Promise (<anonymous>)\n    at callAsyncCircusFn (C:\\Users\\user\\new\\audioRecorder\\node_modules\\jest-circus\\build\\utils.js:316:10)\n    at _callCircusTest (C:\\Users\\user\\new\\audioRecorder\\node_modules\\jest-circus\\build\\run.js:218:40)\n    at processTicksAndRejections (node:internal/process/task_queues:104:5)\n    at _runTest (C:\\Users\\user\\new\\audioRecorder\\node_modules\\jest-circus\\build\\run.js:155:3)\n    at _runTestsForDescribeBlock (C:\\Users\\user\\new\\audioRecorder\\node_modules\\jest-circus\\build\\run.js:66:9)\n    at _runTestsForDescribeBlock (C:\\Users\\user\\new\\audioRecorder\\node_modules\\jest-circus\\build\\run.js:60:9)\n    at run (C:\\Users\\user\\new\\audioRecorder\\node_modules\\jest-circus\\build\\run.js:25:3)\n    at runAndTransformResultsToJestFormat (C:\\Users\\user\\new\\audioRecorder\\node_modules\\jest-circus\\build\\legacy-code-todo-rewrite\\jestAdapterInit.js:170:21)\n    at jestAdapter (C:\\Users\\user\\new\\audioRecorder\\node_modules\\jest-circus\\build\\legacy-code-todo-rewrite\\jestAdapter.js:82:19)\n    at runTestInternal (C:\\Users\\user\\new\\audioRecorder\\node_modules\\jest-runner\\build\\runTest.js:389:16)\n    at runTest (C:\\Users\\user\\new\\audioRecorder\\node_modules\\jest-runner\\build\\runTest.js:475:34)\n    at Object.worker (C:\\Users\\user\\new\\audioRecorder\\node_modules\\jest-runner\\build\\testWorker.js:133:12)"],"fullName":"useMeetingLifecycle startNewMeetingDraft & saveMeeting","location":null,"status":"failed","title":"startNewMeetingDraft & saveMeeting"},{"ancestorTitles":["useMeetingLifecycle"],"failureMessages":["TypeError: Cannot read properties of undefined (reading 'join')\n    at meetingToDraft (C:\\Users\\user\\new\\audioRecorder\\src\\lib\\meeting.js:120:34)\n    at C:\\Users\\user\\new\\audioRecorder\\src\\hooks\\useMeetingLifecycle.js:123:39\n    at Object.react_stack_bottom_frame (C:\\Users\\user\\new\\audioRecorder\\node_modules\\react-dom\\cjs\\react-dom-client.development.js:25989:20)\n    at runWithFiberInDEV (C:\\Users\\user\\new\\audioRecorder\\node_modules\\react-dom\\cjs\\react-dom-client.development.js:874:13)\n    at commitHookEffectListMount (C:\\Users\\user\\new\\audioRecorder\\node_modules\\react-dom\\cjs\\react-dom-client.development.js:13249:29)\n    at commitHookPassiveMountEffects (C:\\Users\\user\\new\\audioRecorder\\node_modules\\react-dom\\cjs\\react-dom-client.development.js:13336:11)\n    at commitPassiveMountOnFiber (C:\\Users\\user\\new\\audioRecorder\\node_modules\\react-dom\\cjs\\react-dom-client.development.js:15484:13)\n    at recursivelyTraversePassiveMountEffects (C:\\Users\\user\\new\\audioRecorder\\node_modules\\react-dom\\cjs\\react-dom-client.development.js:15439:11)\n    at commitPassiveMountOnFiber (C:\\Users\\user\\new\\audioRecorder\\node_modules\\react-dom\\cjs\\react-dom-client.development.js:15519:11)\n    at flushPassiveEffects (C:\\Users\\user\\new\\audioRecorder\\node_modules\\react-dom\\cjs\\react-dom-client.development.js:18432:9)\n    at C:\\Users\\user\\new\\audioRecorder\\node_modules\\react-dom\\cjs\\react-dom-client.development.js:17923:15\n    at flushActQueue (C:\\Users\\user\\new\\audioRecorder\\node_modules\\react\\cjs\\react.development.js:590:34)\n    at Object.<anonymous>.process.env.NODE_ENV.exports.act (C:\\Users\\user\\new\\audioRecorder\\node_modules\\react\\cjs\\react.development.js:884:10)\n    at C:\\Users\\user\\new\\audioRecorder\\node_modules\\@testing-library\\react\\dist\\act-compat.js:46:25\n    at renderRoot (C:\\Users\\user\\new\\audioRecorder\\node_modules\\@testing-library\\react\\dist\\pure.js:189:26)\n    at render (C:\\Users\\user\\new\\audioRecorder\\node_modules\\@testing-library\\react\\dist\\pure.js:291:10)\n    at renderHook (C:\\Users\\user\\new\\audioRecorder\\node_modules\\@testing-library\\react\\dist\\pure.js:339:7)\n    at Object.<anonymous> (C:\\Users\\user\\new\\audioRecorder\\src\\hooks\\useMeetingLifecycle.test.js:64:34)\n    at Promise.then.completed (C:\\Users\\user\\new\\audioRecorder\\node_modules\\jest-circus\\build\\utils.js:391:28)\n    at new Promise (<anonymous>)\n    at callAsyncCircusFn (C:\\Users\\user\\new\\audioRecorder\\node_modules\\jest-circus\\build\\utils.js:316:10)\n    at _callCircusTest (C:\\Users\\user\\new\\audioRecorder\\node_modules\\jest-circus\\build\\run.js:218:40)\n    at processTicksAndRejections (node:internal/process/task_queues:104:5)\n    at _runTest (C:\\Users\\user\\new\\audioRecorder\\node_modules\\jest-circus\\build\\run.js:155:3)\n    at _runTestsForDescribeBlock (C:\\Users\\user\\new\\audioRecorder\\node_modules\\jest-circus\\build\\run.js:66:9)\n    at _runTestsForDescribeBlock (C:\\Users\\user\\new\\audioRecorder\\node_modules\\jest-circus\\build\\run.js:60:9)\n    at run (C:\\Users\\user\\new\\audioRecorder\\node_modules\\jest-circus\\build\\run.js:25:3)\n    at runAndTransformResultsToJestFormat (C:\\Users\\user\\new\\audioRecorder\\node_modules\\jest-circus\\build\\legacy-code-todo-rewrite\\jestAdapterInit.js:170:21)\n    at jestAdapter (C:\\Users\\user\\new\\audioRecorder\\node_modules\\jest-circus\\build\\legacy-code-todo-rewrite\\jestAdapter.js:82:19)\n    at runTestInternal (C:\\Users\\user\\new\\audioRecorder\\node_modules\\jest-runner\\build\\runTest.js:389:16)\n    at runTest (C:\\Users\\user\\new\\audioRecorder\\node_modules\\jest-runner\\build\\runTest.js:475:34)\n    at Object.worker (C:\\Users\\user\\new\\audioRecorder\\node_modules\\jest-runner\\build\\testWorker.js:133:12)"],"fullName":"useMeetingLifecycle clearMeetingDraft","location":null,"status":"failed","title":"clearMeetingDraft"},{"ancestorTitles":["useMeetingLifecycle"],"failureMessages":["TypeError: Cannot read properties of undefined (reading 'join')\n    at meetingToDraft (C:\\Users\\user\\new\\audioRecorder\\src\\lib\\meeting.js:120:34)\n    at C:\\Users\\user\\new\\audioRecorder\\src\\hooks\\useMeetingLifecycle.js:123:39\n    at Object.react_stack_bottom_frame (C:\\Users\\user\\new\\audioRecorder\\node_modules\\react-dom\\cjs\\react-dom-client.development.js:25989:20)\n    at runWithFiberInDEV (C:\\Users\\user\\new\\audioRecorder\\node_modules\\react-dom\\cjs\\react-dom-client.development.js:874:13)\n    at commitHookEffectListMount (C:\\Users\\user\\new\\audioRecorder\\node_modules\\react-dom\\cjs\\react-dom-client.development.js:13249:29)\n    at commitHookPassiveMountEffects (C:\\Users\\user\\new\\audioRecorder\\node_modules\\react-dom\\cjs\\react-dom-client.development.js:13336:11)\n    at commitPassiveMountOnFiber (C:\\Users\\user\\new\\audioRecorder\\node_modules\\react-dom\\cjs\\react-dom-client.development.js:15484:13)\n    at recursivelyTraversePassiveMountEffects (C:\\Users\\user\\new\\audioRecorder\\node_modules\\react-dom\\cjs\\react-dom-client.development.js:15439:11)\n    at commitPassiveMountOnFiber (C:\\Users\\user\\new\\audioRecorder\\node_modules\\react-dom\\cjs\\react-dom-client.development.js:15519:11)\n    at flushPassiveEffects (C:\\Users\\user\\new\\audioRecorder\\node_modules\\react-dom\\cjs\\react-dom-client.development.js:18432:9)\n    at C:\\Users\\user\\new\\audioRecorder\\node_modules\\react-dom\\cjs\\react-dom-client.development.js:17923:15\n    at flushActQueue (C:\\Users\\user\\new\\audioRecorder\\node_modules\\react\\cjs\\react.development.js:590:34)\n    at Object.<anonymous>.process.env.NODE_ENV.exports.act (C:\\Users\\user\\new\\audioRecorder\\node_modules\\react\\cjs\\react.development.js:884:10)\n    at C:\\Users\\user\\new\\audioRecorder\\node_modules\\@testing-library\\react\\dist\\act-compat.js:46:25\n    at renderRoot (C:\\Users\\user\\new\\audioRecorder\\node_modules\\@testing-library\\react\\dist\\pure.js:189:26)\n    at render (C:\\Users\\user\\new\\audioRecorder\\node_modules\\@testing-library\\react\\dist\\pure.js:291:10)\n    at renderHook (C:\\Users\\user\\new\\audioRecorder\\node_modules\\@testing-library\\react\\dist\\pure.js:339:7)\n    at Object.<anonymous> (C:\\Users\\user\\new\\audioRecorder\\src\\hooks\\useMeetingLifecycle.test.js:78:34)\n    at Promise.then.completed (C:\\Users\\user\\new\\audioRecorder\\node_modules\\jest-circus\\build\\utils.js:391:28)\n    at new Promise (<anonymous>)\n    at callAsyncCircusFn (C:\\Users\\user\\new\\audioRecorder\\node_modules\\jest-circus\\build\\utils.js:316:10)\n    at _callCircusTest (C:\\Users\\user\\new\\audioRecorder\\node_modules\\jest-circus\\build\\run.js:218:40)\n    at processTicksAndRejections (node:internal/process/task_queues:104:5)\n    at _runTest (C:\\Users\\user\\new\\audioRecorder\\node_modules\\jest-circus\\build\\run.js:155:3)\n    at _runTestsForDescribeBlock (C:\\Users\\user\\new\\audioRecorder\\node_modules\\jest-circus\\build\\run.js:66:9)\n    at _runTestsForDescribeBlock (C:\\Users\\user\\new\\audioRecorder\\node_modules\\jest-circus\\build\\run.js:60:9)\n    at run (C:\\Users\\user\\new\\audioRecorder\\node_modules\\jest-circus\\build\\run.js:25:3)\n    at runAndTransformResultsToJestFormat (C:\\Users\\user\\new\\audioRecorder\\node_modules\\jest-circus\\build\\legacy-code-todo-rewrite\\jestAdapterInit.js:170:21)\n    at jestAdapter (C:\\Users\\user\\new\\audioRecorder\\node_modules\\jest-circus\\build\\legacy-code-todo-rewrite\\jestAdapter.js:82:19)\n    at runTestInternal (C:\\Users\\user\\new\\audioRecorder\\node_modules\\jest-runner\\build\\runTest.js:389:16)\n    at runTest (C:\\Users\\user\\new\\audioRecorder\\node_modules\\jest-runner\\build\\runTest.js:475:34)\n    at Object.worker (C:\\Users\\user\\new\\audioRecorder\\node_modules\\jest-runner\\build\\testWorker.js:133:12)"],"fullName":"useMeetingLifecycle createAdHocMeeting and createMeetingDirect","location":null,"status":"failed","title":"createAdHocMeeting and createMeetingDirect"},{"ancestorTitles":["useMeetingLifecycle"],"failureMessages":["TypeError: Cannot read properties of undefined (reading 'join')\n    at meetingToDraft (C:\\Users\\user\\new\\audioRecorder\\src\\lib\\meeting.js:120:34)\n    at C:\\Users\\user\\new\\audioRecorder\\src\\hooks\\useMeetingLifecycle.js:123:39\n    at Object.react_stack_bottom_frame (C:\\Users\\user\\new\\audioRecorder\\node_modules\\react-dom\\cjs\\react-dom-client.development.js:25989:20)\n    at runWithFiberInDEV (C:\\Users\\user\\new\\audioRecorder\\node_modules\\react-dom\\cjs\\react-dom-client.development.js:874:13)\n    at commitHookEffectListMount (C:\\Users\\user\\new\\audioRecorder\\node_modules\\react-dom\\cjs\\react-dom-client.development.js:13249:29)\n    at commitHookPassiveMountEffects (C:\\Users\\user\\new\\audioRecorder\\node_modules\\react-dom\\cjs\\react-dom-client.development.js:13336:11)\n    at commitPassiveMountOnFiber (C:\\Users\\user\\new\\audioRecorder\\node_modules\\react-dom\\cjs\\react-dom-client.development.js:15484:13)\n    at recursivelyTraversePassiveMountEffects (C:\\Users\\user\\new\\audioRecorder\\node_modules\\react-dom\\cjs\\react-dom-client.development.js:15439:11)\n    at commitPassiveMountOnFiber (C:\\Users\\user\\new\\audioRecorder\\node_modules\\react-dom\\cjs\\react-dom-client.development.js:15519:11)\n    at flushPassiveEffects (C:\\Users\\user\\new\\audioRecorder\\node_modules\\react-dom\\cjs\\react-dom-client.development.js:18432:9)\n    at C:\\Users\\user\\new\\audioRecorder\\node_modules\\react-dom\\cjs\\react-dom-client.development.js:17923:15\n    at flushActQueue (C:\\Users\\user\\new\\audioRecorder\\node_modules\\react\\cjs\\react.development.js:590:34)\n    at Object.<anonymous>.process.env.NODE_ENV.exports.act (C:\\Users\\user\\new\\audioRecorder\\node_modules\\react\\cjs\\react.development.js:884:10)\n    at C:\\Users\\user\\new\\audioRecorder\\node_modules\\@testing-library\\react\\dist\\act-compat.js:46:25\n    at renderRoot (C:\\Users\\user\\new\\audioRecorder\\node_modules\\@testing-library\\react\\dist\\pure.js:189:26)\n    at render (C:\\Users\\user\\new\\audioRecorder\\node_modules\\@testing-library\\react\\dist\\pure.js:291:10)\n    at renderHook (C:\\Users\\user\\new\\audioRecorder\\node_modules\\@testing-library\\react\\dist\\pure.js:339:7)\n    at Object.<anonymous> (C:\\Users\\user\\new\\audioRecorder\\src\\hooks\\useMeetingLifecycle.test.js:95:34)\n    at Promise.then.completed (C:\\Users\\user\\new\\audioRecorder\\node_modules\\jest-circus\\build\\utils.js:391:28)\n    at new Promise (<anonymous>)\n    at callAsyncCircusFn (C:\\Users\\user\\new\\audioRecorder\\node_modules\\jest-circus\\build\\utils.js:316:10)\n    at _callCircusTest (C:\\Users\\user\\new\\audioRecorder\\node_modules\\jest-circus\\build\\run.js:218:40)\n    at processTicksAndRejections (node:internal/process/task_queues:104:5)\n    at _runTest (C:\\Users\\user\\new\\audioRecorder\\node_modules\\jest-circus\\build\\run.js:155:3)\n    at _runTestsForDescribeBlock (C:\\Users\\user\\new\\audioRecorder\\node_modules\\jest-circus\\build\\run.js:66:9)\n    at _runTestsForDescribeBlock (C:\\Users\\user\\new\\audioRecorder\\node_modules\\jest-circus\\build\\run.js:60:9)\n    at run (C:\\Users\\user\\new\\audioRecorder\\node_modules\\jest-circus\\build\\run.js:25:3)\n    at runAndTransformResultsToJestFormat (C:\\Users\\user\\new\\audioRecorder\\node_modules\\jest-circus\\build\\legacy-code-todo-rewrite\\jestAdapterInit.js:170:21)\n    at jestAdapter (C:\\Users\\user\\new\\audioRecorder\\node_modules\\jest-circus\\build\\legacy-code-todo-rewrite\\jestAdapter.js:82:19)\n    at runTestInternal (C:\\Users\\user\\new\\audioRecorder\\node_modules\\jest-runner\\build\\runTest.js:389:16)\n    at runTest (C:\\Users\\user\\new\\audioRecorder\\node_modules\\jest-runner\\build\\runTest.js:475:34)\n    at Object.worker (C:\\Users\\user\\new\\audioRecorder\\node_modules\\jest-runner\\build\\testWorker.js:133:12)"],"fullName":"useMeetingLifecycle resetSelectionState","location":null,"status":"failed","title":"resetSelectionState"},{"ancestorTitles":["useMeetingLifecycle"],"failureMessages":[],"fullName":"useMeetingLifecycle handles empty props gracefully","location":null,"status":"passed","title":"handles empty props gracefully"}],"endTime":1773920164469,"message":"\u001b[1m\u001b[31m  \u001b[1m● \u001b[22m\u001b[1museMeetingLifecycle › initialization and selecting meeting via derived state\u001b[39m\u001b[22m\n\n    TypeError: Cannot read properties of undefined (reading 'join')\n\u001b[2m\u001b[22m\n\u001b[2m    \u001b[0m \u001b[90m 118 |\u001b[39m     startsAt\u001b[33m,\u001b[39m\u001b[22m\n\u001b[2m     \u001b[90m 119 |\u001b[39m     durationMinutes\u001b[33m:\u001b[39m meeting\u001b[33m.\u001b[39mdurationMinutes\u001b[33m,\u001b[39m\u001b[22m\n\u001b[2m    \u001b[31m\u001b[1m>\u001b[22m\u001b[2m\u001b[39m\u001b[90m 120 |\u001b[39m     attendees\u001b[33m:\u001b[39m meeting\u001b[33m.\u001b[39mattendees\u001b[33m.\u001b[39mjoin(\u001b[32m\"\\n\"\u001b[39m)\u001b[33m,\u001b[39m\u001b[22m\n\u001b[2m     \u001b[90m     |\u001b[39m                                  \u001b[31m\u001b[1m^\u001b[22m\u001b[2m\u001b[39m\u001b[22m\n\u001b[2m     \u001b[90m 121 |\u001b[39m     tags\u001b[33m:\u001b[39m (meeting\u001b[33m.\u001b[39mtags \u001b[33m||\u001b[39m [])\u001b[33m.\u001b[39mjoin(\u001b[32m\"\\n\"\u001b[39m)\u001b[33m,\u001b[39m\u001b[22m\n\u001b[2m     \u001b[90m 122 |\u001b[39m     needs\u001b[33m:\u001b[39m meeting\u001b[33m.\u001b[39mneeds\u001b[33m.\u001b[39mjoin(\u001b[32m\"\\n\"\u001b[39m)\u001b[33m,\u001b[39m\u001b[22m\n\u001b[2m     \u001b[90m 123 |\u001b[39m     concerns\u001b[33m:\u001b[39m (meeting\u001b[33m.\u001b[39mconcerns \u001b[33m||\u001b[39m [])\u001b[33m.\u001b[39mjoin(\u001b[32m\"\\n\"\u001b[39m)\u001b[33m,\u001b[39m\u001b[0m\u001b[22m\n\u001b[2m\u001b[22m\n\u001b[2m      \u001b[2mat meetingToDraft (\u001b[22m\u001b[2msrc/lib/meeting.js\u001b[2m:120:34)\u001b[22m\u001b[2m\u001b[22m\n\u001b[2m      \u001b[2mat \u001b[22m\u001b[2msrc/hooks/useMeetingLifecycle.js\u001b[2m:123:39\u001b[22m\u001b[2m\u001b[22m\n\u001b[2m      \u001b[2mat Object.react_stack_bottom_frame (\u001b[22m\u001b[2mnode_modules/react-dom/cjs/react-dom-client.development.js\u001b[2m:25989:20)\u001b[22m\u001b[2m\u001b[22m\n\u001b[2m      \u001b[2mat runWithFiberInDEV (\u001b[22m\u001b[2mnode_modules/react-dom/cjs/react-dom-client.development.js\u001b[2m:874:13)\u001b[22m\u001b[2m\u001b[22m\n\u001b[2m      \u001b[2mat commitHookEffectListMount (\u001b[22m\u001b[2mnode_modules/react-dom/cjs/react-dom-client.development.js\u001b[2m:13249:29)\u001b[22m\u001b[2m\u001b[22m\n\u001b[2m      \u001b[2mat commitHookPassiveMountEffects (\u001b[22m\u001b[2mnode_modules/react-dom/cjs/react-dom-client.development.js\u001b[2m:13336:11)\u001b[22m\u001b[2m\u001b[22m\n\u001b[2m      \u001b[2mat commitPassiveMountOnFiber (\u001b[22m\u001b[2mnode_modules/react-dom/cjs/react-dom-client.development.js\u001b[2m:15484:13)\u001b[22m\u001b[2m\u001b[22m\n\u001b[2m      \u001b[2mat recursivelyTraversePassiveMountEffects (\u001b[22m\u001b[2mnode_modules/react-dom/cjs/react-dom-client.development.js\u001b[2m:15439:11)\u001b[22m\u001b[2m\u001b[22m\n\u001b[2m      \u001b[2mat commitPassiveMountOnFiber (\u001b[22m\u001b[2mnode_modules/react-dom/cjs/react-dom-client.development.js\u001b[2m:15519:11)\u001b[22m\u001b[2m\u001b[22m\n\u001b[2m      \u001b[2mat flushPassiveEffects (\u001b[22m\u001b[2mnode_modules/react-dom/cjs/react-dom-client.development.js\u001b[2m:18432:9)\u001b[22m\u001b[2m\u001b[22m\n\u001b[2m      \u001b[2mat \u001b[22m\u001b[2mnode_modules/react-dom/cjs/react-dom-client.development.js\u001b[2m:17923:15\u001b[22m\u001b[2m\u001b[22m\n\u001b[2m      \u001b[2mat flushActQueue (\u001b[22m\u001b[2mnode_modules/react/cjs/react.development.js\u001b[2m:590:34)\u001b[22m\u001b[2m\u001b[22m\n\u001b[2m      \u001b[2mat Object.<anonymous>.process.env.NODE_ENV.exports.act (\u001b[22m\u001b[2mnode_modules/react/cjs/react.development.js\u001b[2m:884:10)\u001b[22m\u001b[2m\u001b[22m\n\u001b[2m      \u001b[2mat \u001b[22m\u001b[2mnode_modules/@testing-library/react/dist/act-compat.js\u001b[2m:46:25\u001b[22m\u001b[2m\u001b[22m\n\u001b[2m      \u001b[2mat renderRoot (\u001b[22m\u001b[2mnode_modules/@testing-library/react/dist/pure.js\u001b[2m:189:26)\u001b[22m\u001b[2m\u001b[22m\n\u001b[2m      \u001b[2mat render (\u001b[22m\u001b[2mnode_modules/@testing-library/react/dist/pure.js\u001b[2m:291:10)\u001b[22m\u001b[2m\u001b[22m\n\u001b[2m      \u001b[2mat renderHook (\u001b[22m\u001b[2mnode_modules/@testing-library/react/dist/pure.js\u001b[2m:339:7)\u001b[22m\u001b[2m\u001b[22m\n\u001b[2m      \u001b[2mat Object.<anonymous> (\u001b[22m\u001b[2m\u001b[0m\u001b[36msrc/hooks/useMeetingLifecycle.test.js\u001b[39m\u001b[0m\u001b[2m:28:34)\u001b[22m\u001b[2m\u001b[22m\n\n\u001b[1m\u001b[31m  \u001b[1m● \u001b[22m\u001b[1museMeetingLifecycle › startNewMeetingDraft & saveMeeting\u001b[39m\u001b[22m\n\n    TypeError: Cannot read properties of undefined (reading 'join')\n\u001b[2m\u001b[22m\n\u001b[2m    \u001b[0m \u001b[90m 118 |\u001b[39m     startsAt\u001b[33m,\u001b[39m\u001b[22m\n\u001b[2m     \u001b[90m 119 |\u001b[39m     durationMinutes\u001b[33m:\u001b[39m meeting\u001b[33m.\u001b[39mdurationMinutes\u001b[33m,\u001b[39m\u001b[22m\n\u001b[2m    \u001b[31m\u001b[1m>\u001b[22m\u001b[2m\u001b[39m\u001b[90m 120 |\u001b[39m     attendees\u001b[33m:\u001b[39m meeting\u001b[33m.\u001b[39mattendees\u001b[33m.\u001b[39mjoin(\u001b[32m\"\\n\"\u001b[39m)\u001b[33m,\u001b[39m\u001b[22m\n\u001b[2m     \u001b[90m     |\u001b[39m                                  \u001b[31m\u001b[1m^\u001b[22m\u001b[2m\u001b[39m\u001b[22m\n\u001b[2m     \u001b[90m 121 |\u001b[39m     tags\u001b[33m:\u001b[39m (meeting\u001b[33m.\u001b[39mtags \u001b[33m||\u001b[39m [])\u001b[33m.\u001b[39mjoin(\u001b[32m\"\\n\"\u001b[39m)\u001b[33m,\u001b[39m\u001b[22m\n\u001b[2m     \u001b[90m 122 |\u001b[39m     needs\u001b[33m:\u001b[39m meeting\u001b[33m.\u001b[39mneeds\u001b[33m.\u001b[39mjoin(\u001b[32m\"\\n\"\u001b[39m)\u001b[33m,\u001b[39m\u001b[22m\n\u001b[2m     \u001b[90m 123 |\u001b[39m     concerns\u001b[33m:\u001b[39m (meeting\u001b[33m.\u001b[39mconcerns \u001b[33m||\u001b[39m [])\u001b[33m.\u001b[39mjoin(\u001b[32m\"\\n\"\u001b[39m)\u001b[33m,\u001b[39m\u001b[0m\u001b[22m\n\u001b[2m\u001b[22m\n\u001b[2m      \u001b[2mat meetingToDraft (\u001b[22m\u001b[2msrc/lib/meeting.js\u001b[2m:120:34)\u001b[22m\u001b[2m\u001b[22m\n\u001b[2m      \u001b[2mat \u001b[22m\u001b[2msrc/hooks/useMeetingLifecycle.js\u001b[2m:123:39\u001b[22m\u001b[2m\u001b[22m\n\u001b[2m      \u001b[2mat Object.react_stack_bottom_frame (\u001b[22m\u001b[2mnode_modules/react-dom/cjs/react-dom-client.development.js\u001b[2m:25989:20)\u001b[22m\u001b[2m\u001b[22m\n\u001b[2m      \u001b[2mat runWithFiberInDEV (\u001b[22m\u001b[2mnode_modules/react-dom/cjs/react-dom-client.development.js\u001b[2m:874:13)\u001b[22m\u001b[2m\u001b[22m\n\u001b[2m      \u001b[2mat commitHookEffectListMount (\u001b[22m\u001b[2mnode_modules/react-dom/cjs/react-dom-client.development.js\u001b[2m:13249:29)\u001b[22m\u001b[2m\u001b[22m\n\u001b[2m      \u001b[2mat commitHookPassiveMountEffects (\u001b[22m\u001b[2mnode_modules/react-dom/cjs/react-dom-client.development.js\u001b[2m:13336:11)\u001b[22m\u001b[2m\u001b[22m\n\u001b[2m      \u001b[2mat commitPassiveMountOnFiber (\u001b[22m\u001b[2mnode_modules/react-dom/cjs/react-dom-client.development.js\u001b[2m:15484:13)\u001b[22m\u001b[2m\u001b[22m\n\u001b[2m      \u001b[2mat recursivelyTraversePassiveMountEffects (\u001b[22m\u001b[2mnode_modules/react-dom/cjs/react-dom-client.development.js\u001b[2m:15439:11)\u001b[22m\u001b[2m\u001b[22m\n\u001b[2m      \u001b[2mat commitPassiveMountOnFiber (\u001b[22m\u001b[2mnode_modules/react-dom/cjs/react-dom-client.development.js\u001b[2m:15519:11)\u001b[22m\u001b[2m\u001b[22m\n\u001b[2m      \u001b[2mat flushPassiveEffects (\u001b[22m\u001b[2mnode_modules/react-dom/cjs/react-dom-client.development.js\u001b[2m:18432:9)\u001b[22m\u001b[2m\u001b[22m\n\u001b[2m      \u001b[2mat \u001b[22m\u001b[2mnode_modules/react-dom/cjs/react-dom-client.development.js\u001b[2m:17923:15\u001b[22m\u001b[2m\u001b[22m\n\u001b[2m      \u001b[2mat flushActQueue (\u001b[22m\u001b[2mnode_modules/react/cjs/react.development.js\u001b[2m:590:34)\u001b[22m\u001b[2m\u001b[22m\n\u001b[2m      \u001b[2mat Object.<anonymous>.process.env.NODE_ENV.exports.act (\u001b[22m\u001b[2mnode_modules/react/cjs/react.development.js\u001b[2m:884:10)\u001b[22m\u001b[2m\u001b[22m\n\u001b[2m      \u001b[2mat \u001b[22m\u001b[2mnode_modules/@testing-library/react/dist/act-compat.js\u001b[2m:46:25\u001b[22m\u001b[2m\u001b[22m\n\u001b[2m      \u001b[2mat renderRoot (\u001b[22m\u001b[2mnode_modules/@testing-library/react/dist/pure.js\u001b[2m:189:26)\u001b[22m\u001b[2m\u001b[22m\n\u001b[2m      \u001b[2mat render (\u001b[22m\u001b[2mnode_modules/@testing-library/react/dist/pure.js\u001b[2m:291:10)\u001b[22m\u001b[2m\u001b[22m\n\u001b[2m      \u001b[2mat renderHook (\u001b[22m\u001b[2mnode_modules/@testing-library/react/dist/pure.js\u001b[2m:339:7)\u001b[22m\u001b[2m\u001b[22m\n\u001b[2m      \u001b[2mat Object.<anonymous> (\u001b[22m\u001b[2m\u001b[0m\u001b[36msrc/hooks/useMeetingLifecycle.test.js\u001b[39m\u001b[0m\u001b[2m:47:34)\u001b[22m\u001b[2m\u001b[22m\n\n\u001b[1m\u001b[31m  \u001b[1m● \u001b[22m\u001b[1museMeetingLifecycle › clearMeetingDraft\u001b[39m\u001b[22m\n\n    TypeError: Cannot read properties of undefined (reading 'join')\n\u001b[2m\u001b[22m\n\u001b[2m    \u001b[0m \u001b[90m 118 |\u001b[39m     startsAt\u001b[33m,\u001b[39m\u001b[22m\n\u001b[2m     \u001b[90m 119 |\u001b[39m     durationMinutes\u001b[33m:\u001b[39m meeting\u001b[33m.\u001b[39mdurationMinutes\u001b[33m,\u001b[39m\u001b[22m\n\u001b[2m    \u001b[31m\u001b[1m>\u001b[22m\u001b[2m\u001b[39m\u001b[90m 120 |\u001b[39m     attendees\u001b[33m:\u001b[39m meeting\u001b[33m.\u001b[39mattendees\u001b[33m.\u001b[39mjoin(\u001b[32m\"\\n\"\u001b[39m)\u001b[33m,\u001b[39m\u001b[22m\n\u001b[2m     \u001b[90m     |\u001b[39m                                  \u001b[31m\u001b[1m^\u001b[22m\u001b[2m\u001b[39m\u001b[22m\n\u001b[2m     \u001b[90m 121 |\u001b[39m     tags\u001b[33m:\u001b[39m (meeting\u001b[33m.\u001b[39mtags \u001b[33m||\u001b[39m [])\u001b[33m.\u001b[39mjoin(\u001b[32m\"\\n\"\u001b[39m)\u001b[33m,\u001b[39m\u001b[22m\n\u001b[2m     \u001b[90m 122 |\u001b[39m     needs\u001b[33m:\u001b[39m meeting\u001b[33m.\u001b[39mneeds\u001b[33m.\u001b[39mjoin(\u001b[32m\"\\n\"\u001b[39m)\u001b[33m,\u001b[39m\u001b[22m\n\u001b[2m     \u001b[90m 123 |\u001b[39m     concerns\u001b[33m:\u001b[39m (meeting\u001b[33m.\u001b[39mconcerns \u001b[33m||\u001b[39m [])\u001b[33m.\u001b[39mjoin(\u001b[32m\"\\n\"\u001b[39m)\u001b[33m,\u001b[39m\u001b[0m\u001b[22m\n\u001b[2m\u001b[22m\n\u001b[2m      \u001b[2mat meetingToDraft (\u001b[22m\u001b[2msrc/lib/meeting.js\u001b[2m:120:34)\u001b[22m\u001b[2m\u001b[22m\n\u001b[2m      \u001b[2mat \u001b[22m\u001b[2msrc/hooks/useMeetingLifecycle.js\u001b[2m:123:39\u001b[22m\u001b[2m\u001b[22m\n\u001b[2m      \u001b[2mat Object.react_stack_bottom_frame (\u001b[22m\u001b[2mnode_modules/react-dom/cjs/react-dom-client.development.js\u001b[2m:25989:20)\u001b[22m\u001b[2m\u001b[22m\n\u001b[2m      \u001b[2mat runWithFiberInDEV (\u001b[22m\u001b[2mnode_modules/react-dom/cjs/react-dom-client.development.js\u001b[2m:874:13)\u001b[22m\u001b[2m\u001b[22m\n\u001b[2m      \u001b[2mat commitHookEffectListMount (\u001b[22m\u001b[2mnode_modules/react-dom/cjs/react-dom-client.development.js\u001b[2m:13249:29)\u001b[22m\u001b[2m\u001b[22m\n\u001b[2m      \u001b[2mat commitHookPassiveMountEffects (\u001b[22m\u001b[2mnode_modules/react-dom/cjs/react-dom-client.development.js\u001b[2m:13336:11)\u001b[22m\u001b[2m\u001b[22m\n\u001b[2m      \u001b[2mat commitPassiveMountOnFiber (\u001b[22m\u001b[2mnode_modules/react-dom/cjs/react-dom-client.development.js\u001b[2m:15484:13)\u001b[22m\u001b[2m\u001b[22m\n\u001b[2m      \u001b[2mat recursivelyTraversePassiveMountEffects (\u001b[22m\u001b[2mnode_modules/react-dom/cjs/react-dom-client.development.js\u001b[2m:15439:11)\u001b[22m\u001b[2m\u001b[22m\n\u001b[2m      \u001b[2mat commitPassiveMountOnFiber (\u001b[22m\u001b[2mnode_modules/react-dom/cjs/react-dom-client.development.js\u001b[2m:15519:11)\u001b[22m\u001b[2m\u001b[22m\n\u001b[2m      \u001b[2mat flushPassiveEffects (\u001b[22m\u001b[2mnode_modules/react-dom/cjs/react-dom-client.development.js\u001b[2m:18432:9)\u001b[22m\u001b[2m\u001b[22m\n\u001b[2m      \u001b[2mat \u001b[22m\u001b[2mnode_modules/react-dom/cjs/react-dom-client.development.js\u001b[2m:17923:15\u001b[22m\u001b[2m\u001b[22m\n\u001b[2m      \u001b[2mat flushActQueue (\u001b[22m\u001b[2mnode_modules/react/cjs/react.development.js\u001b[2m:590:34)\u001b[22m\u001b[2m\u001b[22m\n\u001b[2m      \u001b[2mat Object.<anonymous>.process.env.NODE_ENV.exports.act (\u001b[22m\u001b[2mnode_modules/react/cjs/react.development.js\u001b[2m:884:10)\u001b[22m\u001b[2m\u001b[22m\n\u001b[2m      \u001b[2mat \u001b[22m\u001b[2mnode_modules/@testing-library/react/dist/act-compat.js\u001b[2m:46:25\u001b[22m\u001b[2m\u001b[22m\n\u001b[2m      \u001b[2mat renderRoot (\u001b[22m\u001b[2mnode_modules/@testing-library/react/dist/pure.js\u001b[2m:189:26)\u001b[22m\u001b[2m\u001b[22m\n\u001b[2m      \u001b[2mat render (\u001b[22m\u001b[2mnode_modules/@testing-library/react/dist/pure.js\u001b[2m:291:10)\u001b[22m\u001b[2m\u001b[22m\n\u001b[2m      \u001b[2mat renderHook (\u001b[22m\u001b[2mnode_modules/@testing-library/react/dist/pure.js\u001b[2m:339:7)\u001b[22m\u001b[2m\u001b[22m\n\u001b[2m      \u001b[2mat Object.<anonymous> (\u001b[22m\u001b[2m\u001b[0m\u001b[36msrc/hooks/useMeetingLifecycle.test.js\u001b[39m\u001b[0m\u001b[2m:64:34)\u001b[22m\u001b[2m\u001b[22m\n\n\u001b[1m\u001b[31m  \u001b[1m● \u001b[22m\u001b[1museMeetingLifecycle › createAdHocMeeting and createMeetingDirect\u001b[39m\u001b[22m\n\n    TypeError: Cannot read properties of undefined (reading 'join')\n\u001b[2m\u001b[22m\n\u001b[2m    \u001b[0m \u001b[90m 118 |\u001b[39m     startsAt\u001b[33m,\u001b[39m\u001b[22m\n\u001b[2m     \u001b[90m 119 |\u001b[39m     durationMinutes\u001b[33m:\u001b[39m meeting\u001b[33m.\u001b[39mdurationMinutes\u001b[33m,\u001b[39m\u001b[22m\n\u001b[2m    \u001b[31m\u001b[1m>\u001b[22m\u001b[2m\u001b[39m\u001b[90m 120 |\u001b[39m     attendees\u001b[33m:\u001b[39m meeting\u001b[33m.\u001b[39mattendees\u001b[33m.\u001b[39mjoin(\u001b[32m\"\\n\"\u001b[39m)\u001b[33m,\u001b[39m\u001b[22m\n\u001b[2m     \u001b[90m     |\u001b[39m                                  \u001b[31m\u001b[1m^\u001b[22m\u001b[2m\u001b[39m\u001b[22m\n\u001b[2m     \u001b[90m 121 |\u001b[39m     tags\u001b[33m:\u001b[39m (meeting\u001b[33m.\u001b[39mtags \u001b[33m||\u001b[39m [])\u001b[33m.\u001b[39mjoin(\u001b[32m\"\\n\"\u001b[39m)\u001b[33m,\u001b[39m\u001b[22m\n\u001b[2m     \u001b[90m 122 |\u001b[39m     needs\u001b[33m:\u001b[39m meeting\u001b[33m.\u001b[39mneeds\u001b[33m.\u001b[39mjoin(\u001b[32m\"\\n\"\u001b[39m)\u001b[33m,\u001b[39m\u001b[22m\n\u001b[2m     \u001b[90m 123 |\u001b[39m     concerns\u001b[33m:\u001b[39m (meeting\u001b[33m.\u001b[39mconcerns \u001b[33m||\u001b[39m [])\u001b[33m.\u001b[39mjoin(\u001b[32m\"\\n\"\u001b[39m)\u001b[33m,\u001b[39m\u001b[0m\u001b[22m\n\u001b[2m\u001b[22m\n\u001b[2m      \u001b[2mat meetingToDraft (\u001b[22m\u001b[2msrc/lib/meeting.js\u001b[2m:120:34)\u001b[22m\u001b[2m\u001b[22m\n\u001b[2m      \u001b[2mat \u001b[22m\u001b[2msrc/hooks/useMeetingLifecycle.js\u001b[2m:123:39\u001b[22m\u001b[2m\u001b[22m\n\u001b[2m      \u001b[2mat Object.react_stack_bottom_frame (\u001b[22m\u001b[2mnode_modules/react-dom/cjs/react-dom-client.development.js\u001b[2m:25989:20)\u001b[22m\u001b[2m\u001b[22m\n\u001b[2m      \u001b[2mat runWithFiberInDEV (\u001b[22m\u001b[2mnode_modules/react-dom/cjs/react-dom-client.development.js\u001b[2m:874:13)\u001b[22m\u001b[2m\u001b[22m\n\u001b[2m      \u001b[2mat commitHookEffectListMount (\u001b[22m\u001b[2mnode_modules/react-dom/cjs/react-dom-client.development.js\u001b[2m:13249:29)\u001b[22m\u001b[2m\u001b[22m\n\u001b[2m      \u001b[2mat commitHookPassiveMountEffects (\u001b[22m\u001b[2mnode_modules/react-dom/cjs/react-dom-client.development.js\u001b[2m:13336:11)\u001b[22m\u001b[2m\u001b[22m\n\u001b[2m      \u001b[2mat commitPassiveMountOnFiber (\u001b[22m\u001b[2mnode_modules/react-dom/cjs/react-dom-client.development.js\u001b[2m:15484:13)\u001b[22m\u001b[2m\u001b[22m\n\u001b[2m      \u001b[2mat recursivelyTraversePassiveMountEffects (\u001b[22m\u001b[2mnode_modules/react-dom/cjs/react-dom-client.development.js\u001b[2m:15439:11)\u001b[22m\u001b[2m\u001b[22m\n\u001b[2m      \u001b[2mat commitPassiveMountOnFiber (\u001b[22m\u001b[2mnode_modules/react-dom/cjs/react-dom-client.development.js\u001b[2m:15519:11)\u001b[22m\u001b[2m\u001b[22m\n\u001b[2m      \u001b[2mat flushPassiveEffects (\u001b[22m\u001b[2mnode_modules/react-dom/cjs/react-dom-client.development.js\u001b[2m:18432:9)\u001b[22m\u001b[2m\u001b[22m\n\u001b[2m      \u001b[2mat \u001b[22m\u001b[2mnode_modules/react-dom/cjs/react-dom-client.development.js\u001b[2m:17923:15\u001b[22m\u001b[2m\u001b[22m\n\u001b[2m      \u001b[2mat flushActQueue (\u001b[22m\u001b[2mnode_modules/react/cjs/react.development.js\u001b[2m:590:34)\u001b[22m\u001b[2m\u001b[22m\n\u001b[2m      \u001b[2mat Object.<anonymous>.process.env.NODE_ENV.exports.act (\u001b[22m\u001b[2mnode_modules/react/cjs/react.development.js\u001b[2m:884:10)\u001b[22m\u001b[2m\u001b[22m\n\u001b[2m      \u001b[2mat \u001b[22m\u001b[2mnode_modules/@testing-library/react/dist/act-compat.js\u001b[2m:46:25\u001b[22m\u001b[2m\u001b[22m\n\u001b[2m      \u001b[2mat renderRoot (\u001b[22m\u001b[2mnode_modules/@testing-library/react/dist/pure.js\u001b[2m:189:26)\u001b[22m\u001b[2m\u001b[22m\n\u001b[2m      \u001b[2mat render (\u001b[22m\u001b[2mnode_modules/@testing-library/react/dist/pure.js\u001b[2m:291:10)\u001b[22m\u001b[2m\u001b[22m\n\u001b[2m      \u001b[2mat renderHook (\u001b[22m\u001b[2mnode_modules/@testing-library/react/dist/pure.js\u001b[2m:339:7)\u001b[22m\u001b[2m\u001b[22m\n\u001b[2m      \u001b[2mat Object.<anonymous> (\u001b[22m\u001b[2m\u001b[0m\u001b[36msrc/hooks/useMeetingLifecycle.test.js\u001b[39m\u001b[0m\u001b[2m:78:34)\u001b[22m\u001b[2m\u001b[22m\n\n\u001b[1m\u001b[31m  \u001b[1m● \u001b[22m\u001b[1museMeetingLifecycle › resetSelectionState\u001b[39m\u001b[22m\n\n    TypeError: Cannot read properties of undefined (reading 'join')\n\u001b[2m\u001b[22m\n\u001b[2m    \u001b[0m \u001b[90m 118 |\u001b[39m     startsAt\u001b[33m,\u001b[39m\u001b[22m\n\u001b[2m     \u001b[90m 119 |\u001b[39m     durationMinutes\u001b[33m:\u001b[39m meeting\u001b[33m.\u001b[39mdurationMinutes\u001b[33m,\u001b[39m\u001b[22m\n\u001b[2m    \u001b[31m\u001b[1m>\u001b[22m\u001b[2m\u001b[39m\u001b[90m 120 |\u001b[39m     attendees\u001b[33m:\u001b[39m meeting\u001b[33m.\u001b[39mattendees\u001b[33m.\u001b[39mjoin(\u001b[32m\"\\n\"\u001b[39m)\u001b[33m,\u001b[39m\u001b[22m\n\u001b[2m     \u001b[90m     |\u001b[39m                                  \u001b[31m\u001b[1m^\u001b[22m\u001b[2m\u001b[39m\u001b[22m\n\u001b[2m     \u001b[90m 121 |\u001b[39m     tags\u001b[33m:\u001b[39m (meeting\u001b[33m.\u001b[39mtags \u001b[33m||\u001b[39m [])\u001b[33m.\u001b[39mjoin(\u001b[32m\"\\n\"\u001b[39m)\u001b[33m,\u001b[39m\u001b[22m\n\u001b[2m     \u001b[90m 122 |\u001b[39m     needs\u001b[33m:\u001b[39m meeting\u001b[33m.\u001b[39mneeds\u001b[33m.\u001b[39mjoin(\u001b[32m\"\\n\"\u001b[39m)\u001b[33m,\u001b[39m\u001b[22m\n\u001b[2m     \u001b[90m 123 |\u001b[39m     concerns\u001b[33m:\u001b[39m (meeting\u001b[33m.\u001b[39mconcerns \u001b[33m||\u001b[39m [])\u001b[33m.\u001b[39mjoin(\u001b[32m\"\\n\"\u001b[39m)\u001b[33m,\u001b[39m\u001b[0m\u001b[22m\n\u001b[2m\u001b[22m\n\u001b[2m      \u001b[2mat meetingToDraft (\u001b[22m\u001b[2msrc/lib/meeting.js\u001b[2m:120:34)\u001b[22m\u001b[2m\u001b[22m\n\u001b[2m      \u001b[2mat \u001b[22m\u001b[2msrc/hooks/useMeetingLifecycle.js\u001b[2m:123:39\u001b[22m\u001b[2m\u001b[22m\n\u001b[2m      \u001b[2mat Object.react_stack_bottom_frame (\u001b[22m\u001b[2mnode_modules/react-dom/cjs/react-dom-client.development.js\u001b[2m:25989:20)\u001b[22m\u001b[2m\u001b[22m\n\u001b[2m      \u001b[2mat runWithFiberInDEV (\u001b[22m\u001b[2mnode_modules/react-dom/cjs/react-dom-client.development.js\u001b[2m:874:13)\u001b[22m\u001b[2m\u001b[22m\n\u001b[2m      \u001b[2mat commitHookEffectListMount (\u001b[22m\u001b[2mnode_modules/react-dom/cjs/react-dom-client.development.js\u001b[2m:13249:29)\u001b[22m\u001b[2m\u001b[22m\n\u001b[2m      \u001b[2mat commitHookPassiveMountEffects (\u001b[22m\u001b[2mnode_modules/react-dom/cjs/react-dom-client.development.js\u001b[2m:13336:11)\u001b[22m\u001b[2m\u001b[22m\n\u001b[2m      \u001b[2mat commitPassiveMountOnFiber (\u001b[22m\u001b[2mnode_modules/react-dom/cjs/react-dom-client.development.js\u001b[2m:15484:13)\u001b[22m\u001b[2m\u001b[22m\n\u001b[2m      \u001b[2mat recursivelyTraversePassiveMountEffects (\u001b[22m\u001b[2mnode_modules/react-dom/cjs/react-dom-client.development.js\u001b[2m:15439:11)\u001b[22m\u001b[2m\u001b[22m\n\u001b[2m      \u001b[2mat commitPassiveMountOnFiber (\u001b[22m\u001b[2mnode_modules/react-dom/cjs/react-dom-client.development.js\u001b[2m:15519:11)\u001b[22m\u001b[2m\u001b[22m\n\u001b[2m      \u001b[2mat flushPassiveEffects (\u001b[22m\u001b[2mnode_modules/react-dom/cjs/react-dom-client.development.js\u001b[2m:18432:9)\u001b[22m\u001b[2m\u001b[22m\n\u001b[2m      \u001b[2mat \u001b[22m\u001b[2mnode_modules/react-dom/cjs/react-dom-client.development.js\u001b[2m:17923:15\u001b[22m\u001b[2m\u001b[22m\n\u001b[2m      \u001b[2mat flushActQueue (\u001b[22m\u001b[2mnode_modules/react/cjs/react.development.js\u001b[2m:590:34)\u001b[22m\u001b[2m\u001b[22m\n\u001b[2m      \u001b[2mat Object.<anonymous>.process.env.NODE_ENV.exports.act (\u001b[22m\u001b[2mnode_modules/react/cjs/react.development.js\u001b[2m:884:10)\u001b[22m\u001b[2m\u001b[22m\n\u001b[2m      \u001b[2mat \u001b[22m\u001b[2mnode_modules/@testing-library/react/dist/act-compat.js\u001b[2m:46:25\u001b[22m\u001b[2m\u001b[22m\n\u001b[2m      \u001b[2mat renderRoot (\u001b[22m\u001b[2mnode_modules/@testing-library/react/dist/pure.js\u001b[2m:189:26)\u001b[22m\u001b[2m\u001b[22m\n\u001b[2m      \u001b[2mat render (\u001b[22m\u001b[2mnode_modules/@testing-library/react/dist/pure.js\u001b[2m:291:10)\u001b[22m\u001b[2m\u001b[22m\n\u001b[2m      \u001b[2mat renderHook (\u001b[22m\u001b[2mnode_modules/@testing-library/react/dist/pure.js\u001b[2m:339:7)\u001b[22m\u001b[2m\u001b[22m\n\u001b[2m      \u001b[2mat Object.<anonymous> (\u001b[22m\u001b[2m\u001b[0m\u001b[36msrc/hooks/useMeetingLifecycle.test.js\u001b[39m\u001b[0m\u001b[2m:95:34)\u001b[22m\u001b[2m\u001b[22m\n","name":"C:\\Users\\user\\new\\audioRecorder\\src\\hooks\\useMeetingLifecycle.test.js","startTime":1773920162972,"status":"failed","summary":""},{"assertionResults":[{"ancestorTitles":["useGoogleIntegrations"],"failureMessages":["TypeError: Cannot read properties of undefined (reading 'find')\n    at useGoogleIntegrations (C:\\Users\\user\\new\\audioRecorder\\src\\hooks\\useGoogleIntegrations.js:49:40)\n    at C:\\Users\\user\\new\\audioRecorder\\src\\hooks\\useGoogleIntegrations.test.js:20:62\n    at TestComponent (C:\\Users\\user\\new\\audioRecorder\\node_modules\\@testing-library\\react\\dist\\pure.js:330:27)\n    at Object.react_stack_bottom_frame (C:\\Users\\user\\new\\audioRecorder\\node_modules\\react-dom\\cjs\\react-dom-client.development.js:25904:20)\n    at renderWithHooks (C:\\Users\\user\\new\\audioRecorder\\node_modules\\react-dom\\cjs\\react-dom-client.development.js:7662:22)\n    at updateFunctionComponent (C:\\Users\\user\\new\\audioRecorder\\node_modules\\react-dom\\cjs\\react-dom-client.development.js:10166:19)\n    at beginWork (C:\\Users\\user\\new\\audioRecorder\\node_modules\\react-dom\\cjs\\react-dom-client.development.js:11778:18)\n    at runWithFiberInDEV (C:\\Users\\user\\new\\audioRecorder\\node_modules\\react-dom\\cjs\\react-dom-client.development.js:874:13)\n    at performUnitOfWork (C:\\Users\\user\\new\\audioRecorder\\node_modules\\react-dom\\cjs\\react-dom-client.development.js:17641:22)\n    at workLoopSync (C:\\Users\\user\\new\\audioRecorder\\node_modules\\react-dom\\cjs\\react-dom-client.development.js:17469:41)\n    at renderRootSync (C:\\Users\\user\\new\\audioRecorder\\node_modules\\react-dom\\cjs\\react-dom-client.development.js:17450:11)\n    at performWorkOnRoot (C:\\Users\\user\\new\\audioRecorder\\node_modules\\react-dom\\cjs\\react-dom-client.development.js:16583:35)\n    at performWorkOnRootViaSchedulerTask (C:\\Users\\user\\new\\audioRecorder\\node_modules\\react-dom\\cjs\\react-dom-client.development.js:18957:7)\n    at flushActQueue (C:\\Users\\user\\new\\audioRecorder\\node_modules\\react\\cjs\\react.development.js:590:34)\n    at Object.<anonymous>.process.env.NODE_ENV.exports.act (C:\\Users\\user\\new\\audioRecorder\\node_modules\\react\\cjs\\react.development.js:884:10)\n    at C:\\Users\\user\\new\\audioRecorder\\node_modules\\@testing-library\\react\\dist\\act-compat.js:46:25\n    at renderRoot (C:\\Users\\user\\new\\audioRecorder\\node_modules\\@testing-library\\react\\dist\\pure.js:189:26)\n    at render (C:\\Users\\user\\new\\audioRecorder\\node_modules\\@testing-library\\react\\dist\\pure.js:291:10)\n    at renderHook (C:\\Users\\user\\new\\audioRecorder\\node_modules\\@testing-library\\react\\dist\\pure.js:339:7)\n    at Object.<anonymous> (C:\\Users\\user\\new\\audioRecorder\\src\\hooks\\useGoogleIntegrations.test.js:20:34)\n    at Promise.then.completed (C:\\Users\\user\\new\\audioRecorder\\node_modules\\jest-circus\\build\\utils.js:391:28)\n    at new Promise (<anonymous>)\n    at callAsyncCircusFn (C:\\Users\\user\\new\\audioRecorder\\node_modules\\jest-circus\\build\\utils.js:316:10)\n    at _callCircusTest (C:\\Users\\user\\new\\audioRecorder\\node_modules\\jest-circus\\build\\run.js:218:40)\n    at processTicksAndRejections (node:internal/process/task_queues:104:5)\n    at _runTest (C:\\Users\\user\\new\\audioRecorder\\node_modules\\jest-circus\\build\\run.js:155:3)\n    at _runTestsForDescribeBlock (C:\\Users\\user\\new\\audioRecorder\\node_modules\\jest-circus\\build\\run.js:66:9)\n    at _runTestsForDescribeBlock (C:\\Users\\user\\new\\audioRecorder\\node_modules\\jest-circus\\build\\run.js:60:9)\n    at run (C:\\Users\\user\\new\\audioRecorder\\node_modules\\jest-circus\\build\\run.js:25:3)\n    at runAndTransformResultsToJestFormat (C:\\Users\\user\\new\\audioRecorder\\node_modules\\jest-circus\\build\\legacy-code-todo-rewrite\\jestAdapterInit.js:170:21)\n    at jestAdapter (C:\\Users\\user\\new\\audioRecorder\\node_modules\\jest-circus\\build\\legacy-code-todo-rewrite\\jestAdapter.js:82:19)\n    at runTestInternal (C:\\Users\\user\\new\\audioRecorder\\node_modules\\jest-runner\\build\\runTest.js:389:16)\n    at runTest (C:\\Users\\user\\new\\audioRecorder\\node_modules\\jest-runner\\build\\runTest.js:475:34)\n    at Object.worker (C:\\Users\\user\\new\\audioRecorder\\node_modules\\jest-runner\\build\\testWorker.js:133:12)"],"fullName":"useGoogleIntegrations initializes default state","location":null,"status":"failed","title":"initializes default state"},{"ancestorTitles":["useGoogleIntegrations"],"failureMessages":["TypeError: Cannot read properties of undefined (reading 'find')\n    at useGoogleIntegrations (C:\\Users\\user\\new\\audioRecorder\\src\\hooks\\useGoogleIntegrations.js:49:40)\n    at C:\\Users\\user\\new\\audioRecorder\\src\\hooks\\useGoogleIntegrations.test.js:27:62\n    at TestComponent (C:\\Users\\user\\new\\audioRecorder\\node_modules\\@testing-library\\react\\dist\\pure.js:330:27)\n    at Object.react_stack_bottom_frame (C:\\Users\\user\\new\\audioRecorder\\node_modules\\react-dom\\cjs\\react-dom-client.development.js:25904:20)\n    at renderWithHooks (C:\\Users\\user\\new\\audioRecorder\\node_modules\\react-dom\\cjs\\react-dom-client.development.js:7662:22)\n    at updateFunctionComponent (C:\\Users\\user\\new\\audioRecorder\\node_modules\\react-dom\\cjs\\react-dom-client.development.js:10166:19)\n    at beginWork (C:\\Users\\user\\new\\audioRecorder\\node_modules\\react-dom\\cjs\\react-dom-client.development.js:11778:18)\n    at runWithFiberInDEV (C:\\Users\\user\\new\\audioRecorder\\node_modules\\react-dom\\cjs\\react-dom-client.development.js:874:13)\n    at performUnitOfWork (C:\\Users\\user\\new\\audioRecorder\\node_modules\\react-dom\\cjs\\react-dom-client.development.js:17641:22)\n    at workLoopSync (C:\\Users\\user\\new\\audioRecorder\\node_modules\\react-dom\\cjs\\react-dom-client.development.js:17469:41)\n    at renderRootSync (C:\\Users\\user\\new\\audioRecorder\\node_modules\\react-dom\\cjs\\react-dom-client.development.js:17450:11)\n    at performWorkOnRoot (C:\\Users\\user\\new\\audioRecorder\\node_modules\\react-dom\\cjs\\react-dom-client.development.js:16583:35)\n    at performWorkOnRootViaSchedulerTask (C:\\Users\\user\\new\\audioRecorder\\node_modules\\react-dom\\cjs\\react-dom-client.development.js:18957:7)\n    at flushActQueue (C:\\Users\\user\\new\\audioRecorder\\node_modules\\react\\cjs\\react.development.js:590:34)\n    at Object.<anonymous>.process.env.NODE_ENV.exports.act (C:\\Users\\user\\new\\audioRecorder\\node_modules\\react\\cjs\\react.development.js:884:10)\n    at C:\\Users\\user\\new\\audioRecorder\\node_modules\\@testing-library\\react\\dist\\act-compat.js:46:25\n    at renderRoot (C:\\Users\\user\\new\\audioRecorder\\node_modules\\@testing-library\\react\\dist\\pure.js:189:26)\n    at render (C:\\Users\\user\\new\\audioRecorder\\node_modules\\@testing-library\\react\\dist\\pure.js:291:10)\n    at renderHook (C:\\Users\\user\\new\\audioRecorder\\node_modules\\@testing-library\\react\\dist\\pure.js:339:7)\n    at Object.<anonymous> (C:\\Users\\user\\new\\audioRecorder\\src\\hooks\\useGoogleIntegrations.test.js:27:34)\n    at Promise.then.completed (C:\\Users\\user\\new\\audioRecorder\\node_modules\\jest-circus\\build\\utils.js:391:28)\n    at new Promise (<anonymous>)\n    at callAsyncCircusFn (C:\\Users\\user\\new\\audioRecorder\\node_modules\\jest-circus\\build\\utils.js:316:10)\n    at _callCircusTest (C:\\Users\\user\\new\\audioRecorder\\node_modules\\jest-circus\\build\\run.js:218:40)\n    at processTicksAndRejections (node:internal/process/task_queues:104:5)\n    at _runTest (C:\\Users\\user\\new\\audioRecorder\\node_modules\\jest-circus\\build\\run.js:155:3)\n    at _runTestsForDescribeBlock (C:\\Users\\user\\new\\audioRecorder\\node_modules\\jest-circus\\build\\run.js:66:9)\n    at _runTestsForDescribeBlock (C:\\Users\\user\\new\\audioRecorder\\node_modules\\jest-circus\\build\\run.js:60:9)\n    at run (C:\\Users\\user\\new\\audioRecorder\\node_modules\\jest-circus\\build\\run.js:25:3)\n    at runAndTransformResultsToJestFormat (C:\\Users\\user\\new\\audioRecorder\\node_modules\\jest-circus\\build\\legacy-code-todo-rewrite\\jestAdapterInit.js:170:21)\n    at jestAdapter (C:\\Users\\user\\new\\audioRecorder\\node_modules\\jest-circus\\build\\legacy-code-todo-rewrite\\jestAdapter.js:82:19)\n    at runTestInternal (C:\\Users\\user\\new\\audioRecorder\\node_modules\\jest-runner\\build\\runTest.js:389:16)\n    at runTest (C:\\Users\\user\\new\\audioRecorder\\node_modules\\jest-runner\\build\\runTest.js:475:34)\n    at Object.worker (C:\\Users\\user\\new\\audioRecorder\\node_modules\\jest-runner\\build\\testWorker.js:133:12)"],"fullName":"useGoogleIntegrations connect functions update state and throw unhandled errors safely","location":null,"status":"failed","title":"connect functions update state and throw unhandled errors safely"},{"ancestorTitles":["useGoogleIntegrations"],"failureMessages":["TypeError: Cannot read properties of undefined (reading 'find')\n    at useGoogleIntegrations (C:\\Users\\user\\new\\audioRecorder\\src\\hooks\\useGoogleIntegrations.js:49:40)\n    at C:\\Users\\user\\new\\audioRecorder\\src\\hooks\\useGoogleIntegrations.test.js:47:62\n    at TestComponent (C:\\Users\\user\\new\\audioRecorder\\node_modules\\@testing-library\\react\\dist\\pure.js:330:27)\n    at Object.react_stack_bottom_frame (C:\\Users\\user\\new\\audioRecorder\\node_modules\\react-dom\\cjs\\react-dom-client.development.js:25904:20)\n    at renderWithHooks (C:\\Users\\user\\new\\audioRecorder\\node_modules\\react-dom\\cjs\\react-dom-client.development.js:7662:22)\n    at updateFunctionComponent (C:\\Users\\user\\new\\audioRecorder\\node_modules\\react-dom\\cjs\\react-dom-client.development.js:10166:19)\n    at beginWork (C:\\Users\\user\\new\\audioRecorder\\node_modules\\react-dom\\cjs\\react-dom-client.development.js:11778:18)\n    at runWithFiberInDEV (C:\\Users\\user\\new\\audioRecorder\\node_modules\\react-dom\\cjs\\react-dom-client.development.js:874:13)\n    at performUnitOfWork (C:\\Users\\user\\new\\audioRecorder\\node_modules\\react-dom\\cjs\\react-dom-client.development.js:17641:22)\n    at workLoopSync (C:\\Users\\user\\new\\audioRecorder\\node_modules\\react-dom\\cjs\\react-dom-client.development.js:17469:41)\n    at renderRootSync (C:\\Users\\user\\new\\audioRecorder\\node_modules\\react-dom\\cjs\\react-dom-client.development.js:17450:11)\n    at performWorkOnRoot (C:\\Users\\user\\new\\audioRecorder\\node_modules\\react-dom\\cjs\\react-dom-client.development.js:16583:35)\n    at performWorkOnRootViaSchedulerTask (C:\\Users\\user\\new\\audioRecorder\\node_modules\\react-dom\\cjs\\react-dom-client.development.js:18957:7)\n    at flushActQueue (C:\\Users\\user\\new\\audioRecorder\\node_modules\\react\\cjs\\react.development.js:590:34)\n    at Object.<anonymous>.process.env.NODE_ENV.exports.act (C:\\Users\\user\\new\\audioRecorder\\node_modules\\react\\cjs\\react.development.js:884:10)\n    at C:\\Users\\user\\new\\audioRecorder\\node_modules\\@testing-library\\react\\dist\\act-compat.js:46:25\n    at renderRoot (C:\\Users\\user\\new\\audioRecorder\\node_modules\\@testing-library\\react\\dist\\pure.js:189:26)\n    at render (C:\\Users\\user\\new\\audioRecorder\\node_modules\\@testing-library\\react\\dist\\pure.js:291:10)\n    at renderHook (C:\\Users\\user\\new\\audioRecorder\\node_modules\\@testing-library\\react\\dist\\pure.js:339:7)\n    at Object.<anonymous> (C:\\Users\\user\\new\\audioRecorder\\src\\hooks\\useGoogleIntegrations.test.js:47:34)\n    at Promise.then.completed (C:\\Users\\user\\new\\audioRecorder\\node_modules\\jest-circus\\build\\utils.js:391:28)\n    at new Promise (<anonymous>)\n    at callAsyncCircusFn (C:\\Users\\user\\new\\audioRecorder\\node_modules\\jest-circus\\build\\utils.js:316:10)\n    at _callCircusTest (C:\\Users\\user\\new\\audioRecorder\\node_modules\\jest-circus\\build\\run.js:218:40)\n    at processTicksAndRejections (node:internal/process/task_queues:104:5)\n    at _runTest (C:\\Users\\user\\new\\audioRecorder\\node_modules\\jest-circus\\build\\run.js:155:3)\n    at _runTestsForDescribeBlock (C:\\Users\\user\\new\\audioRecorder\\node_modules\\jest-circus\\build\\run.js:66:9)\n    at _runTestsForDescribeBlock (C:\\Users\\user\\new\\audioRecorder\\node_modules\\jest-circus\\build\\run.js:60:9)\n    at run (C:\\Users\\user\\new\\audioRecorder\\node_modules\\jest-circus\\build\\run.js:25:3)\n    at runAndTransformResultsToJestFormat (C:\\Users\\user\\new\\audioRecorder\\node_modules\\jest-circus\\build\\legacy-code-todo-rewrite\\jestAdapterInit.js:170:21)\n    at jestAdapter (C:\\Users\\user\\new\\audioRecorder\\node_modules\\jest-circus\\build\\legacy-code-todo-rewrite\\jestAdapter.js:82:19)\n    at runTestInternal (C:\\Users\\user\\new\\audioRecorder\\node_modules\\jest-runner\\build\\runTest.js:389:16)\n    at runTest (C:\\Users\\user\\new\\audioRecorder\\node_modules\\jest-runner\\build\\runTest.js:475:34)\n    at Object.worker (C:\\Users\\user\\new\\audioRecorder\\node_modules\\jest-runner\\build\\testWorker.js:133:12)"],"fullName":"useGoogleIntegrations selectTaskList sets ID and refetches","location":null,"status":"failed","title":"selectTaskList sets ID and refetches"},{"ancestorTitles":["useGoogleIntegrations"],"failureMessages":["TypeError: Cannot read properties of undefined (reading 'find')\n    at useGoogleIntegrations (C:\\Users\\user\\new\\audioRecorder\\src\\hooks\\useGoogleIntegrations.js:49:40)\n    at C:\\Users\\user\\new\\audioRecorder\\src\\hooks\\useGoogleIntegrations.test.js:61:62\n    at TestComponent (C:\\Users\\user\\new\\audioRecorder\\node_modules\\@testing-library\\react\\dist\\pure.js:330:27)\n    at Object.react_stack_bottom_frame (C:\\Users\\user\\new\\audioRecorder\\node_modules\\react-dom\\cjs\\react-dom-client.development.js:25904:20)\n    at renderWithHooks (C:\\Users\\user\\new\\audioRecorder\\node_modules\\react-dom\\cjs\\react-dom-client.development.js:7662:22)\n    at updateFunctionComponent (C:\\Users\\user\\new\\audioRecorder\\node_modules\\react-dom\\cjs\\react-dom-client.development.js:10166:19)\n    at beginWork (C:\\Users\\user\\new\\audioRecorder\\node_modules\\react-dom\\cjs\\react-dom-client.development.js:11778:18)\n    at runWithFiberInDEV (C:\\Users\\user\\new\\audioRecorder\\node_modules\\react-dom\\cjs\\react-dom-client.development.js:874:13)\n    at performUnitOfWork (C:\\Users\\user\\new\\audioRecorder\\node_modules\\react-dom\\cjs\\react-dom-client.development.js:17641:22)\n    at workLoopSync (C:\\Users\\user\\new\\audioRecorder\\node_modules\\react-dom\\cjs\\react-dom-client.development.js:17469:41)\n    at renderRootSync (C:\\Users\\user\\new\\audioRecorder\\node_modules\\react-dom\\cjs\\react-dom-client.development.js:17450:11)\n    at performWorkOnRoot (C:\\Users\\user\\new\\audioRecorder\\node_modules\\react-dom\\cjs\\react-dom-client.development.js:16583:35)\n    at performWorkOnRootViaSchedulerTask (C:\\Users\\user\\new\\audioRecorder\\node_modules\\react-dom\\cjs\\react-dom-client.development.js:18957:7)\n    at flushActQueue (C:\\Users\\user\\new\\audioRecorder\\node_modules\\react\\cjs\\react.development.js:590:34)\n    at Object.<anonymous>.process.env.NODE_ENV.exports.act (C:\\Users\\user\\new\\audioRecorder\\node_modules\\react\\cjs\\react.development.js:884:10)\n    at C:\\Users\\user\\new\\audioRecorder\\node_modules\\@testing-library\\react\\dist\\act-compat.js:46:25\n    at renderRoot (C:\\Users\\user\\new\\audioRecorder\\node_modules\\@testing-library\\react\\dist\\pure.js:189:26)\n    at render (C:\\Users\\user\\new\\audioRecorder\\node_modules\\@testing-library\\react\\dist\\pure.js:291:10)\n    at renderHook (C:\\Users\\user\\new\\audioRecorder\\node_modules\\@testing-library\\react\\dist\\pure.js:339:7)\n    at Object.<anonymous> (C:\\Users\\user\\new\\audioRecorder\\src\\hooks\\useGoogleIntegrations.test.js:61:34)\n    at Promise.then.completed (C:\\Users\\user\\new\\audioRecorder\\node_modules\\jest-circus\\build\\utils.js:391:28)\n    at new Promise (<anonymous>)\n    at callAsyncCircusFn (C:\\Users\\user\\new\\audioRecorder\\node_modules\\jest-circus\\build\\utils.js:316:10)\n    at _callCircusTest (C:\\Users\\user\\new\\audioRecorder\\node_modules\\jest-circus\\build\\run.js:218:40)\n    at processTicksAndRejections (node:internal/process/task_queues:104:5)\n    at _runTest (C:\\Users\\user\\new\\audioRecorder\\node_modules\\jest-circus\\build\\run.js:155:3)\n    at _runTestsForDescribeBlock (C:\\Users\\user\\new\\audioRecorder\\node_modules\\jest-circus\\build\\run.js:66:9)\n    at _runTestsForDescribeBlock (C:\\Users\\user\\new\\audioRecorder\\node_modules\\jest-circus\\build\\run.js:60:9)\n    at run (C:\\Users\\user\\new\\audioRecorder\\node_modules\\jest-circus\\build\\run.js:25:3)\n    at runAndTransformResultsToJestFormat (C:\\Users\\user\\new\\audioRecorder\\node_modules\\jest-circus\\build\\legacy-code-todo-rewrite\\jestAdapterInit.js:170:21)\n    at jestAdapter (C:\\Users\\user\\new\\audioRecorder\\node_modules\\jest-circus\\build\\legacy-code-todo-rewrite\\jestAdapter.js:82:19)\n    at runTestInternal (C:\\Users\\user\\new\\audioRecorder\\node_modules\\jest-runner\\build\\runTest.js:389:16)\n    at runTest (C:\\Users\\user\\new\\audioRecorder\\node_modules\\jest-runner\\build\\runTest.js:475:34)\n    at Object.worker (C:\\Users\\user\\new\\audioRecorder\\node_modules\\jest-runner\\build\\testWorker.js:133:12)"],"fullName":"useGoogleIntegrations resolveTaskConflict updates tasks array","location":null,"status":"failed","title":"resolveTaskConflict updates tasks array"}],"endTime":1773920164514,"message":"\u001b[1m\u001b[31m  \u001b[1m● \u001b[22m\u001b[1museGoogleIntegrations › initializes default state\u001b[39m\u001b[22m\n\n    TypeError: Cannot read properties of undefined (reading 'find')\n\u001b[2m\u001b[22m\n\u001b[2m    \u001b[0m \u001b[90m 47 |\u001b[39m   }\u001b[33m,\u001b[39m [manualTasks])\u001b[33m;\u001b[39m\u001b[22m\n\u001b[2m     \u001b[90m 48 |\u001b[39m   \u001b[36mconst\u001b[39m googleEnabled \u001b[33m=\u001b[39m \u001b[33mBoolean\u001b[39m(\u001b[33mGOOGLE_CLIENT_ID\u001b[39m)\u001b[33m;\u001b[39m\u001b[22m\n\u001b[2m    \u001b[31m\u001b[1m>\u001b[22m\u001b[2m\u001b[39m\u001b[90m 49 |\u001b[39m   \u001b[36mconst\u001b[39m openTaskColumnId \u001b[33m=\u001b[39m taskColumns\u001b[33m.\u001b[39mfind((column) \u001b[33m=>\u001b[39m \u001b[33m!\u001b[39mcolumn\u001b[33m.\u001b[39misDone)\u001b[33m?\u001b[39m\u001b[33m.\u001b[39mid \u001b[33m||\u001b[39m taskColumns[\u001b[35m0\u001b[39m]\u001b[33m?\u001b[39m\u001b[33m.\u001b[39mid \u001b[33m||\u001b[39m \u001b[32m\"todo\"\u001b[39m\u001b[33m;\u001b[39m\u001b[22m\n\u001b[2m     \u001b[90m    |\u001b[39m                                        \u001b[31m\u001b[1m^\u001b[22m\u001b[2m\u001b[39m\u001b[22m\n\u001b[2m     \u001b[90m 50 |\u001b[39m   \u001b[36mconst\u001b[39m doneTaskColumnId \u001b[33m=\u001b[39m taskColumns\u001b[33m.\u001b[39mfind((column) \u001b[33m=>\u001b[39m column\u001b[33m.\u001b[39misDone)\u001b[33m?\u001b[39m\u001b[33m.\u001b[39mid \u001b[33m||\u001b[39m taskColumns[taskColumns\u001b[33m.\u001b[39mlength \u001b[33m-\u001b[39m \u001b[35m1\u001b[39m]\u001b[33m?\u001b[39m\u001b[33m.\u001b[39mid \u001b[33m||\u001b[39m \u001b[32m\"done\"\u001b[39m\u001b[33m;\u001b[39m\u001b[22m\n\u001b[2m     \u001b[90m 51 |\u001b[39m\u001b[22m\n\u001b[2m     \u001b[90m 52 |\u001b[39m   \u001b[36mfunction\u001b[39m buildGoogleTaskPayloadFromSnapshot(snapshot) {\u001b[0m\u001b[22m\n\u001b[2m\u001b[22m\n\u001b[2m      \u001b[2mat useGoogleIntegrations (\u001b[22m\u001b[2msrc/hooks/useGoogleIntegrations.js\u001b[2m:49:40)\u001b[22m\u001b[2m\u001b[22m\n\u001b[2m      \u001b[2mat \u001b[22m\u001b[2m\u001b[0m\u001b[36msrc/hooks/useGoogleIntegrations.test.js\u001b[39m\u001b[0m\u001b[2m:20:62\u001b[22m\u001b[2m\u001b[22m\n\u001b[2m      \u001b[2mat TestComponent (\u001b[22m\u001b[2mnode_modules/@testing-library/react/dist/pure.js\u001b[2m:330:27)\u001b[22m\u001b[2m\u001b[22m\n\u001b[2m      \u001b[2mat Object.react_stack_bottom_frame (\u001b[22m\u001b[2mnode_modules/react-dom/cjs/react-dom-client.development.js\u001b[2m:25904:20)\u001b[22m\u001b[2m\u001b[22m\n\u001b[2m      \u001b[2mat renderWithHooks (\u001b[22m\u001b[2mnode_modules/react-dom/cjs/react-dom-client.development.js\u001b[2m:7662:22)\u001b[22m\u001b[2m\u001b[22m\n\u001b[2m      \u001b[2mat updateFunctionComponent (\u001b[22m\u001b[2mnode_modules/react-dom/cjs/react-dom-client.development.js\u001b[2m:10166:19)\u001b[22m\u001b[2m\u001b[22m\n\u001b[2m      \u001b[2mat beginWork (\u001b[22m\u001b[2mnode_modules/react-dom/cjs/react-dom-client.development.js\u001b[2m:11778:18)\u001b[22m\u001b[2m\u001b[22m\n\u001b[2m      \u001b[2mat runWithFiberInDEV (\u001b[22m\u001b[2mnode_modules/react-dom/cjs/react-dom-client.development.js\u001b[2m:874:13)\u001b[22m\u001b[2m\u001b[22m\n\u001b[2m      \u001b[2mat performUnitOfWork (\u001b[22m\u001b[2mnode_modules/react-dom/cjs/react-dom-client.development.js\u001b[2m:17641:22)\u001b[22m\u001b[2m\u001b[22m\n\u001b[2m      \u001b[2mat workLoopSync (\u001b[22m\u001b[2mnode_modules/react-dom/cjs/react-dom-client.development.js\u001b[2m:17469:41)\u001b[22m\u001b[2m\u001b[22m\n\u001b[2m      \u001b[2mat renderRootSync (\u001b[22m\u001b[2mnode_modules/react-dom/cjs/react-dom-client.development.js\u001b[2m:17450:11)\u001b[22m\u001b[2m\u001b[22m\n\u001b[2m      \u001b[2mat performWorkOnRoot (\u001b[22m\u001b[2mnode_modules/react-dom/cjs/react-dom-client.development.js\u001b[2m:16583:35)\u001b[22m\u001b[2m\u001b[22m\n\u001b[2m      \u001b[2mat performWorkOnRootViaSchedulerTask (\u001b[22m\u001b[2mnode_modules/react-dom/cjs/react-dom-client.development.js\u001b[2m:18957:7)\u001b[22m\u001b[2m\u001b[22m\n\u001b[2m      \u001b[2mat flushActQueue (\u001b[22m\u001b[2mnode_modules/react/cjs/react.development.js\u001b[2m:590:34)\u001b[22m\u001b[2m\u001b[22m\n\u001b[2m      \u001b[2mat Object.<anonymous>.process.env.NODE_ENV.exports.act (\u001b[22m\u001b[2mnode_modules/react/cjs/react.development.js\u001b[2m:884:10)\u001b[22m\u001b[2m\u001b[22m\n\u001b[2m      \u001b[2mat \u001b[22m\u001b[2mnode_modules/@testing-library/react/dist/act-compat.js\u001b[2m:46:25\u001b[22m\u001b[2m\u001b[22m\n\u001b[2m      \u001b[2mat renderRoot (\u001b[22m\u001b[2mnode_modules/@testing-library/react/dist/pure.js\u001b[2m:189:26)\u001b[22m\u001b[2m\u001b[22m\n\u001b[2m      \u001b[2mat render (\u001b[22m\u001b[2mnode_modules/@testing-library/react/dist/pure.js\u001b[2m:291:10)\u001b[22m\u001b[2m\u001b[22m\n\u001b[2m      \u001b[2mat renderHook (\u001b[22m\u001b[2mnode_modules/@testing-library/react/dist/pure.js\u001b[2m:339:7)\u001b[22m\u001b[2m\u001b[22m\n\u001b[2m      \u001b[2mat Object.<anonymous> (\u001b[22m\u001b[2m\u001b[0m\u001b[36msrc/hooks/useGoogleIntegrations.test.js\u001b[39m\u001b[0m\u001b[2m:20:34)\u001b[22m\u001b[2m\u001b[22m\n\n\u001b[1m\u001b[31m  \u001b[1m● \u001b[22m\u001b[1museGoogleIntegrations › connect functions update state and throw unhandled errors safely\u001b[39m\u001b[22m\n\n    TypeError: Cannot read properties of undefined (reading 'find')\n\u001b[2m\u001b[22m\n\u001b[2m    \u001b[0m \u001b[90m 47 |\u001b[39m   }\u001b[33m,\u001b[39m [manualTasks])\u001b[33m;\u001b[39m\u001b[22m\n\u001b[2m     \u001b[90m 48 |\u001b[39m   \u001b[36mconst\u001b[39m googleEnabled \u001b[33m=\u001b[39m \u001b[33mBoolean\u001b[39m(\u001b[33mGOOGLE_CLIENT_ID\u001b[39m)\u001b[33m;\u001b[39m\u001b[22m\n\u001b[2m    \u001b[31m\u001b[1m>\u001b[22m\u001b[2m\u001b[39m\u001b[90m 49 |\u001b[39m   \u001b[36mconst\u001b[39m openTaskColumnId \u001b[33m=\u001b[39m taskColumns\u001b[33m.\u001b[39mfind((column) \u001b[33m=>\u001b[39m \u001b[33m!\u001b[39mcolumn\u001b[33m.\u001b[39misDone)\u001b[33m?\u001b[39m\u001b[33m.\u001b[39mid \u001b[33m||\u001b[39m taskColumns[\u001b[35m0\u001b[39m]\u001b[33m?\u001b[39m\u001b[33m.\u001b[39mid \u001b[33m||\u001b[39m \u001b[32m\"todo\"\u001b[39m\u001b[33m;\u001b[39m\u001b[22m\n\u001b[2m     \u001b[90m    |\u001b[39m                                        \u001b[31m\u001b[1m^\u001b[22m\u001b[2m\u001b[39m\u001b[22m\n\u001b[2m     \u001b[90m 50 |\u001b[39m   \u001b[36mconst\u001b[39m doneTaskColumnId \u001b[33m=\u001b[39m taskColumns\u001b[33m.\u001b[39mfind((column) \u001b[33m=>\u001b[39m column\u001b[33m.\u001b[39misDone)\u001b[33m?\u001b[39m\u001b[33m.\u001b[39mid \u001b[33m||\u001b[39m taskColumns[taskColumns\u001b[33m.\u001b[39mlength \u001b[33m-\u001b[39m \u001b[35m1\u001b[39m]\u001b[33m?\u001b[39m\u001b[33m.\u001b[39mid \u001b[33m||\u001b[39m \u001b[32m\"done\"\u001b[39m\u001b[33m;\u001b[39m\u001b[22m\n\u001b[2m     \u001b[90m 51 |\u001b[39m\u001b[22m\n\u001b[2m     \u001b[90m 52 |\u001b[39m   \u001b[36mfunction\u001b[39m buildGoogleTaskPayloadFromSnapshot(snapshot) {\u001b[0m\u001b[22m\n\u001b[2m\u001b[22m\n\u001b[2m      \u001b[2mat useGoogleIntegrations (\u001b[22m\u001b[2msrc/hooks/useGoogleIntegrations.js\u001b[2m:49:40)\u001b[22m\u001b[2m\u001b[22m\n\u001b[2m      \u001b[2mat \u001b[22m\u001b[2m\u001b[0m\u001b[36msrc/hooks/useGoogleIntegrations.test.js\u001b[39m\u001b[0m\u001b[2m:27:62\u001b[22m\u001b[2m\u001b[22m\n\u001b[2m      \u001b[2mat TestComponent (\u001b[22m\u001b[2mnode_modules/@testing-library/react/dist/pure.js\u001b[2m:330:27)\u001b[22m\u001b[2m\u001b[22m\n\u001b[2m      \u001b[2mat Object.react_stack_bottom_frame (\u001b[22m\u001b[2mnode_modules/react-dom/cjs/react-dom-client.development.js\u001b[2m:25904:20)\u001b[22m\u001b[2m\u001b[22m\n\u001b[2m      \u001b[2mat renderWithHooks (\u001b[22m\u001b[2mnode_modules/react-dom/cjs/react-dom-client.development.js\u001b[2m:7662:22)\u001b[22m\u001b[2m\u001b[22m\n\u001b[2m      \u001b[2mat updateFunctionComponent (\u001b[22m\u001b[2mnode_modules/react-dom/cjs/react-dom-client.development.js\u001b[2m:10166:19)\u001b[22m\u001b[2m\u001b[22m\n\u001b[2m      \u001b[2mat beginWork (\u001b[22m\u001b[2mnode_modules/react-dom/cjs/react-dom-client.development.js\u001b[2m:11778:18)\u001b[22m\u001b[2m\u001b[22m\n\u001b[2m      \u001b[2mat runWithFiberInDEV (\u001b[22m\u001b[2mnode_modules/react-dom/cjs/react-dom-client.development.js\u001b[2m:874:13)\u001b[22m\u001b[2m\u001b[22m\n\u001b[2m      \u001b[2mat performUnitOfWork (\u001b[22m\u001b[2mnode_modules/react-dom/cjs/react-dom-client.development.js\u001b[2m:17641:22)\u001b[22m\u001b[2m\u001b[22m\n\u001b[2m      \u001b[2mat workLoopSync (\u001b[22m\u001b[2mnode_modules/react-dom/cjs/react-dom-client.development.js\u001b[2m:17469:41)\u001b[22m\u001b[2m\u001b[22m\n\u001b[2m      \u001b[2mat renderRootSync (\u001b[22m\u001b[2mnode_modules/react-dom/cjs/react-dom-client.development.js\u001b[2m:17450:11)\u001b[22m\u001b[2m\u001b[22m\n\u001b[2m      \u001b[2mat performWorkOnRoot (\u001b[22m\u001b[2mnode_modules/react-dom/cjs/react-dom-client.development.js\u001b[2m:16583:35)\u001b[22m\u001b[2m\u001b[22m\n\u001b[2m      \u001b[2mat performWorkOnRootViaSchedulerTask (\u001b[22m\u001b[2mnode_modules/react-dom/cjs/react-dom-client.development.js\u001b[2m:18957:7)\u001b[22m\u001b[2m\u001b[22m\n\u001b[2m      \u001b[2mat flushActQueue (\u001b[22m\u001b[2mnode_modules/react/cjs/react.development.js\u001b[2m:590:34)\u001b[22m\u001b[2m\u001b[22m\n\u001b[2m      \u001b[2mat Object.<anonymous>.process.env.NODE_ENV.exports.act (\u001b[22m\u001b[2mnode_modules/react/cjs/react.development.js\u001b[2m:884:10)\u001b[22m\u001b[2m\u001b[22m\n\u001b[2m      \u001b[2mat \u001b[22m\u001b[2mnode_modules/@testing-library/react/dist/act-compat.js\u001b[2m:46:25\u001b[22m\u001b[2m\u001b[22m\n\u001b[2m      \u001b[2mat renderRoot (\u001b[22m\u001b[2mnode_modules/@testing-library/react/dist/pure.js\u001b[2m:189:26)\u001b[22m\u001b[2m\u001b[22m\n\u001b[2m      \u001b[2mat render (\u001b[22m\u001b[2mnode_modules/@testing-library/react/dist/pure.js\u001b[2m:291:10)\u001b[22m\u001b[2m\u001b[22m\n\u001b[2m      \u001b[2mat renderHook (\u001b[22m\u001b[2mnode_modules/@testing-library/react/dist/pure.js\u001b[2m:339:7)\u001b[22m\u001b[2m\u001b[22m\n\u001b[2m      \u001b[2mat Object.<anonymous> (\u001b[22m\u001b[2m\u001b[0m\u001b[36msrc/hooks/useGoogleIntegrations.test.js\u001b[39m\u001b[0m\u001b[2m:27:34)\u001b[22m\u001b[2m\u001b[22m\n\n\u001b[1m\u001b[31m  \u001b[1m● \u001b[22m\u001b[1museGoogleIntegrations › selectTaskList sets ID and refetches\u001b[39m\u001b[22m\n\n    TypeError: Cannot read properties of undefined (reading 'find')\n\u001b[2m\u001b[22m\n\u001b[2m    \u001b[0m \u001b[90m 47 |\u001b[39m   }\u001b[33m,\u001b[39m [manualTasks])\u001b[33m;\u001b[39m\u001b[22m\n\u001b[2m     \u001b[90m 48 |\u001b[39m   \u001b[36mconst\u001b[39m googleEnabled \u001b[33m=\u001b[39m \u001b[33mBoolean\u001b[39m(\u001b[33mGOOGLE_CLIENT_ID\u001b[39m)\u001b[33m;\u001b[39m\u001b[22m\n\u001b[2m    \u001b[31m\u001b[1m>\u001b[22m\u001b[2m\u001b[39m\u001b[90m 49 |\u001b[39m   \u001b[36mconst\u001b[39m openTaskColumnId \u001b[33m=\u001b[39m taskColumns\u001b[33m.\u001b[39mfind((column) \u001b[33m=>\u001b[39m \u001b[33m!\u001b[39mcolumn\u001b[33m.\u001b[39misDone)\u001b[33m?\u001b[39m\u001b[33m.\u001b[39mid \u001b[33m||\u001b[39m taskColumns[\u001b[35m0\u001b[39m]\u001b[33m?\u001b[39m\u001b[33m.\u001b[39mid \u001b[33m||\u001b[39m \u001b[32m\"todo\"\u001b[39m\u001b[33m;\u001b[39m\u001b[22m\n\u001b[2m     \u001b[90m    |\u001b[39m                                        \u001b[31m\u001b[1m^\u001b[22m\u001b[2m\u001b[39m\u001b[22m\n\u001b[2m     \u001b[90m 50 |\u001b[39m   \u001b[36mconst\u001b[39m doneTaskColumnId \u001b[33m=\u001b[39m taskColumns\u001b[33m.\u001b[39mfind((column) \u001b[33m=>\u001b[39m column\u001b[33m.\u001b[39misDone)\u001b[33m?\u001b[39m\u001b[33m.\u001b[39mid \u001b[33m||\u001b[39m taskColumns[taskColumns\u001b[33m.\u001b[39mlength \u001b[33m-\u001b[39m \u001b[35m1\u001b[39m]\u001b[33m?\u001b[39m\u001b[33m.\u001b[39mid \u001b[33m||\u001b[39m \u001b[32m\"done\"\u001b[39m\u001b[33m;\u001b[39m\u001b[22m\n\u001b[2m     \u001b[90m 51 |\u001b[39m\u001b[22m\n\u001b[2m     \u001b[90m 52 |\u001b[39m   \u001b[36mfunction\u001b[39m buildGoogleTaskPayloadFromSnapshot(snapshot) {\u001b[0m\u001b[22m\n\u001b[2m\u001b[22m\n\u001b[2m      \u001b[2mat useGoogleIntegrations (\u001b[22m\u001b[2msrc/hooks/useGoogleIntegrations.js\u001b[2m:49:40)\u001b[22m\u001b[2m\u001b[22m\n\u001b[2m      \u001b[2mat \u001b[22m\u001b[2m\u001b[0m\u001b[36msrc/hooks/useGoogleIntegrations.test.js\u001b[39m\u001b[0m\u001b[2m:47:62\u001b[22m\u001b[2m\u001b[22m\n\u001b[2m      \u001b[2mat TestComponent (\u001b[22m\u001b[2mnode_modules/@testing-library/react/dist/pure.js\u001b[2m:330:27)\u001b[22m\u001b[2m\u001b[22m\n\u001b[2m      \u001b[2mat Object.react_stack_bottom_frame (\u001b[22m\u001b[2mnode_modules/react-dom/cjs/react-dom-client.development.js\u001b[2m:25904:20)\u001b[22m\u001b[2m\u001b[22m\n\u001b[2m      \u001b[2mat renderWithHooks (\u001b[22m\u001b[2mnode_modules/react-dom/cjs/react-dom-client.development.js\u001b[2m:7662:22)\u001b[22m\u001b[2m\u001b[22m\n\u001b[2m      \u001b[2mat updateFunctionComponent (\u001b[22m\u001b[2mnode_modules/react-dom/cjs/react-dom-client.development.js\u001b[2m:10166:19)\u001b[22m\u001b[2m\u001b[22m\n\u001b[2m      \u001b[2mat beginWork (\u001b[22m\u001b[2mnode_modules/react-dom/cjs/react-dom-client.development.js\u001b[2m:11778:18)\u001b[22m\u001b[2m\u001b[22m\n\u001b[2m      \u001b[2mat runWithFiberInDEV (\u001b[22m\u001b[2mnode_modules/react-dom/cjs/react-dom-client.development.js\u001b[2m:874:13)\u001b[22m\u001b[2m\u001b[22m\n\u001b[2m      \u001b[2mat performUnitOfWork (\u001b[22m\u001b[2mnode_modules/react-dom/cjs/react-dom-client.development.js\u001b[2m:17641:22)\u001b[22m\u001b[2m\u001b[22m\n\u001b[2m      \u001b[2mat workLoopSync (\u001b[22m\u001b[2mnode_modules/react-dom/cjs/react-dom-client.development.js\u001b[2m:17469:41)\u001b[22m\u001b[2m\u001b[22m\n\u001b[2m      \u001b[2mat renderRootSync (\u001b[22m\u001b[2mnode_modules/react-dom/cjs/react-dom-client.development.js\u001b[2m:17450:11)\u001b[22m\u001b[2m\u001b[22m\n\u001b[2m      \u001b[2mat performWorkOnRoot (\u001b[22m\u001b[2mnode_modules/react-dom/cjs/react-dom-client.development.js\u001b[2m:16583:35)\u001b[22m\u001b[2m\u001b[22m\n\u001b[2m      \u001b[2mat performWorkOnRootViaSchedulerTask (\u001b[22m\u001b[2mnode_modules/react-dom/cjs/react-dom-client.development.js\u001b[2m:18957:7)\u001b[22m\u001b[2m\u001b[22m\n\u001b[2m      \u001b[2mat flushActQueue (\u001b[22m\u001b[2mnode_modules/react/cjs/react.development.js\u001b[2m:590:34)\u001b[22m\u001b[2m\u001b[22m\n\u001b[2m      \u001b[2mat Object.<anonymous>.process.env.NODE_ENV.exports.act (\u001b[22m\u001b[2mnode_modules/react/cjs/react.development.js\u001b[2m:884:10)\u001b[22m\u001b[2m\u001b[22m\n\u001b[2m      \u001b[2mat \u001b[22m\u001b[2mnode_modules/@testing-library/react/dist/act-compat.js\u001b[2m:46:25\u001b[22m\u001b[2m\u001b[22m\n\u001b[2m      \u001b[2mat renderRoot (\u001b[22m\u001b[2mnode_modules/@testing-library/react/dist/pure.js\u001b[2m:189:26)\u001b[22m\u001b[2m\u001b[22m\n\u001b[2m      \u001b[2mat render (\u001b[22m\u001b[2mnode_modules/@testing-library/react/dist/pure.js\u001b[2m:291:10)\u001b[22m\u001b[2m\u001b[22m\n\u001b[2m      \u001b[2mat renderHook (\u001b[22m\u001b[2mnode_modules/@testing-library/react/dist/pure.js\u001b[2m:339:7)\u001b[22m\u001b[2m\u001b[22m\n\u001b[2m      \u001b[2mat Object.<anonymous> (\u001b[22m\u001b[2m\u001b[0m\u001b[36msrc/hooks/useGoogleIntegrations.test.js\u001b[39m\u001b[0m\u001b[2m:47:34)\u001b[22m\u001b[2m\u001b[22m\n\n\u001b[1m\u001b[31m  \u001b[1m● \u001b[22m\u001b[1museGoogleIntegrations › resolveTaskConflict updates tasks array\u001b[39m\u001b[22m\n\n    TypeError: Cannot read properties of undefined (reading 'find')\n\u001b[2m\u001b[22m\n\u001b[2m    \u001b[0m \u001b[90m 47 |\u001b[39m   }\u001b[33m,\u001b[39m [manualTasks])\u001b[33m;\u001b[39m\u001b[22m\n\u001b[2m     \u001b[90m 48 |\u001b[39m   \u001b[36mconst\u001b[39m googleEnabled \u001b[33m=\u001b[39m \u001b[33mBoolean\u001b[39m(\u001b[33mGOOGLE_CLIENT_ID\u001b[39m)\u001b[33m;\u001b[39m\u001b[22m\n\u001b[2m    \u001b[31m\u001b[1m>\u001b[22m\u001b[2m\u001b[39m\u001b[90m 49 |\u001b[39m   \u001b[36mconst\u001b[39m openTaskColumnId \u001b[33m=\u001b[39m taskColumns\u001b[33m.\u001b[39mfind((column) \u001b[33m=>\u001b[39m \u001b[33m!\u001b[39mcolumn\u001b[33m.\u001b[39misDone)\u001b[33m?\u001b[39m\u001b[33m.\u001b[39mid \u001b[33m||\u001b[39m taskColumns[\u001b[35m0\u001b[39m]\u001b[33m?\u001b[39m\u001b[33m.\u001b[39mid \u001b[33m||\u001b[39m \u001b[32m\"todo\"\u001b[39m\u001b[33m;\u001b[39m\u001b[22m\n\u001b[2m     \u001b[90m    |\u001b[39m                                        \u001b[31m\u001b[1m^\u001b[22m\u001b[2m\u001b[39m\u001b[22m\n\u001b[2m     \u001b[90m 50 |\u001b[39m   \u001b[36mconst\u001b[39m doneTaskColumnId \u001b[33m=\u001b[39m taskColumns\u001b[33m.\u001b[39mfind((column) \u001b[33m=>\u001b[39m column\u001b[33m.\u001b[39misDone)\u001b[33m?\u001b[39m\u001b[33m.\u001b[39mid \u001b[33m||\u001b[39m taskColumns[taskColumns\u001b[33m.\u001b[39mlength \u001b[33m-\u001b[39m \u001b[35m1\u001b[39m]\u001b[33m?\u001b[39m\u001b[33m.\u001b[39mid \u001b[33m||\u001b[39m \u001b[32m\"done\"\u001b[39m\u001b[33m;\u001b[39m\u001b[22m\n\u001b[2m     \u001b[90m 51 |\u001b[39m\u001b[22m\n\u001b[2m     \u001b[90m 52 |\u001b[39m   \u001b[36mfunction\u001b[39m buildGoogleTaskPayloadFromSnapshot(snapshot) {\u001b[0m\u001b[22m\n\u001b[2m\u001b[22m\n\u001b[2m      \u001b[2mat useGoogleIntegrations (\u001b[22m\u001b[2msrc/hooks/useGoogleIntegrations.js\u001b[2m:49:40)\u001b[22m\u001b[2m\u001b[22m\n\u001b[2m      \u001b[2mat \u001b[22m\u001b[2m\u001b[0m\u001b[36msrc/hooks/useGoogleIntegrations.test.js\u001b[39m\u001b[0m\u001b[2m:61:62\u001b[22m\u001b[2m\u001b[22m\n\u001b[2m      \u001b[2mat TestComponent (\u001b[22m\u001b[2mnode_modules/@testing-library/react/dist/pure.js\u001b[2m:330:27)\u001b[22m\u001b[2m\u001b[22m\n\u001b[2m      \u001b[2mat Object.react_stack_bottom_frame (\u001b[22m\u001b[2mnode_modules/react-dom/cjs/react-dom-client.development.js\u001b[2m:25904:20)\u001b[22m\u001b[2m\u001b[22m\n\u001b[2m      \u001b[2mat renderWithHooks (\u001b[22m\u001b[2mnode_modules/react-dom/cjs/react-dom-client.development.js\u001b[2m:7662:22)\u001b[22m\u001b[2m\u001b[22m\n\u001b[2m      \u001b[2mat updateFunctionComponent (\u001b[22m\u001b[2mnode_modules/react-dom/cjs/react-dom-client.development.js\u001b[2m:10166:19)\u001b[22m\u001b[2m\u001b[22m\n\u001b[2m      \u001b[2mat beginWork (\u001b[22m\u001b[2mnode_modules/react-dom/cjs/react-dom-client.development.js\u001b[2m:11778:18)\u001b[22m\u001b[2m\u001b[22m\n\u001b[2m      \u001b[2mat runWithFiberInDEV (\u001b[22m\u001b[2mnode_modules/react-dom/cjs/react-dom-client.development.js\u001b[2m:874:13)\u001b[22m\u001b[2m\u001b[22m\n\u001b[2m      \u001b[2mat performUnitOfWork (\u001b[22m\u001b[2mnode_modules/react-dom/cjs/react-dom-client.development.js\u001b[2m:17641:22)\u001b[22m\u001b[2m\u001b[22m\n\u001b[2m      \u001b[2mat workLoopSync (\u001b[22m\u001b[2mnode_modules/react-dom/cjs/react-dom-client.development.js\u001b[2m:17469:41)\u001b[22m\u001b[2m\u001b[22m\n\u001b[2m      \u001b[2mat renderRootSync (\u001b[22m\u001b[2mnode_modules/react-dom/cjs/react-dom-client.development.js\u001b[2m:17450:11)\u001b[22m\u001b[2m\u001b[22m\n\u001b[2m      \u001b[2mat performWorkOnRoot (\u001b[22m\u001b[2mnode_modules/react-dom/cjs/react-dom-client.development.js\u001b[2m:16583:35)\u001b[22m\u001b[2m\u001b[22m\n\u001b[2m      \u001b[2mat performWorkOnRootViaSchedulerTask (\u001b[22m\u001b[2mnode_modules/react-dom/cjs/react-dom-client.development.js\u001b[2m:18957:7)\u001b[22m\u001b[2m\u001b[22m\n\u001b[2m      \u001b[2mat flushActQueue (\u001b[22m\u001b[2mnode_modules/react/cjs/react.development.js\u001b[2m:590:34)\u001b[22m\u001b[2m\u001b[22m\n\u001b[2m      \u001b[2mat Object.<anonymous>.process.env.NODE_ENV.exports.act (\u001b[22m\u001b[2mnode_modules/react/cjs/react.development.js\u001b[2m:884:10)\u001b[22m\u001b[2m\u001b[22m\n\u001b[2m      \u001b[2mat \u001b[22m\u001b[2mnode_modules/@testing-library/react/dist/act-compat.js\u001b[2m:46:25\u001b[22m\u001b[2m\u001b[22m\n\u001b[2m      \u001b[2mat renderRoot (\u001b[22m\u001b[2mnode_modules/@testing-library/react/dist/pure.js\u001b[2m:189:26)\u001b[22m\u001b[2m\u001b[22m\n\u001b[2m      \u001b[2mat render (\u001b[22m\u001b[2mnode_modules/@testing-library/react/dist/pure.js\u001b[2m:291:10)\u001b[22m\u001b[2m\u001b[22m\n\u001b[2m      \u001b[2mat renderHook (\u001b[22m\u001b[2mnode_modules/@testing-library/react/dist/pure.js\u001b[2m:339:7)\u001b[22m\u001b[2m\u001b[22m\n\u001b[2m      \u001b[2mat Object.<anonymous> (\u001b[22m\u001b[2m\u001b[0m\u001b[36msrc/hooks/useGoogleIntegrations.test.js\u001b[39m\u001b[0m\u001b[2m:61:34)\u001b[22m\u001b[2m\u001b[22m\n","name":"C:\\Users\\user\\new\\audioRecorder\\src\\hooks\\useGoogleIntegrations.test.js","startTime":1773920162991,"status":"failed","summary":""}],"wasInterrupted":false}